<?xml version="1.0" encoding="UTF-8"?>
<testsuite xmlns:xsi="http://www.w3.org/2001/XMLSchema-instance" xsi:noNamespaceSchemaLocation="https://maven.apache.org/surefire/maven-failsafe-plugin/xsd/failsafe-test-report-3.0.xsd" version="3.0" name="Navigate to Holiday List on LMS, validate the count of Public Holidays and generate report" time="35.316" tests="1" errors="0" skipped="0" failures="0">
  <properties>
[...]
</properties>
  <testcase name="User is able to validate the count of Public Holidays on LMS and generate report" classname="Navigate to Holiday List on LMS, validate the count of Public Holidays and generate report" time="35.316">
    <system-out><![CDATA[
@LMSHolidayList
Scenario: User is able to validate the count of Public Holidays on LMS and generate report # src/test/resources/Features/TC002_LMSHolidayList.feature:13
browser value is: edge
[DEBUG] Resolution edge=110 in cache (valid until 02:59:46 21/02/2023 IST)
[DEBUG] Resolution edge110=110.0.1587.50 in cache (valid until 16:23:10 21/02/2023 IST)
[INFO] Using msedgedriver 110.0.1587.50 (resolved driver for Edge 110)
[DEBUG] Driver msedgedriver 110.0.1587.50 found in cache
[INFO] Exporting webdriver.edge.driver as C:\Users\Aparna.Venugopal\.cache\selenium\msedgedriver\win64\110.0.1587.50\msedgedriver.exe
[DEBUG] Using SLF4J as the default logging framework
[DEBUG] -Dio.netty.leakDetection.level: simple
[DEBUG] -Dio.netty.leakDetection.targetRecords: 4
[DEBUG] Loaded default ResourceLeakDetector: io.netty.util.ResourceLeakDetector@7574d1c5
[DEBUG] -Dio.netty.noUnsafe: false
[DEBUG] Java version: 17
[DEBUG] sun.misc.Unsafe.theUnsafe: available
[DEBUG] sun.misc.Unsafe.copyMemory: available
[DEBUG] sun.misc.Unsafe.storeFence: available
[DEBUG] java.nio.Buffer.address: available
[DEBUG] direct buffer constructor: unavailable: Reflective setAccessible(true) disabled
[DEBUG] java.nio.Bits.unaligned: available, true
[DEBUG] jdk.internal.misc.Unsafe.allocateUninitializedArray(int): unavailable: class io.netty.util.internal.PlatformDependent0$7 cannot access class jdk.internal.misc.Unsafe (in module java.base) because module java.base does not export jdk.internal.misc to unnamed module @32709393
[DEBUG] java.nio.DirectByteBuffer.<init>(long, int): unavailable
[DEBUG] sun.misc.Unsafe: available
[DEBUG] maxDirectMemory: 4255121408 bytes (maybe)
[DEBUG] -Dio.netty.tmpdir: C:\Users\APARNA~1.VEN\AppData\Local\Temp (java.io.tmpdir)
[DEBUG] -Dio.netty.bitMode: 64 (sun.arch.data.model)
[DEBUG] Platform: Windows
[DEBUG] -Dio.netty.maxDirectMemory: -1 bytes
[DEBUG] -Dio.netty.uninitializedArrayAllocationThreshold: -1
[DEBUG] java.nio.ByteBuffer.cleaner(): available
[DEBUG] -Dio.netty.noPreferDirect: false
[DEBUG] org.jctools-core.MpscChunkedArrayQueue: available
[DEBUG] -Dio.netty.threadLocalMap.stringBuilder.initialSize: 1024
[DEBUG] -Dio.netty.threadLocalMap.stringBuilder.maxSize: 4096
[DEBUG] Default protocols (JDK): [TLSv1.3, TLSv1.2] 
[DEBUG] Default cipher suites (JDK): [TLS_ECDHE_ECDSA_WITH_AES_256_GCM_SHA384, TLS_ECDHE_ECDSA_WITH_AES_128_GCM_SHA256, TLS_ECDHE_RSA_WITH_AES_128_GCM_SHA256, TLS_ECDHE_RSA_WITH_AES_256_GCM_SHA384, TLS_ECDHE_RSA_WITH_AES_128_CBC_SHA, TLS_ECDHE_RSA_WITH_AES_256_CBC_SHA, TLS_RSA_WITH_AES_128_GCM_SHA256, TLS_RSA_WITH_AES_128_CBC_SHA, TLS_RSA_WITH_AES_256_CBC_SHA, TLS_AES_128_GCM_SHA256, TLS_AES_256_GCM_SHA384]
[DEBUG] -Dio.netty.eventLoopThreads: 16
[DEBUG] -Dio.netty.noKeySetOptimization: false
[DEBUG] -Dio.netty.selectorAutoRebuildThreshold: 512
[DEBUG] -Dio.netty.allocator.numHeapArenas: 16
[DEBUG] -Dio.netty.allocator.numDirectArenas: 16
[DEBUG] -Dio.netty.allocator.pageSize: 8192
[DEBUG] -Dio.netty.allocator.maxOrder: 9
[DEBUG] -Dio.netty.allocator.chunkSize: 4194304
[DEBUG] -Dio.netty.allocator.smallCacheSize: 256
[DEBUG] -Dio.netty.allocator.normalCacheSize: 64
[DEBUG] -Dio.netty.allocator.maxCachedBufferCapacity: 32768
[DEBUG] -Dio.netty.allocator.cacheTrimInterval: 8192
[DEBUG] -Dio.netty.allocator.cacheTrimIntervalMillis: 0
[DEBUG] -Dio.netty.allocator.useCacheForAllThreads: false
[DEBUG] -Dio.netty.allocator.maxCachedByteBuffersPerChunk: 1023
[DEBUG] -Dio.netty.allocator.type: pooled
[DEBUG] -Dio.netty.threadLocalDirectBufferSize: 0
[DEBUG] -Dio.netty.maxThreadLocalCharBufferSize: 16384
[DEBUG] -Dio.netty.processId: 29100 (auto-detected)
[DEBUG] -Djava.net.preferIPv4Stack: false
[DEBUG] -Djava.net.preferIPv6Addresses: false
[DEBUG] Loopback interface: lo (Software Loopback Interface 1, 127.0.0.1)
[DEBUG] Failed to get SOMAXCONN from sysctl and file \proc\sys\net\core\somaxconn. Default: 200
[DEBUG] -Dio.netty.machineId: d4:d2:52:ff:fe:ea:cb:80 (auto-detected)
[DEBUG] -Dio.netty.buffer.checkAccessible: true
[DEBUG] -Dio.netty.buffer.checkBounds: true
[DEBUG] Loaded default ResourceLeakDetector: io.netty.util.ResourceLeakDetector@53dacdfb
[DEBUG] Using new Channel '[id: 0xd1d86906, L:/127.0.0.1:54062 - R:localhost/127.0.0.1:44090]' for 'POST' to '/session'
[DEBUG] -Dio.netty.recycler.maxCapacityPerThread: 4096
[DEBUG] -Dio.netty.recycler.ratio: 8
[DEBUG] -Dio.netty.recycler.chunkSize: 32
[DEBUG] -Dio.netty.recycler.blocking: false
[DEBUG] brotli4j not in the classpath; Brotli support will be unavailable.
[DEBUG] 

Request DefaultHttpRequest(decodeResult: success, version: HTTP/1.1)
POST /session HTTP/1.1
User-Agent: selenium/4.6.0 (java windows)
Content-Length: 371
Content-Type: application/json; charset=utf-8
host: localhost:44090
accept: */*

Response DefaultHttpResponse(decodeResult: success, version: HTTP/1.1)
HTTP/1.1 200 OK
Content-Type: application/json; charset=utf-8
cache-control: no-cache
content-length: 761

[DEBUG] Adding key: http://localhost:44090 for channel [id: 0xd1d86906, L:/127.0.0.1:54062 - R:localhost/127.0.0.1:44090]
[DEBUG] Using new Channel '[id: 0x45863199, L:/127.0.0.1:54079 - R:localhost/127.0.0.1:54065]' for 'GET' to '/json/version'
[DEBUG] 

Request DefaultFullHttpRequest(decodeResult: success, version: HTTP/1.1, content: EmptyByteBufBE)
GET /json/version HTTP/1.1
User-Agent: selenium/4.6.0 (java windows)
host: localhost:54065
accept: */*

Response DefaultHttpResponse(decodeResult: success, version: HTTP/1.1)
HTTP/1.1 200 OK
Content-Security-Policy: frame-ancestors 'none'
Content-Type: application/json; charset=UTF-8
content-length: 436

[DEBUG] Adding key: http://localhost:54065 for channel [id: 0x45863199, L:/127.0.0.1:54079 - R:localhost/127.0.0.1:54065]
[DEBUG] -Dio.netty.initialSeedUniquifier: 0x454d89da1f2c0b07
[DEBUG] Using new Channel '[id: 0x6e8dac32, L:/127.0.0.1:54080 - R:localhost/127.0.0.1:54065]' for 'GET' to '/devtools/browser/c726fdb7-33dd-4012-bcea-81abe633cf37'
[DEBUG] 

Request DefaultFullHttpRequest(decodeResult: success, version: HTTP/1.1, content: EmptyByteBufBE)
GET /devtools/browser/c726fdb7-33dd-4012-bcea-81abe633cf37 HTTP/1.1
upgrade: websocket
connection: upgrade
sec-websocket-key: BzyOMfxen8rhghqTFJGnIg==
sec-websocket-version: 13
origin: http://localhost:54065
host: localhost:54065
accept: */*
user-agent: AHC/2.1

Response DefaultHttpResponse(decodeResult: success, version: HTTP/1.1)
HTTP/1.1 101 WebSocket Protocol Handshake
Upgrade: WebSocket
Connection: Upgrade
Sec-WebSocket-Accept: PNgkBksUZYuL1vTwA85wez+elOk=

[DEBUG] Using pooled Channel '[id: 0xd1d86906, L:/127.0.0.1:54062 - R:localhost/127.0.0.1:44090]' for 'POST' to 'http://localhost:44090/session/67c054285278ccd4a59a3c8625af4372/window/maximize'
[DEBUG] Using open Channel [id: 0xd1d86906, L:/127.0.0.1:54062 - R:localhost/127.0.0.1:44090] for POST '/session/67c054285278ccd4a59a3c8625af4372/window/maximize'
[DEBUG] 

Request DefaultHttpRequest(decodeResult: success, version: HTTP/1.1)
POST /session/67c054285278ccd4a59a3c8625af4372/window/maximize HTTP/1.1
User-Agent: selenium/4.6.0 (java windows)
Content-Length: 3
Content-Type: application/json; charset=utf-8
host: localhost:44090
accept: */*

Response DefaultHttpResponse(decodeResult: success, version: HTTP/1.1)
HTTP/1.1 200 OK
Content-Type: application/json; charset=utf-8
cache-control: no-cache
content-length: 51

[DEBUG] Adding key: http://localhost:44090 for channel [id: 0xd1d86906, L:/127.0.0.1:54062 - R:localhost/127.0.0.1:44090]
[DEBUG] Entry count for : http://localhost:54065 : 1
[DEBUG] Entry count for : http://localhost:44090 : 1
[DEBUG] Using pooled Channel '[id: 0xd1d86906, L:/127.0.0.1:54062 - R:localhost/127.0.0.1:44090]' for 'POST' to 'http://localhost:44090/session/67c054285278ccd4a59a3c8625af4372/url'
[DEBUG] Using open Channel [id: 0xd1d86906, L:/127.0.0.1:54062 - R:localhost/127.0.0.1:44090] for POST '/session/67c054285278ccd4a59a3c8625af4372/url'
[DEBUG] Entry count for : http://localhost:54065 : 1
[DEBUG] Entry count for : http://localhost:54081 : 1
[DEBUG] Entry count for : http://localhost:54065 : 1
[DEBUG] Entry count for : http://localhost:54081 : 1
[DEBUG] Entry count for : http://localhost:54065 : 1
[DEBUG] Entry count for : http://localhost:54081 : 1
[DEBUG] Entry count for : http://localhost:54065 : 1
[DEBUG] Entry count for : http://localhost:54081 : 1
[DEBUG] Entry count for : http://localhost:54065 : 1
[DEBUG] Entry count for : http://localhost:54081 : 1
[DEBUG] Entry count for : http://localhost:54065 : 1
[DEBUG] Entry count for : http://localhost:54081 : 1
[DEBUG] Entry count for : http://localhost:54065 : 1
[DEBUG] Entry count for : http://localhost:54081 : 1
[DEBUG] Entry count for : http://localhost:54065 : 1
[DEBUG] Entry count for : http://localhost:54081 : 1
[DEBUG] Entry count for : http://localhost:54065 : 1
[DEBUG] Entry count for : http://localhost:54081 : 1
[DEBUG] Entry count for : http://localhost:54065 : 1
[DEBUG] Entry count for : http://localhost:54081 : 1
[DEBUG] Entry count for : http://localhost:54065 : 1
[DEBUG] Entry count for : http://localhost:54081 : 1
[DEBUG] Entry count for : http://localhost:54065 : 1
[DEBUG] Entry count for : http://localhost:54081 : 1
[DEBUG] Entry count for : http://localhost:54065 : 1
[DEBUG] 

Request DefaultHttpRequest(decodeResult: success, version: HTTP/1.1)
POST /session/67c054285278ccd4a59a3c8625af4372/url HTTP/1.1
User-Agent: selenium/4.6.0 (java windows)
Content-Length: 49
Content-Type: application/json; charset=utf-8
host: localhost:44090
accept: */*

Response DefaultHttpResponse(decodeResult: success, version: HTTP/1.1)
HTTP/1.1 200 OK
Content-Type: application/json; charset=utf-8
cache-control: no-cache
content-length: 14

[DEBUG] Adding key: http://localhost:44090 for channel [id: 0xd1d86906, L:/127.0.0.1:54062 - R:localhost/127.0.0.1:44090]
  Given user is already on the LMS homepage                                                # com.lms.stepdefinition.LMSHolidayListSteps.user_is_already_on_the_lms_homepage(io.cucumber.datatable.DataTable)
    | url                 |
    | https://lms.ey.net/ |
[DEBUG] Using pooled Channel '[id: 0xd1d86906, L:/127.0.0.1:54062 - R:localhost/127.0.0.1:44090]' for 'POST' to 'http://localhost:44090/session/67c054285278ccd4a59a3c8625af4372/element'
[DEBUG] Using open Channel [id: 0xd1d86906, L:/127.0.0.1:54062 - R:localhost/127.0.0.1:44090] for POST '/session/67c054285278ccd4a59a3c8625af4372/element'
[DEBUG] 

Request DefaultHttpRequest(decodeResult: success, version: HTTP/1.1)
POST /session/67c054285278ccd4a59a3c8625af4372/element HTTP/1.1
User-Agent: selenium/4.6.0 (java windows)
Content-Length: 87
Content-Type: application/json; charset=utf-8
host: localhost:44090
accept: */*

Response DefaultHttpResponse(decodeResult: success, version: HTTP/1.1)
HTTP/1.1 200 OK
Content-Type: application/json; charset=utf-8
cache-control: no-cache
content-length: 88

[DEBUG] Adding key: http://localhost:44090 for channel [id: 0xd1d86906, L:/127.0.0.1:54062 - R:localhost/127.0.0.1:44090]
[DEBUG] Using pooled Channel '[id: 0xd1d86906, L:/127.0.0.1:54062 - R:localhost/127.0.0.1:44090]' for 'POST' to 'http://localhost:44090/session/67c054285278ccd4a59a3c8625af4372/element/bd304b57-e8c5-48f4-ac24-78bfeee86400/click'
[DEBUG] Using open Channel [id: 0xd1d86906, L:/127.0.0.1:54062 - R:localhost/127.0.0.1:44090] for POST '/session/67c054285278ccd4a59a3c8625af4372/element/bd304b57-e8c5-48f4-ac24-78bfeee86400/click'
[DEBUG] 

Request DefaultHttpRequest(decodeResult: success, version: HTTP/1.1)
POST /session/67c054285278ccd4a59a3c8625af4372/element/bd304b57-e8c5-48f4-ac24-78bfeee86400/click HTTP/1.1
User-Agent: selenium/4.6.0 (java windows)
Content-Length: 50
Content-Type: application/json; charset=utf-8
host: localhost:44090
accept: */*

Response DefaultHttpResponse(decodeResult: success, version: HTTP/1.1)
HTTP/1.1 200 OK
Content-Type: application/json; charset=utf-8
cache-control: no-cache
content-length: 14

[DEBUG] Adding key: http://localhost:44090 for channel [id: 0xd1d86906, L:/127.0.0.1:54062 - R:localhost/127.0.0.1:44090]
  Given user clicks on Holidays link on the page                                           # com.lms.stepdefinition.LMSHolidayListSteps.user_clicks_on_holidays_link_on_the_page()
[DEBUG] Entry count for : http://localhost:54081 : 1
[DEBUG] Entry count for : http://localhost:54065 : 1
[DEBUG] Entry count for : http://localhost:44090 : 1
[DEBUG] Entry count for : http://localhost:54081 : 1
[DEBUG] Entry count for : http://localhost:54065 : 1
[DEBUG] Entry count for : http://localhost:1715 : 1
[DEBUG] Entry count for : http://localhost:44090 : 1
[DEBUG] Adding Candidate expired Channel [id: 0x754c72f7, L:/127.0.0.1:54097 ! R:localhost/127.0.0.1:54081] isIdleTimeoutExpired=false isRemotelyClosed=true isTtlExpired=false
[DEBUG] Closing Idle Channel [id: 0x754c72f7, L:/127.0.0.1:54097 ! R:localhost/127.0.0.1:54081]
[DEBUG] Closed 1 connections out of 4 in 1 ms
[DEBUG] Entry count for : http://localhost:54065 : 1
[DEBUG] Entry count for : http://localhost:1715 : 1
[DEBUG] Entry count for : http://localhost:44090 : 1
[DEBUG] Adding Candidate expired Channel [id: 0xa4b92c7f, L:/127.0.0.1:54077 ! R:localhost/127.0.0.1:1715] isIdleTimeoutExpired=false isRemotelyClosed=true isTtlExpired=false
[DEBUG] Closing Idle Channel [id: 0xa4b92c7f, L:/127.0.0.1:54077 ! R:localhost/127.0.0.1:1715]
[DEBUG] Closed 1 connections out of 3 in 0 ms
[DEBUG] Entry count for : http://localhost:54065 : 1
[DEBUG] Entry count for : http://localhost:44090 : 1
[DEBUG] Entry count for : http://localhost:54065 : 1
[DEBUG] Entry count for : http://localhost:44090 : 1
[DEBUG] Using pooled Channel '[id: 0xd1d86906, L:/127.0.0.1:54062 - R:localhost/127.0.0.1:44090]' for 'POST' to 'http://localhost:44090/session/67c054285278ccd4a59a3c8625af4372/element'
[DEBUG] Using open Channel [id: 0xd1d86906, L:/127.0.0.1:54062 - R:localhost/127.0.0.1:44090] for POST '/session/67c054285278ccd4a59a3c8625af4372/element'
[DEBUG] 

Request DefaultHttpRequest(decodeResult: success, version: HTTP/1.1)
POST /session/67c054285278ccd4a59a3c8625af4372/element HTTP/1.1
User-Agent: selenium/4.6.0 (java windows)
Content-Length: 102
Content-Type: application/json; charset=utf-8
host: localhost:44090
accept: */*

Response DefaultHttpResponse(decodeResult: success, version: HTTP/1.1)
HTTP/1.1 200 OK
Content-Type: application/json; charset=utf-8
cache-control: no-cache
content-length: 88

[DEBUG] Adding key: http://localhost:44090 for channel [id: 0xd1d86906, L:/127.0.0.1:54062 - R:localhost/127.0.0.1:44090]
[DEBUG] Using pooled Channel '[id: 0xd1d86906, L:/127.0.0.1:54062 - R:localhost/127.0.0.1:44090]' for 'GET' to 'http://localhost:44090/session/67c054285278ccd4a59a3c8625af4372/element/c4f09df3-7efe-43d0-9e25-123999da58b3/text'
[DEBUG] Using open Channel [id: 0xd1d86906, L:/127.0.0.1:54062 - R:localhost/127.0.0.1:44090] for GET '/session/67c054285278ccd4a59a3c8625af4372/element/c4f09df3-7efe-43d0-9e25-123999da58b3/text'
[DEBUG] 

Request DefaultFullHttpRequest(decodeResult: success, version: HTTP/1.1, content: EmptyByteBufBE)
GET /session/67c054285278ccd4a59a3c8625af4372/element/c4f09df3-7efe-43d0-9e25-123999da58b3/text HTTP/1.1
User-Agent: selenium/4.6.0 (java windows)
Cache-Control: no-cache
Content-Type: application/json; charset=utf-8
host: localhost:44090
accept: */*

Response DefaultHttpResponse(decodeResult: success, version: HTTP/1.1)
HTTP/1.1 200 OK
Content-Type: application/json; charset=utf-8
cache-control: no-cache
content-length: 31

[DEBUG] Adding key: http://localhost:44090 for channel [id: 0xd1d86906, L:/127.0.0.1:54062 - R:localhost/127.0.0.1:44090]
  Then office holiday list window is displayed                                             # com.lms.stepdefinition.LMSHolidayListSteps.office_holiday_list_window_is_displayed()
[DEBUG] Using pooled Channel '[id: 0xd1d86906, L:/127.0.0.1:54062 - R:localhost/127.0.0.1:44090]' for 'POST' to 'http://localhost:44090/session/67c054285278ccd4a59a3c8625af4372/elements'
[DEBUG] Using open Channel [id: 0xd1d86906, L:/127.0.0.1:54062 - R:localhost/127.0.0.1:44090] for POST '/session/67c054285278ccd4a59a3c8625af4372/elements'
[DEBUG] 

Request DefaultHttpRequest(decodeResult: success, version: HTTP/1.1)
POST /session/67c054285278ccd4a59a3c8625af4372/elements HTTP/1.1
User-Agent: selenium/4.6.0 (java windows)
Content-Length: 114
Content-Type: application/json; charset=utf-8
host: localhost:44090
accept: */*

Response DefaultHttpResponse(decodeResult: success, version: HTTP/1.1)
HTTP/1.1 200 OK
Content-Type: application/json; charset=utf-8
cache-control: no-cache
content-length: 3092

[DEBUG] Adding key: http://localhost:44090 for channel [id: 0xd1d86906, L:/127.0.0.1:54062 - R:localhost/127.0.0.1:44090]
[DEBUG] Using pooled Channel '[id: 0xd1d86906, L:/127.0.0.1:54062 - R:localhost/127.0.0.1:44090]' for 'POST' to 'http://localhost:44090/session/67c054285278ccd4a59a3c8625af4372/elements'
[DEBUG] Using open Channel [id: 0xd1d86906, L:/127.0.0.1:54062 - R:localhost/127.0.0.1:44090] for POST '/session/67c054285278ccd4a59a3c8625af4372/elements'
[DEBUG] 

Request DefaultHttpRequest(decodeResult: success, version: HTTP/1.1)
POST /session/67c054285278ccd4a59a3c8625af4372/elements HTTP/1.1
User-Agent: selenium/4.6.0 (java windows)
Content-Length: 125
Content-Type: application/json; charset=utf-8
host: localhost:44090
accept: */*

Response DefaultHttpResponse(decodeResult: success, version: HTTP/1.1)
HTTP/1.1 200 OK
Content-Type: application/json; charset=utf-8
cache-control: no-cache
content-length: 327

[DEBUG] Adding key: http://localhost:44090 for channel [id: 0xd1d86906, L:/127.0.0.1:54062 - R:localhost/127.0.0.1:44090]
[DEBUG] Using pooled Channel '[id: 0xd1d86906, L:/127.0.0.1:54062 - R:localhost/127.0.0.1:44090]' for 'POST' to 'http://localhost:44090/session/67c054285278ccd4a59a3c8625af4372/element'
[DEBUG] Using open Channel [id: 0xd1d86906, L:/127.0.0.1:54062 - R:localhost/127.0.0.1:44090] for POST '/session/67c054285278ccd4a59a3c8625af4372/element'
[DEBUG] 

Request DefaultHttpRequest(decodeResult: success, version: HTTP/1.1)
POST /session/67c054285278ccd4a59a3c8625af4372/element HTTP/1.1
User-Agent: selenium/4.6.0 (java windows)
Content-Length: 128
Content-Type: application/json; charset=utf-8
host: localhost:44090
accept: */*

Response DefaultHttpResponse(decodeResult: success, version: HTTP/1.1)
HTTP/1.1 200 OK
Content-Type: application/json; charset=utf-8
cache-control: no-cache
content-length: 88

[DEBUG] Adding key: http://localhost:44090 for channel [id: 0xd1d86906, L:/127.0.0.1:54062 - R:localhost/127.0.0.1:44090]
[DEBUG] Using pooled Channel '[id: 0xd1d86906, L:/127.0.0.1:54062 - R:localhost/127.0.0.1:44090]' for 'GET' to 'http://localhost:44090/session/67c054285278ccd4a59a3c8625af4372/element/85071238-d0e6-4212-86da-48ba153fa3c5/text'
[DEBUG] Using open Channel [id: 0xd1d86906, L:/127.0.0.1:54062 - R:localhost/127.0.0.1:44090] for GET '/session/67c054285278ccd4a59a3c8625af4372/element/85071238-d0e6-4212-86da-48ba153fa3c5/text'
[DEBUG] 

Request DefaultFullHttpRequest(decodeResult: success, version: HTTP/1.1, content: EmptyByteBufBE)
GET /session/67c054285278ccd4a59a3c8625af4372/element/85071238-d0e6-4212-86da-48ba153fa3c5/text HTTP/1.1
User-Agent: selenium/4.6.0 (java windows)
Cache-Control: no-cache
Content-Type: application/json; charset=utf-8
host: localhost:44090
accept: */*

Response DefaultHttpResponse(decodeResult: success, version: HTTP/1.1)
HTTP/1.1 200 OK
Content-Type: application/json; charset=utf-8
cache-control: no-cache
content-length: 23

[DEBUG] Adding key: http://localhost:44090 for channel [id: 0xd1d86906, L:/127.0.0.1:54062 - R:localhost/127.0.0.1:44090]
[DEBUG] Using pooled Channel '[id: 0xd1d86906, L:/127.0.0.1:54062 - R:localhost/127.0.0.1:44090]' for 'POST' to 'http://localhost:44090/session/67c054285278ccd4a59a3c8625af4372/element'
[DEBUG] Using open Channel [id: 0xd1d86906, L:/127.0.0.1:54062 - R:localhost/127.0.0.1:44090] for POST '/session/67c054285278ccd4a59a3c8625af4372/element'
[DEBUG] 

Request DefaultHttpRequest(decodeResult: success, version: HTTP/1.1)
POST /session/67c054285278ccd4a59a3c8625af4372/element HTTP/1.1
User-Agent: selenium/4.6.0 (java windows)
Content-Length: 128
Content-Type: application/json; charset=utf-8
host: localhost:44090
accept: */*

Response DefaultHttpResponse(decodeResult: success, version: HTTP/1.1)
HTTP/1.1 200 OK
Content-Type: application/json; charset=utf-8
cache-control: no-cache
content-length: 88

[DEBUG] Adding key: http://localhost:44090 for channel [id: 0xd1d86906, L:/127.0.0.1:54062 - R:localhost/127.0.0.1:44090]
[DEBUG] Using pooled Channel '[id: 0xd1d86906, L:/127.0.0.1:54062 - R:localhost/127.0.0.1:44090]' for 'GET' to 'http://localhost:44090/session/67c054285278ccd4a59a3c8625af4372/element/62cd04df-accc-4260-836e-67d79837666f/text'
[DEBUG] Using open Channel [id: 0xd1d86906, L:/127.0.0.1:54062 - R:localhost/127.0.0.1:44090] for GET '/session/67c054285278ccd4a59a3c8625af4372/element/62cd04df-accc-4260-836e-67d79837666f/text'
[DEBUG] 

Request DefaultFullHttpRequest(decodeResult: success, version: HTTP/1.1, content: EmptyByteBufBE)
GET /session/67c054285278ccd4a59a3c8625af4372/element/62cd04df-accc-4260-836e-67d79837666f/text HTTP/1.1
User-Agent: selenium/4.6.0 (java windows)
Cache-Control: no-cache
Content-Type: application/json; charset=utf-8
host: localhost:44090
accept: */*

Response DefaultHttpResponse(decodeResult: success, version: HTTP/1.1)
HTTP/1.1 200 OK
Content-Type: application/json; charset=utf-8
cache-control: no-cache
content-length: 18

[DEBUG] Adding key: http://localhost:44090 for channel [id: 0xd1d86906, L:/127.0.0.1:54062 - R:localhost/127.0.0.1:44090]
[DEBUG] Using pooled Channel '[id: 0xd1d86906, L:/127.0.0.1:54062 - R:localhost/127.0.0.1:44090]' for 'POST' to 'http://localhost:44090/session/67c054285278ccd4a59a3c8625af4372/element'
[DEBUG] Using open Channel [id: 0xd1d86906, L:/127.0.0.1:54062 - R:localhost/127.0.0.1:44090] for POST '/session/67c054285278ccd4a59a3c8625af4372/element'
[DEBUG] 

Request DefaultHttpRequest(decodeResult: success, version: HTTP/1.1)
POST /session/67c054285278ccd4a59a3c8625af4372/element HTTP/1.1
User-Agent: selenium/4.6.0 (java windows)
Content-Length: 128
Content-Type: application/json; charset=utf-8
host: localhost:44090
accept: */*

Response DefaultHttpResponse(decodeResult: success, version: HTTP/1.1)
HTTP/1.1 200 OK
Content-Type: application/json; charset=utf-8
cache-control: no-cache
content-length: 88

[DEBUG] Adding key: http://localhost:44090 for channel [id: 0xd1d86906, L:/127.0.0.1:54062 - R:localhost/127.0.0.1:44090]
[DEBUG] Using pooled Channel '[id: 0xd1d86906, L:/127.0.0.1:54062 - R:localhost/127.0.0.1:44090]' for 'GET' to 'http://localhost:44090/session/67c054285278ccd4a59a3c8625af4372/element/920a38e7-58a8-4332-b617-40cac1bb7fb1/text'
[DEBUG] Using open Channel [id: 0xd1d86906, L:/127.0.0.1:54062 - R:localhost/127.0.0.1:44090] for GET '/session/67c054285278ccd4a59a3c8625af4372/element/920a38e7-58a8-4332-b617-40cac1bb7fb1/text'
[DEBUG] 

Request DefaultFullHttpRequest(decodeResult: success, version: HTTP/1.1, content: EmptyByteBufBE)
GET /session/67c054285278ccd4a59a3c8625af4372/element/920a38e7-58a8-4332-b617-40cac1bb7fb1/text HTTP/1.1
User-Agent: selenium/4.6.0 (java windows)
Cache-Control: no-cache
Content-Type: application/json; charset=utf-8
host: localhost:44090
accept: */*

Response DefaultHttpResponse(decodeResult: success, version: HTTP/1.1)
HTTP/1.1 200 OK
Content-Type: application/json; charset=utf-8
cache-control: no-cache
content-length: 29

[DEBUG] Adding key: http://localhost:44090 for channel [id: 0xd1d86906, L:/127.0.0.1:54062 - R:localhost/127.0.0.1:44090]
[DEBUG] Using pooled Channel '[id: 0xd1d86906, L:/127.0.0.1:54062 - R:localhost/127.0.0.1:44090]' for 'POST' to 'http://localhost:44090/session/67c054285278ccd4a59a3c8625af4372/element'
[DEBUG] Using open Channel [id: 0xd1d86906, L:/127.0.0.1:54062 - R:localhost/127.0.0.1:44090] for POST '/session/67c054285278ccd4a59a3c8625af4372/element'
[DEBUG] 

Request DefaultHttpRequest(decodeResult: success, version: HTTP/1.1)
POST /session/67c054285278ccd4a59a3c8625af4372/element HTTP/1.1
User-Agent: selenium/4.6.0 (java windows)
Content-Length: 128
Content-Type: application/json; charset=utf-8
host: localhost:44090
accept: */*

Response DefaultHttpResponse(decodeResult: success, version: HTTP/1.1)
HTTP/1.1 200 OK
Content-Type: application/json; charset=utf-8
cache-control: no-cache
content-length: 88

[DEBUG] Adding key: http://localhost:44090 for channel [id: 0xd1d86906, L:/127.0.0.1:54062 - R:localhost/127.0.0.1:44090]
[DEBUG] Using pooled Channel '[id: 0xd1d86906, L:/127.0.0.1:54062 - R:localhost/127.0.0.1:44090]' for 'GET' to 'http://localhost:44090/session/67c054285278ccd4a59a3c8625af4372/element/defb6810-9ab5-42e1-853e-b42ac6b37c74/text'
[DEBUG] Using open Channel [id: 0xd1d86906, L:/127.0.0.1:54062 - R:localhost/127.0.0.1:44090] for GET '/session/67c054285278ccd4a59a3c8625af4372/element/defb6810-9ab5-42e1-853e-b42ac6b37c74/text'
[DEBUG] 

Request DefaultFullHttpRequest(decodeResult: success, version: HTTP/1.1, content: EmptyByteBufBE)
GET /session/67c054285278ccd4a59a3c8625af4372/element/defb6810-9ab5-42e1-853e-b42ac6b37c74/text HTTP/1.1
User-Agent: selenium/4.6.0 (java windows)
Cache-Control: no-cache
Content-Type: application/json; charset=utf-8
host: localhost:44090
accept: */*

Response DefaultHttpResponse(decodeResult: success, version: HTTP/1.1)
HTTP/1.1 200 OK
Content-Type: application/json; charset=utf-8
cache-control: no-cache
content-length: 28

[DEBUG] Adding key: http://localhost:44090 for channel [id: 0xd1d86906, L:/127.0.0.1:54062 - R:localhost/127.0.0.1:44090]
[DEBUG] Using pooled Channel '[id: 0xd1d86906, L:/127.0.0.1:54062 - R:localhost/127.0.0.1:44090]' for 'POST' to 'http://localhost:44090/session/67c054285278ccd4a59a3c8625af4372/element'
[DEBUG] Using open Channel [id: 0xd1d86906, L:/127.0.0.1:54062 - R:localhost/127.0.0.1:44090] for POST '/session/67c054285278ccd4a59a3c8625af4372/element'
[DEBUG] 

Request DefaultHttpRequest(decodeResult: success, version: HTTP/1.1)
POST /session/67c054285278ccd4a59a3c8625af4372/element HTTP/1.1
User-Agent: selenium/4.6.0 (java windows)
Content-Length: 128
Content-Type: application/json; charset=utf-8
host: localhost:44090
accept: */*

Response DefaultHttpResponse(decodeResult: success, version: HTTP/1.1)
HTTP/1.1 200 OK
Content-Type: application/json; charset=utf-8
cache-control: no-cache
content-length: 88

[DEBUG] Adding key: http://localhost:44090 for channel [id: 0xd1d86906, L:/127.0.0.1:54062 - R:localhost/127.0.0.1:44090]
[DEBUG] Using pooled Channel '[id: 0xd1d86906, L:/127.0.0.1:54062 - R:localhost/127.0.0.1:44090]' for 'GET' to 'http://localhost:44090/session/67c054285278ccd4a59a3c8625af4372/element/9d5ef4e8-e3ae-4721-9567-047ec022288f/text'
[DEBUG] Using open Channel [id: 0xd1d86906, L:/127.0.0.1:54062 - R:localhost/127.0.0.1:44090] for GET '/session/67c054285278ccd4a59a3c8625af4372/element/9d5ef4e8-e3ae-4721-9567-047ec022288f/text'
[DEBUG] 

Request DefaultFullHttpRequest(decodeResult: success, version: HTTP/1.1, content: EmptyByteBufBE)
GET /session/67c054285278ccd4a59a3c8625af4372/element/9d5ef4e8-e3ae-4721-9567-047ec022288f/text HTTP/1.1
User-Agent: selenium/4.6.0 (java windows)
Cache-Control: no-cache
Content-Type: application/json; charset=utf-8
host: localhost:44090
accept: */*

Response DefaultHttpResponse(decodeResult: success, version: HTTP/1.1)
HTTP/1.1 200 OK
Content-Type: application/json; charset=utf-8
cache-control: no-cache
content-length: 23

[DEBUG] Adding key: http://localhost:44090 for channel [id: 0xd1d86906, L:/127.0.0.1:54062 - R:localhost/127.0.0.1:44090]
[DEBUG] Using pooled Channel '[id: 0xd1d86906, L:/127.0.0.1:54062 - R:localhost/127.0.0.1:44090]' for 'POST' to 'http://localhost:44090/session/67c054285278ccd4a59a3c8625af4372/element'
[DEBUG] Using open Channel [id: 0xd1d86906, L:/127.0.0.1:54062 - R:localhost/127.0.0.1:44090] for POST '/session/67c054285278ccd4a59a3c8625af4372/element'
[DEBUG] 

Request DefaultHttpRequest(decodeResult: success, version: HTTP/1.1)
POST /session/67c054285278ccd4a59a3c8625af4372/element HTTP/1.1
User-Agent: selenium/4.6.0 (java windows)
Content-Length: 128
Content-Type: application/json; charset=utf-8
host: localhost:44090
accept: */*

Response DefaultHttpResponse(decodeResult: success, version: HTTP/1.1)
HTTP/1.1 200 OK
Content-Type: application/json; charset=utf-8
cache-control: no-cache
content-length: 88

[DEBUG] Adding key: http://localhost:44090 for channel [id: 0xd1d86906, L:/127.0.0.1:54062 - R:localhost/127.0.0.1:44090]
[DEBUG] Using pooled Channel '[id: 0xd1d86906, L:/127.0.0.1:54062 - R:localhost/127.0.0.1:44090]' for 'GET' to 'http://localhost:44090/session/67c054285278ccd4a59a3c8625af4372/element/6a6b7afb-0147-44f4-8513-100ce02a13b9/text'
[DEBUG] Using open Channel [id: 0xd1d86906, L:/127.0.0.1:54062 - R:localhost/127.0.0.1:44090] for GET '/session/67c054285278ccd4a59a3c8625af4372/element/6a6b7afb-0147-44f4-8513-100ce02a13b9/text'
[DEBUG] 

Request DefaultFullHttpRequest(decodeResult: success, version: HTTP/1.1, content: EmptyByteBufBE)
GET /session/67c054285278ccd4a59a3c8625af4372/element/6a6b7afb-0147-44f4-8513-100ce02a13b9/text HTTP/1.1
User-Agent: selenium/4.6.0 (java windows)
Cache-Control: no-cache
Content-Type: application/json; charset=utf-8
host: localhost:44090
accept: */*

Response DefaultHttpResponse(decodeResult: success, version: HTTP/1.1)
HTTP/1.1 200 OK
Content-Type: application/json; charset=utf-8
cache-control: no-cache
content-length: 20

[DEBUG] Adding key: http://localhost:44090 for channel [id: 0xd1d86906, L:/127.0.0.1:54062 - R:localhost/127.0.0.1:44090]
[DEBUG] Using pooled Channel '[id: 0xd1d86906, L:/127.0.0.1:54062 - R:localhost/127.0.0.1:44090]' for 'POST' to 'http://localhost:44090/session/67c054285278ccd4a59a3c8625af4372/element'
[DEBUG] Using open Channel [id: 0xd1d86906, L:/127.0.0.1:54062 - R:localhost/127.0.0.1:44090] for POST '/session/67c054285278ccd4a59a3c8625af4372/element'
[DEBUG] 

Request DefaultHttpRequest(decodeResult: success, version: HTTP/1.1)
POST /session/67c054285278ccd4a59a3c8625af4372/element HTTP/1.1
User-Agent: selenium/4.6.0 (java windows)
Content-Length: 128
Content-Type: application/json; charset=utf-8
host: localhost:44090
accept: */*

Response DefaultHttpResponse(decodeResult: success, version: HTTP/1.1)
HTTP/1.1 200 OK
Content-Type: application/json; charset=utf-8
cache-control: no-cache
content-length: 88

[DEBUG] Adding key: http://localhost:44090 for channel [id: 0xd1d86906, L:/127.0.0.1:54062 - R:localhost/127.0.0.1:44090]
[DEBUG] Using pooled Channel '[id: 0xd1d86906, L:/127.0.0.1:54062 - R:localhost/127.0.0.1:44090]' for 'GET' to 'http://localhost:44090/session/67c054285278ccd4a59a3c8625af4372/element/af6a7c29-033d-4c7f-93ec-e1c3c021458b/text'
[DEBUG] Using open Channel [id: 0xd1d86906, L:/127.0.0.1:54062 - R:localhost/127.0.0.1:44090] for GET '/session/67c054285278ccd4a59a3c8625af4372/element/af6a7c29-033d-4c7f-93ec-e1c3c021458b/text'
[DEBUG] 

Request DefaultFullHttpRequest(decodeResult: success, version: HTTP/1.1, content: EmptyByteBufBE)
GET /session/67c054285278ccd4a59a3c8625af4372/element/af6a7c29-033d-4c7f-93ec-e1c3c021458b/text HTTP/1.1
User-Agent: selenium/4.6.0 (java windows)
Cache-Control: no-cache
Content-Type: application/json; charset=utf-8
host: localhost:44090
accept: */*

Response DefaultHttpResponse(decodeResult: success, version: HTTP/1.1)
HTTP/1.1 200 OK
Content-Type: application/json; charset=utf-8
cache-control: no-cache
content-length: 24

[DEBUG] Adding key: http://localhost:44090 for channel [id: 0xd1d86906, L:/127.0.0.1:54062 - R:localhost/127.0.0.1:44090]
[DEBUG] Using pooled Channel '[id: 0xd1d86906, L:/127.0.0.1:54062 - R:localhost/127.0.0.1:44090]' for 'POST' to 'http://localhost:44090/session/67c054285278ccd4a59a3c8625af4372/element'
[DEBUG] Using open Channel [id: 0xd1d86906, L:/127.0.0.1:54062 - R:localhost/127.0.0.1:44090] for POST '/session/67c054285278ccd4a59a3c8625af4372/element'
[DEBUG] 

Request DefaultHttpRequest(decodeResult: success, version: HTTP/1.1)
POST /session/67c054285278ccd4a59a3c8625af4372/element HTTP/1.1
User-Agent: selenium/4.6.0 (java windows)
Content-Length: 128
Content-Type: application/json; charset=utf-8
host: localhost:44090
accept: */*

Response DefaultHttpResponse(decodeResult: success, version: HTTP/1.1)
HTTP/1.1 200 OK
Content-Type: application/json; charset=utf-8
cache-control: no-cache
content-length: 88

[DEBUG] Adding key: http://localhost:44090 for channel [id: 0xd1d86906, L:/127.0.0.1:54062 - R:localhost/127.0.0.1:44090]
[DEBUG] Using pooled Channel '[id: 0xd1d86906, L:/127.0.0.1:54062 - R:localhost/127.0.0.1:44090]' for 'GET' to 'http://localhost:44090/session/67c054285278ccd4a59a3c8625af4372/element/f5d875ce-9947-4339-a0a7-08796ee72799/text'
[DEBUG] Using open Channel [id: 0xd1d86906, L:/127.0.0.1:54062 - R:localhost/127.0.0.1:44090] for GET '/session/67c054285278ccd4a59a3c8625af4372/element/f5d875ce-9947-4339-a0a7-08796ee72799/text'
[DEBUG] 

Request DefaultFullHttpRequest(decodeResult: success, version: HTTP/1.1, content: EmptyByteBufBE)
GET /session/67c054285278ccd4a59a3c8625af4372/element/f5d875ce-9947-4339-a0a7-08796ee72799/text HTTP/1.1
User-Agent: selenium/4.6.0 (java windows)
Cache-Control: no-cache
Content-Type: application/json; charset=utf-8
host: localhost:44090
accept: */*

Response DefaultHttpResponse(decodeResult: success, version: HTTP/1.1)
HTTP/1.1 200 OK
Content-Type: application/json; charset=utf-8
cache-control: no-cache
content-length: 26

[DEBUG] Adding key: http://localhost:44090 for channel [id: 0xd1d86906, L:/127.0.0.1:54062 - R:localhost/127.0.0.1:44090]
[DEBUG] Using pooled Channel '[id: 0xd1d86906, L:/127.0.0.1:54062 - R:localhost/127.0.0.1:44090]' for 'POST' to 'http://localhost:44090/session/67c054285278ccd4a59a3c8625af4372/element'
[DEBUG] Using open Channel [id: 0xd1d86906, L:/127.0.0.1:54062 - R:localhost/127.0.0.1:44090] for POST '/session/67c054285278ccd4a59a3c8625af4372/element'
[DEBUG] 

Request DefaultHttpRequest(decodeResult: success, version: HTTP/1.1)
POST /session/67c054285278ccd4a59a3c8625af4372/element HTTP/1.1
User-Agent: selenium/4.6.0 (java windows)
Content-Length: 128
Content-Type: application/json; charset=utf-8
host: localhost:44090
accept: */*

Response DefaultHttpResponse(decodeResult: success, version: HTTP/1.1)
HTTP/1.1 200 OK
Content-Type: application/json; charset=utf-8
cache-control: no-cache
content-length: 88

[DEBUG] Adding key: http://localhost:44090 for channel [id: 0xd1d86906, L:/127.0.0.1:54062 - R:localhost/127.0.0.1:44090]
[DEBUG] Using pooled Channel '[id: 0xd1d86906, L:/127.0.0.1:54062 - R:localhost/127.0.0.1:44090]' for 'GET' to 'http://localhost:44090/session/67c054285278ccd4a59a3c8625af4372/element/c06098cf-082d-4266-bc0e-104711e7035d/text'
[DEBUG] Using open Channel [id: 0xd1d86906, L:/127.0.0.1:54062 - R:localhost/127.0.0.1:44090] for GET '/session/67c054285278ccd4a59a3c8625af4372/element/c06098cf-082d-4266-bc0e-104711e7035d/text'
[DEBUG] 

Request DefaultFullHttpRequest(decodeResult: success, version: HTTP/1.1, content: EmptyByteBufBE)
GET /session/67c054285278ccd4a59a3c8625af4372/element/c06098cf-082d-4266-bc0e-104711e7035d/text HTTP/1.1
User-Agent: selenium/4.6.0 (java windows)
Cache-Control: no-cache
Content-Type: application/json; charset=utf-8
host: localhost:44090
accept: */*

Response DefaultHttpResponse(decodeResult: success, version: HTTP/1.1)
HTTP/1.1 200 OK
Content-Type: application/json; charset=utf-8
cache-control: no-cache
content-length: 23

[DEBUG] Adding key: http://localhost:44090 for channel [id: 0xd1d86906, L:/127.0.0.1:54062 - R:localhost/127.0.0.1:44090]
[DEBUG] Using pooled Channel '[id: 0xd1d86906, L:/127.0.0.1:54062 - R:localhost/127.0.0.1:44090]' for 'POST' to 'http://localhost:44090/session/67c054285278ccd4a59a3c8625af4372/element'
[DEBUG] Using open Channel [id: 0xd1d86906, L:/127.0.0.1:54062 - R:localhost/127.0.0.1:44090] for POST '/session/67c054285278ccd4a59a3c8625af4372/element'
[DEBUG] 

Request DefaultHttpRequest(decodeResult: success, version: HTTP/1.1)
POST /session/67c054285278ccd4a59a3c8625af4372/element HTTP/1.1
User-Agent: selenium/4.6.0 (java windows)
Content-Length: 128
Content-Type: application/json; charset=utf-8
host: localhost:44090
accept: */*

Response DefaultHttpResponse(decodeResult: success, version: HTTP/1.1)
HTTP/1.1 200 OK
Content-Type: application/json; charset=utf-8
cache-control: no-cache
content-length: 88

[DEBUG] Adding key: http://localhost:44090 for channel [id: 0xd1d86906, L:/127.0.0.1:54062 - R:localhost/127.0.0.1:44090]
[DEBUG] Using pooled Channel '[id: 0xd1d86906, L:/127.0.0.1:54062 - R:localhost/127.0.0.1:44090]' for 'GET' to 'http://localhost:44090/session/67c054285278ccd4a59a3c8625af4372/element/02026556-2cbf-4223-899d-56dd8527a918/text'
[DEBUG] Using open Channel [id: 0xd1d86906, L:/127.0.0.1:54062 - R:localhost/127.0.0.1:44090] for GET '/session/67c054285278ccd4a59a3c8625af4372/element/02026556-2cbf-4223-899d-56dd8527a918/text'
[DEBUG] 

Request DefaultFullHttpRequest(decodeResult: success, version: HTTP/1.1, content: EmptyByteBufBE)
GET /session/67c054285278ccd4a59a3c8625af4372/element/02026556-2cbf-4223-899d-56dd8527a918/text HTTP/1.1
User-Agent: selenium/4.6.0 (java windows)
Cache-Control: no-cache
Content-Type: application/json; charset=utf-8
host: localhost:44090
accept: */*

Response DefaultHttpResponse(decodeResult: success, version: HTTP/1.1)
HTTP/1.1 200 OK
Content-Type: application/json; charset=utf-8
cache-control: no-cache
content-length: 20

[DEBUG] Adding key: http://localhost:44090 for channel [id: 0xd1d86906, L:/127.0.0.1:54062 - R:localhost/127.0.0.1:44090]
[DEBUG] Using pooled Channel '[id: 0xd1d86906, L:/127.0.0.1:54062 - R:localhost/127.0.0.1:44090]' for 'POST' to 'http://localhost:44090/session/67c054285278ccd4a59a3c8625af4372/element'
[DEBUG] Using open Channel [id: 0xd1d86906, L:/127.0.0.1:54062 - R:localhost/127.0.0.1:44090] for POST '/session/67c054285278ccd4a59a3c8625af4372/element'
[DEBUG] 

Request DefaultHttpRequest(decodeResult: success, version: HTTP/1.1)
POST /session/67c054285278ccd4a59a3c8625af4372/element HTTP/1.1
User-Agent: selenium/4.6.0 (java windows)
Content-Length: 128
Content-Type: application/json; charset=utf-8
host: localhost:44090
accept: */*

Response DefaultHttpResponse(decodeResult: success, version: HTTP/1.1)
HTTP/1.1 200 OK
Content-Type: application/json; charset=utf-8
cache-control: no-cache
content-length: 88

[DEBUG] Adding key: http://localhost:44090 for channel [id: 0xd1d86906, L:/127.0.0.1:54062 - R:localhost/127.0.0.1:44090]
[DEBUG] Using pooled Channel '[id: 0xd1d86906, L:/127.0.0.1:54062 - R:localhost/127.0.0.1:44090]' for 'GET' to 'http://localhost:44090/session/67c054285278ccd4a59a3c8625af4372/element/f1bf2df1-2435-4faf-a49a-f7c7955126c6/text'
[DEBUG] Using open Channel [id: 0xd1d86906, L:/127.0.0.1:54062 - R:localhost/127.0.0.1:44090] for GET '/session/67c054285278ccd4a59a3c8625af4372/element/f1bf2df1-2435-4faf-a49a-f7c7955126c6/text'
[DEBUG] 

Request DefaultFullHttpRequest(decodeResult: success, version: HTTP/1.1, content: EmptyByteBufBE)
GET /session/67c054285278ccd4a59a3c8625af4372/element/f1bf2df1-2435-4faf-a49a-f7c7955126c6/text HTTP/1.1
User-Agent: selenium/4.6.0 (java windows)
Cache-Control: no-cache
Content-Type: application/json; charset=utf-8
host: localhost:44090
accept: */*

Response DefaultHttpResponse(decodeResult: success, version: HTTP/1.1)
HTTP/1.1 200 OK
Content-Type: application/json; charset=utf-8
cache-control: no-cache
content-length: 22

[DEBUG] Adding key: http://localhost:44090 for channel [id: 0xd1d86906, L:/127.0.0.1:54062 - R:localhost/127.0.0.1:44090]
[DEBUG] Using pooled Channel '[id: 0xd1d86906, L:/127.0.0.1:54062 - R:localhost/127.0.0.1:44090]' for 'POST' to 'http://localhost:44090/session/67c054285278ccd4a59a3c8625af4372/element'
[DEBUG] Using open Channel [id: 0xd1d86906, L:/127.0.0.1:54062 - R:localhost/127.0.0.1:44090] for POST '/session/67c054285278ccd4a59a3c8625af4372/element'
[DEBUG] 

Request DefaultHttpRequest(decodeResult: success, version: HTTP/1.1)
POST /session/67c054285278ccd4a59a3c8625af4372/element HTTP/1.1
User-Agent: selenium/4.6.0 (java windows)
Content-Length: 128
Content-Type: application/json; charset=utf-8
host: localhost:44090
accept: */*

Response DefaultHttpResponse(decodeResult: success, version: HTTP/1.1)
HTTP/1.1 200 OK
Content-Type: application/json; charset=utf-8
cache-control: no-cache
content-length: 88

[DEBUG] Adding key: http://localhost:44090 for channel [id: 0xd1d86906, L:/127.0.0.1:54062 - R:localhost/127.0.0.1:44090]
[DEBUG] Using pooled Channel '[id: 0xd1d86906, L:/127.0.0.1:54062 - R:localhost/127.0.0.1:44090]' for 'GET' to 'http://localhost:44090/session/67c054285278ccd4a59a3c8625af4372/element/72d322d2-2b3d-46b3-94fd-8b57259b0feb/text'
[DEBUG] Using open Channel [id: 0xd1d86906, L:/127.0.0.1:54062 - R:localhost/127.0.0.1:44090] for GET '/session/67c054285278ccd4a59a3c8625af4372/element/72d322d2-2b3d-46b3-94fd-8b57259b0feb/text'
[DEBUG] 

Request DefaultFullHttpRequest(decodeResult: success, version: HTTP/1.1, content: EmptyByteBufBE)
GET /session/67c054285278ccd4a59a3c8625af4372/element/72d322d2-2b3d-46b3-94fd-8b57259b0feb/text HTTP/1.1
User-Agent: selenium/4.6.0 (java windows)
Cache-Control: no-cache
Content-Type: application/json; charset=utf-8
host: localhost:44090
accept: */*

Response DefaultHttpResponse(decodeResult: success, version: HTTP/1.1)
HTTP/1.1 200 OK
Content-Type: application/json; charset=utf-8
cache-control: no-cache
content-length: 28

[DEBUG] Adding key: http://localhost:44090 for channel [id: 0xd1d86906, L:/127.0.0.1:54062 - R:localhost/127.0.0.1:44090]
[DEBUG] Using pooled Channel '[id: 0xd1d86906, L:/127.0.0.1:54062 - R:localhost/127.0.0.1:44090]' for 'POST' to 'http://localhost:44090/session/67c054285278ccd4a59a3c8625af4372/element'
[DEBUG] Using open Channel [id: 0xd1d86906, L:/127.0.0.1:54062 - R:localhost/127.0.0.1:44090] for POST '/session/67c054285278ccd4a59a3c8625af4372/element'
[DEBUG] 

Request DefaultHttpRequest(decodeResult: success, version: HTTP/1.1)
POST /session/67c054285278ccd4a59a3c8625af4372/element HTTP/1.1
User-Agent: selenium/4.6.0 (java windows)
Content-Length: 128
Content-Type: application/json; charset=utf-8
host: localhost:44090
accept: */*

Response DefaultHttpResponse(decodeResult: success, version: HTTP/1.1)
HTTP/1.1 200 OK
Content-Type: application/json; charset=utf-8
cache-control: no-cache
content-length: 88

[DEBUG] Adding key: http://localhost:44090 for channel [id: 0xd1d86906, L:/127.0.0.1:54062 - R:localhost/127.0.0.1:44090]
[DEBUG] Using pooled Channel '[id: 0xd1d86906, L:/127.0.0.1:54062 - R:localhost/127.0.0.1:44090]' for 'GET' to 'http://localhost:44090/session/67c054285278ccd4a59a3c8625af4372/element/c14a4392-5c7b-4c8e-af97-ded9f6276981/text'
[DEBUG] Using open Channel [id: 0xd1d86906, L:/127.0.0.1:54062 - R:localhost/127.0.0.1:44090] for GET '/session/67c054285278ccd4a59a3c8625af4372/element/c14a4392-5c7b-4c8e-af97-ded9f6276981/text'
[DEBUG] 

Request DefaultFullHttpRequest(decodeResult: success, version: HTTP/1.1, content: EmptyByteBufBE)
GET /session/67c054285278ccd4a59a3c8625af4372/element/c14a4392-5c7b-4c8e-af97-ded9f6276981/text HTTP/1.1
User-Agent: selenium/4.6.0 (java windows)
Cache-Control: no-cache
Content-Type: application/json; charset=utf-8
host: localhost:44090
accept: */*

Response DefaultHttpResponse(decodeResult: success, version: HTTP/1.1)
HTTP/1.1 200 OK
Content-Type: application/json; charset=utf-8
cache-control: no-cache
content-length: 23

[DEBUG] Adding key: http://localhost:44090 for channel [id: 0xd1d86906, L:/127.0.0.1:54062 - R:localhost/127.0.0.1:44090]
[DEBUG] Using pooled Channel '[id: 0xd1d86906, L:/127.0.0.1:54062 - R:localhost/127.0.0.1:44090]' for 'POST' to 'http://localhost:44090/session/67c054285278ccd4a59a3c8625af4372/element'
[DEBUG] Using open Channel [id: 0xd1d86906, L:/127.0.0.1:54062 - R:localhost/127.0.0.1:44090] for POST '/session/67c054285278ccd4a59a3c8625af4372/element'
[DEBUG] 

Request DefaultHttpRequest(decodeResult: success, version: HTTP/1.1)
POST /session/67c054285278ccd4a59a3c8625af4372/element HTTP/1.1
User-Agent: selenium/4.6.0 (java windows)
Content-Length: 128
Content-Type: application/json; charset=utf-8
host: localhost:44090
accept: */*

Response DefaultHttpResponse(decodeResult: success, version: HTTP/1.1)
HTTP/1.1 200 OK
Content-Type: application/json; charset=utf-8
cache-control: no-cache
content-length: 88

[DEBUG] Adding key: http://localhost:44090 for channel [id: 0xd1d86906, L:/127.0.0.1:54062 - R:localhost/127.0.0.1:44090]
[DEBUG] Using pooled Channel '[id: 0xd1d86906, L:/127.0.0.1:54062 - R:localhost/127.0.0.1:44090]' for 'GET' to 'http://localhost:44090/session/67c054285278ccd4a59a3c8625af4372/element/f5650c22-8465-448c-ba51-06dec5e9a702/text'
[DEBUG] Using open Channel [id: 0xd1d86906, L:/127.0.0.1:54062 - R:localhost/127.0.0.1:44090] for GET '/session/67c054285278ccd4a59a3c8625af4372/element/f5650c22-8465-448c-ba51-06dec5e9a702/text'
[DEBUG] 

Request DefaultFullHttpRequest(decodeResult: success, version: HTTP/1.1, content: EmptyByteBufBE)
GET /session/67c054285278ccd4a59a3c8625af4372/element/f5650c22-8465-448c-ba51-06dec5e9a702/text HTTP/1.1
User-Agent: selenium/4.6.0 (java windows)
Cache-Control: no-cache
Content-Type: application/json; charset=utf-8
host: localhost:44090
accept: */*

Response DefaultHttpResponse(decodeResult: success, version: HTTP/1.1)
HTTP/1.1 200 OK
Content-Type: application/json; charset=utf-8
cache-control: no-cache
content-length: 19

[DEBUG] Adding key: http://localhost:44090 for channel [id: 0xd1d86906, L:/127.0.0.1:54062 - R:localhost/127.0.0.1:44090]
[DEBUG] Using pooled Channel '[id: 0xd1d86906, L:/127.0.0.1:54062 - R:localhost/127.0.0.1:44090]' for 'POST' to 'http://localhost:44090/session/67c054285278ccd4a59a3c8625af4372/element'
[DEBUG] Using open Channel [id: 0xd1d86906, L:/127.0.0.1:54062 - R:localhost/127.0.0.1:44090] for POST '/session/67c054285278ccd4a59a3c8625af4372/element'
[DEBUG] 

Request DefaultHttpRequest(decodeResult: success, version: HTTP/1.1)
POST /session/67c054285278ccd4a59a3c8625af4372/element HTTP/1.1
User-Agent: selenium/4.6.0 (java windows)
Content-Length: 128
Content-Type: application/json; charset=utf-8
host: localhost:44090
accept: */*

Response DefaultHttpResponse(decodeResult: success, version: HTTP/1.1)
HTTP/1.1 200 OK
Content-Type: application/json; charset=utf-8
cache-control: no-cache
content-length: 88

[DEBUG] Adding key: http://localhost:44090 for channel [id: 0xd1d86906, L:/127.0.0.1:54062 - R:localhost/127.0.0.1:44090]
[DEBUG] Using pooled Channel '[id: 0xd1d86906, L:/127.0.0.1:54062 - R:localhost/127.0.0.1:44090]' for 'GET' to 'http://localhost:44090/session/67c054285278ccd4a59a3c8625af4372/element/d6dbafaf-3a4e-4e39-829a-2349c843e605/text'
[DEBUG] Using open Channel [id: 0xd1d86906, L:/127.0.0.1:54062 - R:localhost/127.0.0.1:44090] for GET '/session/67c054285278ccd4a59a3c8625af4372/element/d6dbafaf-3a4e-4e39-829a-2349c843e605/text'
[DEBUG] 

Request DefaultFullHttpRequest(decodeResult: success, version: HTTP/1.1, content: EmptyByteBufBE)
GET /session/67c054285278ccd4a59a3c8625af4372/element/d6dbafaf-3a4e-4e39-829a-2349c843e605/text HTTP/1.1
User-Agent: selenium/4.6.0 (java windows)
Cache-Control: no-cache
Content-Type: application/json; charset=utf-8
host: localhost:44090
accept: */*

Response DefaultHttpResponse(decodeResult: success, version: HTTP/1.1)
HTTP/1.1 200 OK
Content-Type: application/json; charset=utf-8
cache-control: no-cache
content-length: 30

[DEBUG] Adding key: http://localhost:44090 for channel [id: 0xd1d86906, L:/127.0.0.1:54062 - R:localhost/127.0.0.1:44090]
[DEBUG] Using pooled Channel '[id: 0xd1d86906, L:/127.0.0.1:54062 - R:localhost/127.0.0.1:44090]' for 'POST' to 'http://localhost:44090/session/67c054285278ccd4a59a3c8625af4372/element'
[DEBUG] Using open Channel [id: 0xd1d86906, L:/127.0.0.1:54062 - R:localhost/127.0.0.1:44090] for POST '/session/67c054285278ccd4a59a3c8625af4372/element'
[DEBUG] 

Request DefaultHttpRequest(decodeResult: success, version: HTTP/1.1)
POST /session/67c054285278ccd4a59a3c8625af4372/element HTTP/1.1
User-Agent: selenium/4.6.0 (java windows)
Content-Length: 128
Content-Type: application/json; charset=utf-8
host: localhost:44090
accept: */*

Response DefaultHttpResponse(decodeResult: success, version: HTTP/1.1)
HTTP/1.1 200 OK
Content-Type: application/json; charset=utf-8
cache-control: no-cache
content-length: 88

[DEBUG] Adding key: http://localhost:44090 for channel [id: 0xd1d86906, L:/127.0.0.1:54062 - R:localhost/127.0.0.1:44090]
[DEBUG] Using pooled Channel '[id: 0xd1d86906, L:/127.0.0.1:54062 - R:localhost/127.0.0.1:44090]' for 'GET' to 'http://localhost:44090/session/67c054285278ccd4a59a3c8625af4372/element/60d9cc76-f404-46f9-b3a8-115f2921e4c7/text'
[DEBUG] Using open Channel [id: 0xd1d86906, L:/127.0.0.1:54062 - R:localhost/127.0.0.1:44090] for GET '/session/67c054285278ccd4a59a3c8625af4372/element/60d9cc76-f404-46f9-b3a8-115f2921e4c7/text'
[DEBUG] 

Request DefaultFullHttpRequest(decodeResult: success, version: HTTP/1.1, content: EmptyByteBufBE)
GET /session/67c054285278ccd4a59a3c8625af4372/element/60d9cc76-f404-46f9-b3a8-115f2921e4c7/text HTTP/1.1
User-Agent: selenium/4.6.0 (java windows)
Cache-Control: no-cache
Content-Type: application/json; charset=utf-8
host: localhost:44090
accept: */*

Response DefaultHttpResponse(decodeResult: success, version: HTTP/1.1)
HTTP/1.1 200 OK
Content-Type: application/json; charset=utf-8
cache-control: no-cache
content-length: 28

[DEBUG] Adding key: http://localhost:44090 for channel [id: 0xd1d86906, L:/127.0.0.1:54062 - R:localhost/127.0.0.1:44090]
[DEBUG] Using pooled Channel '[id: 0xd1d86906, L:/127.0.0.1:54062 - R:localhost/127.0.0.1:44090]' for 'POST' to 'http://localhost:44090/session/67c054285278ccd4a59a3c8625af4372/element'
[DEBUG] Using open Channel [id: 0xd1d86906, L:/127.0.0.1:54062 - R:localhost/127.0.0.1:44090] for POST '/session/67c054285278ccd4a59a3c8625af4372/element'
[DEBUG] 

Request DefaultHttpRequest(decodeResult: success, version: HTTP/1.1)
POST /session/67c054285278ccd4a59a3c8625af4372/element HTTP/1.1
User-Agent: selenium/4.6.0 (java windows)
Content-Length: 128
Content-Type: application/json; charset=utf-8
host: localhost:44090
accept: */*

Response DefaultHttpResponse(decodeResult: success, version: HTTP/1.1)
HTTP/1.1 200 OK
Content-Type: application/json; charset=utf-8
cache-control: no-cache
content-length: 88

[DEBUG] Adding key: http://localhost:44090 for channel [id: 0xd1d86906, L:/127.0.0.1:54062 - R:localhost/127.0.0.1:44090]
[DEBUG] Using pooled Channel '[id: 0xd1d86906, L:/127.0.0.1:54062 - R:localhost/127.0.0.1:44090]' for 'GET' to 'http://localhost:44090/session/67c054285278ccd4a59a3c8625af4372/element/3d2c9ce3-6f11-482f-b45a-99623ce393ad/text'
[DEBUG] Using open Channel [id: 0xd1d86906, L:/127.0.0.1:54062 - R:localhost/127.0.0.1:44090] for GET '/session/67c054285278ccd4a59a3c8625af4372/element/3d2c9ce3-6f11-482f-b45a-99623ce393ad/text'
[DEBUG] 

Request DefaultFullHttpRequest(decodeResult: success, version: HTTP/1.1, content: EmptyByteBufBE)
GET /session/67c054285278ccd4a59a3c8625af4372/element/3d2c9ce3-6f11-482f-b45a-99623ce393ad/text HTTP/1.1
User-Agent: selenium/4.6.0 (java windows)
Cache-Control: no-cache
Content-Type: application/json; charset=utf-8
host: localhost:44090
accept: */*

Response DefaultHttpResponse(decodeResult: success, version: HTTP/1.1)
HTTP/1.1 200 OK
Content-Type: application/json; charset=utf-8
cache-control: no-cache
content-length: 23

[DEBUG] Adding key: http://localhost:44090 for channel [id: 0xd1d86906, L:/127.0.0.1:54062 - R:localhost/127.0.0.1:44090]
[DEBUG] Using pooled Channel '[id: 0xd1d86906, L:/127.0.0.1:54062 - R:localhost/127.0.0.1:44090]' for 'POST' to 'http://localhost:44090/session/67c054285278ccd4a59a3c8625af4372/element'
[DEBUG] Using open Channel [id: 0xd1d86906, L:/127.0.0.1:54062 - R:localhost/127.0.0.1:44090] for POST '/session/67c054285278ccd4a59a3c8625af4372/element'
[DEBUG] 

Request DefaultHttpRequest(decodeResult: success, version: HTTP/1.1)
POST /session/67c054285278ccd4a59a3c8625af4372/element HTTP/1.1
User-Agent: selenium/4.6.0 (java windows)
Content-Length: 128
Content-Type: application/json; charset=utf-8
host: localhost:44090
accept: */*

Response DefaultHttpResponse(decodeResult: success, version: HTTP/1.1)
HTTP/1.1 200 OK
Content-Type: application/json; charset=utf-8
cache-control: no-cache
content-length: 88

[DEBUG] Adding key: http://localhost:44090 for channel [id: 0xd1d86906, L:/127.0.0.1:54062 - R:localhost/127.0.0.1:44090]
[DEBUG] Using pooled Channel '[id: 0xd1d86906, L:/127.0.0.1:54062 - R:localhost/127.0.0.1:44090]' for 'GET' to 'http://localhost:44090/session/67c054285278ccd4a59a3c8625af4372/element/c0951f08-c636-41e5-92d4-9f29f5fbb480/text'
[DEBUG] Using open Channel [id: 0xd1d86906, L:/127.0.0.1:54062 - R:localhost/127.0.0.1:44090] for GET '/session/67c054285278ccd4a59a3c8625af4372/element/c0951f08-c636-41e5-92d4-9f29f5fbb480/text'
[DEBUG] 

Request DefaultFullHttpRequest(decodeResult: success, version: HTTP/1.1, content: EmptyByteBufBE)
GET /session/67c054285278ccd4a59a3c8625af4372/element/c0951f08-c636-41e5-92d4-9f29f5fbb480/text HTTP/1.1
User-Agent: selenium/4.6.0 (java windows)
Cache-Control: no-cache
Content-Type: application/json; charset=utf-8
host: localhost:44090
accept: */*

Response DefaultHttpResponse(decodeResult: success, version: HTTP/1.1)
HTTP/1.1 200 OK
Content-Type: application/json; charset=utf-8
cache-control: no-cache
content-length: 21

[DEBUG] Adding key: http://localhost:44090 for channel [id: 0xd1d86906, L:/127.0.0.1:54062 - R:localhost/127.0.0.1:44090]
[DEBUG] Using pooled Channel '[id: 0xd1d86906, L:/127.0.0.1:54062 - R:localhost/127.0.0.1:44090]' for 'POST' to 'http://localhost:44090/session/67c054285278ccd4a59a3c8625af4372/element'
[DEBUG] Using open Channel [id: 0xd1d86906, L:/127.0.0.1:54062 - R:localhost/127.0.0.1:44090] for POST '/session/67c054285278ccd4a59a3c8625af4372/element'
[DEBUG] 

Request DefaultHttpRequest(decodeResult: success, version: HTTP/1.1)
POST /session/67c054285278ccd4a59a3c8625af4372/element HTTP/1.1
User-Agent: selenium/4.6.0 (java windows)
Content-Length: 128
Content-Type: application/json; charset=utf-8
host: localhost:44090
accept: */*

Response DefaultHttpResponse(decodeResult: success, version: HTTP/1.1)
HTTP/1.1 200 OK
Content-Type: application/json; charset=utf-8
cache-control: no-cache
content-length: 88

[DEBUG] Adding key: http://localhost:44090 for channel [id: 0xd1d86906, L:/127.0.0.1:54062 - R:localhost/127.0.0.1:44090]
[DEBUG] Using pooled Channel '[id: 0xd1d86906, L:/127.0.0.1:54062 - R:localhost/127.0.0.1:44090]' for 'GET' to 'http://localhost:44090/session/67c054285278ccd4a59a3c8625af4372/element/ffcef456-a30d-4532-b72e-bfa0dbc3f6cc/text'
[DEBUG] Using open Channel [id: 0xd1d86906, L:/127.0.0.1:54062 - R:localhost/127.0.0.1:44090] for GET '/session/67c054285278ccd4a59a3c8625af4372/element/ffcef456-a30d-4532-b72e-bfa0dbc3f6cc/text'
[DEBUG] 

Request DefaultFullHttpRequest(decodeResult: success, version: HTTP/1.1, content: EmptyByteBufBE)
GET /session/67c054285278ccd4a59a3c8625af4372/element/ffcef456-a30d-4532-b72e-bfa0dbc3f6cc/text HTTP/1.1
User-Agent: selenium/4.6.0 (java windows)
Cache-Control: no-cache
Content-Type: application/json; charset=utf-8
host: localhost:44090
accept: */*

Response DefaultHttpResponse(decodeResult: success, version: HTTP/1.1)
HTTP/1.1 200 OK
Content-Type: application/json; charset=utf-8
cache-control: no-cache
content-length: 17

[DEBUG] Adding key: http://localhost:44090 for channel [id: 0xd1d86906, L:/127.0.0.1:54062 - R:localhost/127.0.0.1:44090]
[DEBUG] Using pooled Channel '[id: 0xd1d86906, L:/127.0.0.1:54062 - R:localhost/127.0.0.1:44090]' for 'POST' to 'http://localhost:44090/session/67c054285278ccd4a59a3c8625af4372/element'
[DEBUG] Using open Channel [id: 0xd1d86906, L:/127.0.0.1:54062 - R:localhost/127.0.0.1:44090] for POST '/session/67c054285278ccd4a59a3c8625af4372/element'
[DEBUG] 

Request DefaultHttpRequest(decodeResult: success, version: HTTP/1.1)
POST /session/67c054285278ccd4a59a3c8625af4372/element HTTP/1.1
User-Agent: selenium/4.6.0 (java windows)
Content-Length: 128
Content-Type: application/json; charset=utf-8
host: localhost:44090
accept: */*

Response DefaultHttpResponse(decodeResult: success, version: HTTP/1.1)
HTTP/1.1 200 OK
Content-Type: application/json; charset=utf-8
cache-control: no-cache
content-length: 88

[DEBUG] Adding key: http://localhost:44090 for channel [id: 0xd1d86906, L:/127.0.0.1:54062 - R:localhost/127.0.0.1:44090]
[DEBUG] Using pooled Channel '[id: 0xd1d86906, L:/127.0.0.1:54062 - R:localhost/127.0.0.1:44090]' for 'GET' to 'http://localhost:44090/session/67c054285278ccd4a59a3c8625af4372/element/9829a930-026e-4532-8b61-93f9a14a03e4/text'
[DEBUG] Using open Channel [id: 0xd1d86906, L:/127.0.0.1:54062 - R:localhost/127.0.0.1:44090] for GET '/session/67c054285278ccd4a59a3c8625af4372/element/9829a930-026e-4532-8b61-93f9a14a03e4/text'
[DEBUG] 

Request DefaultFullHttpRequest(decodeResult: success, version: HTTP/1.1, content: EmptyByteBufBE)
GET /session/67c054285278ccd4a59a3c8625af4372/element/9829a930-026e-4532-8b61-93f9a14a03e4/text HTTP/1.1
User-Agent: selenium/4.6.0 (java windows)
Cache-Control: no-cache
Content-Type: application/json; charset=utf-8
host: localhost:44090
accept: */*

Response DefaultHttpResponse(decodeResult: success, version: HTTP/1.1)
HTTP/1.1 200 OK
Content-Type: application/json; charset=utf-8
cache-control: no-cache
content-length: 28

[DEBUG] Adding key: http://localhost:44090 for channel [id: 0xd1d86906, L:/127.0.0.1:54062 - R:localhost/127.0.0.1:44090]
[DEBUG] Using pooled Channel '[id: 0xd1d86906, L:/127.0.0.1:54062 - R:localhost/127.0.0.1:44090]' for 'POST' to 'http://localhost:44090/session/67c054285278ccd4a59a3c8625af4372/element'
[DEBUG] Using open Channel [id: 0xd1d86906, L:/127.0.0.1:54062 - R:localhost/127.0.0.1:44090] for POST '/session/67c054285278ccd4a59a3c8625af4372/element'
[DEBUG] 

Request DefaultHttpRequest(decodeResult: success, version: HTTP/1.1)
POST /session/67c054285278ccd4a59a3c8625af4372/element HTTP/1.1
User-Agent: selenium/4.6.0 (java windows)
Content-Length: 128
Content-Type: application/json; charset=utf-8
host: localhost:44090
accept: */*

Response DefaultHttpResponse(decodeResult: success, version: HTTP/1.1)
HTTP/1.1 200 OK
Content-Type: application/json; charset=utf-8
cache-control: no-cache
content-length: 88

[DEBUG] Adding key: http://localhost:44090 for channel [id: 0xd1d86906, L:/127.0.0.1:54062 - R:localhost/127.0.0.1:44090]
[DEBUG] Using pooled Channel '[id: 0xd1d86906, L:/127.0.0.1:54062 - R:localhost/127.0.0.1:44090]' for 'GET' to 'http://localhost:44090/session/67c054285278ccd4a59a3c8625af4372/element/beefa5a2-3d4c-456e-9c74-ca80edfa5f02/text'
[DEBUG] Using open Channel [id: 0xd1d86906, L:/127.0.0.1:54062 - R:localhost/127.0.0.1:44090] for GET '/session/67c054285278ccd4a59a3c8625af4372/element/beefa5a2-3d4c-456e-9c74-ca80edfa5f02/text'
[DEBUG] 

Request DefaultFullHttpRequest(decodeResult: success, version: HTTP/1.1, content: EmptyByteBufBE)
GET /session/67c054285278ccd4a59a3c8625af4372/element/beefa5a2-3d4c-456e-9c74-ca80edfa5f02/text HTTP/1.1
User-Agent: selenium/4.6.0 (java windows)
Cache-Control: no-cache
Content-Type: application/json; charset=utf-8
host: localhost:44090
accept: */*

Response DefaultHttpResponse(decodeResult: success, version: HTTP/1.1)
HTTP/1.1 200 OK
Content-Type: application/json; charset=utf-8
cache-control: no-cache
content-length: 23

[DEBUG] Adding key: http://localhost:44090 for channel [id: 0xd1d86906, L:/127.0.0.1:54062 - R:localhost/127.0.0.1:44090]
[DEBUG] Using pooled Channel '[id: 0xd1d86906, L:/127.0.0.1:54062 - R:localhost/127.0.0.1:44090]' for 'POST' to 'http://localhost:44090/session/67c054285278ccd4a59a3c8625af4372/element'
[DEBUG] Using open Channel [id: 0xd1d86906, L:/127.0.0.1:54062 - R:localhost/127.0.0.1:44090] for POST '/session/67c054285278ccd4a59a3c8625af4372/element'
[DEBUG] 

Request DefaultHttpRequest(decodeResult: success, version: HTTP/1.1)
POST /session/67c054285278ccd4a59a3c8625af4372/element HTTP/1.1
User-Agent: selenium/4.6.0 (java windows)
Content-Length: 128
Content-Type: application/json; charset=utf-8
host: localhost:44090
accept: */*

Response DefaultHttpResponse(decodeResult: success, version: HTTP/1.1)
HTTP/1.1 200 OK
Content-Type: application/json; charset=utf-8
cache-control: no-cache
content-length: 88

[DEBUG] Adding key: http://localhost:44090 for channel [id: 0xd1d86906, L:/127.0.0.1:54062 - R:localhost/127.0.0.1:44090]
[DEBUG] Using pooled Channel '[id: 0xd1d86906, L:/127.0.0.1:54062 - R:localhost/127.0.0.1:44090]' for 'GET' to 'http://localhost:44090/session/67c054285278ccd4a59a3c8625af4372/element/8723432f-bd4b-4925-a449-4952e601972b/text'
[DEBUG] Using open Channel [id: 0xd1d86906, L:/127.0.0.1:54062 - R:localhost/127.0.0.1:44090] for GET '/session/67c054285278ccd4a59a3c8625af4372/element/8723432f-bd4b-4925-a449-4952e601972b/text'
[DEBUG] 

Request DefaultFullHttpRequest(decodeResult: success, version: HTTP/1.1, content: EmptyByteBufBE)
GET /session/67c054285278ccd4a59a3c8625af4372/element/8723432f-bd4b-4925-a449-4952e601972b/text HTTP/1.1
User-Agent: selenium/4.6.0 (java windows)
Cache-Control: no-cache
Content-Type: application/json; charset=utf-8
host: localhost:44090
accept: */*

Response DefaultHttpResponse(decodeResult: success, version: HTTP/1.1)
HTTP/1.1 200 OK
Content-Type: application/json; charset=utf-8
cache-control: no-cache
content-length: 20

[DEBUG] Adding key: http://localhost:44090 for channel [id: 0xd1d86906, L:/127.0.0.1:54062 - R:localhost/127.0.0.1:44090]
[DEBUG] Using pooled Channel '[id: 0xd1d86906, L:/127.0.0.1:54062 - R:localhost/127.0.0.1:44090]' for 'POST' to 'http://localhost:44090/session/67c054285278ccd4a59a3c8625af4372/element'
[DEBUG] Using open Channel [id: 0xd1d86906, L:/127.0.0.1:54062 - R:localhost/127.0.0.1:44090] for POST '/session/67c054285278ccd4a59a3c8625af4372/element'
[DEBUG] 

Request DefaultHttpRequest(decodeResult: success, version: HTTP/1.1)
POST /session/67c054285278ccd4a59a3c8625af4372/element HTTP/1.1
User-Agent: selenium/4.6.0 (java windows)
Content-Length: 128
Content-Type: application/json; charset=utf-8
host: localhost:44090
accept: */*

Response DefaultHttpResponse(decodeResult: success, version: HTTP/1.1)
HTTP/1.1 200 OK
Content-Type: application/json; charset=utf-8
cache-control: no-cache
content-length: 88

[DEBUG] Adding key: http://localhost:44090 for channel [id: 0xd1d86906, L:/127.0.0.1:54062 - R:localhost/127.0.0.1:44090]
[DEBUG] Using pooled Channel '[id: 0xd1d86906, L:/127.0.0.1:54062 - R:localhost/127.0.0.1:44090]' for 'GET' to 'http://localhost:44090/session/67c054285278ccd4a59a3c8625af4372/element/c8a85077-602c-44b7-b7d5-48bd7d9c1e31/text'
[DEBUG] Using open Channel [id: 0xd1d86906, L:/127.0.0.1:54062 - R:localhost/127.0.0.1:44090] for GET '/session/67c054285278ccd4a59a3c8625af4372/element/c8a85077-602c-44b7-b7d5-48bd7d9c1e31/text'
[DEBUG] 

Request DefaultFullHttpRequest(decodeResult: success, version: HTTP/1.1, content: EmptyByteBufBE)
GET /session/67c054285278ccd4a59a3c8625af4372/element/c8a85077-602c-44b7-b7d5-48bd7d9c1e31/text HTTP/1.1
User-Agent: selenium/4.6.0 (java windows)
Cache-Control: no-cache
Content-Type: application/json; charset=utf-8
host: localhost:44090
accept: */*

Response DefaultHttpResponse(decodeResult: success, version: HTTP/1.1)
HTTP/1.1 200 OK
Content-Type: application/json; charset=utf-8
cache-control: no-cache
content-length: 27

[DEBUG] Adding key: http://localhost:44090 for channel [id: 0xd1d86906, L:/127.0.0.1:54062 - R:localhost/127.0.0.1:44090]
[DEBUG] Using pooled Channel '[id: 0xd1d86906, L:/127.0.0.1:54062 - R:localhost/127.0.0.1:44090]' for 'POST' to 'http://localhost:44090/session/67c054285278ccd4a59a3c8625af4372/element'
[DEBUG] Using open Channel [id: 0xd1d86906, L:/127.0.0.1:54062 - R:localhost/127.0.0.1:44090] for POST '/session/67c054285278ccd4a59a3c8625af4372/element'
[DEBUG] 

Request DefaultHttpRequest(decodeResult: success, version: HTTP/1.1)
POST /session/67c054285278ccd4a59a3c8625af4372/element HTTP/1.1
User-Agent: selenium/4.6.0 (java windows)
Content-Length: 128
Content-Type: application/json; charset=utf-8
host: localhost:44090
accept: */*

Response DefaultHttpResponse(decodeResult: success, version: HTTP/1.1)
HTTP/1.1 200 OK
Content-Type: application/json; charset=utf-8
cache-control: no-cache
content-length: 88

[DEBUG] Adding key: http://localhost:44090 for channel [id: 0xd1d86906, L:/127.0.0.1:54062 - R:localhost/127.0.0.1:44090]
[DEBUG] Using pooled Channel '[id: 0xd1d86906, L:/127.0.0.1:54062 - R:localhost/127.0.0.1:44090]' for 'GET' to 'http://localhost:44090/session/67c054285278ccd4a59a3c8625af4372/element/2fb7f151-dab0-4cf8-99ac-01bbd9b8b7ea/text'
[DEBUG] Using open Channel [id: 0xd1d86906, L:/127.0.0.1:54062 - R:localhost/127.0.0.1:44090] for GET '/session/67c054285278ccd4a59a3c8625af4372/element/2fb7f151-dab0-4cf8-99ac-01bbd9b8b7ea/text'
[DEBUG] 

Request DefaultFullHttpRequest(decodeResult: success, version: HTTP/1.1, content: EmptyByteBufBE)
GET /session/67c054285278ccd4a59a3c8625af4372/element/2fb7f151-dab0-4cf8-99ac-01bbd9b8b7ea/text HTTP/1.1
User-Agent: selenium/4.6.0 (java windows)
Cache-Control: no-cache
Content-Type: application/json; charset=utf-8
host: localhost:44090
accept: */*

Response DefaultHttpResponse(decodeResult: success, version: HTTP/1.1)
HTTP/1.1 200 OK
Content-Type: application/json; charset=utf-8
cache-control: no-cache
content-length: 28

[DEBUG] Adding key: http://localhost:44090 for channel [id: 0xd1d86906, L:/127.0.0.1:54062 - R:localhost/127.0.0.1:44090]
[DEBUG] Using pooled Channel '[id: 0xd1d86906, L:/127.0.0.1:54062 - R:localhost/127.0.0.1:44090]' for 'POST' to 'http://localhost:44090/session/67c054285278ccd4a59a3c8625af4372/element'
[DEBUG] Using open Channel [id: 0xd1d86906, L:/127.0.0.1:54062 - R:localhost/127.0.0.1:44090] for POST '/session/67c054285278ccd4a59a3c8625af4372/element'
[DEBUG] 

Request DefaultHttpRequest(decodeResult: success, version: HTTP/1.1)
POST /session/67c054285278ccd4a59a3c8625af4372/element HTTP/1.1
User-Agent: selenium/4.6.0 (java windows)
Content-Length: 128
Content-Type: application/json; charset=utf-8
host: localhost:44090
accept: */*

Response DefaultHttpResponse(decodeResult: success, version: HTTP/1.1)
HTTP/1.1 200 OK
Content-Type: application/json; charset=utf-8
cache-control: no-cache
content-length: 88

[DEBUG] Adding key: http://localhost:44090 for channel [id: 0xd1d86906, L:/127.0.0.1:54062 - R:localhost/127.0.0.1:44090]
[DEBUG] Using pooled Channel '[id: 0xd1d86906, L:/127.0.0.1:54062 - R:localhost/127.0.0.1:44090]' for 'GET' to 'http://localhost:44090/session/67c054285278ccd4a59a3c8625af4372/element/89f727b7-e6cb-41ef-a03b-e81350ff0d23/text'
[DEBUG] Using open Channel [id: 0xd1d86906, L:/127.0.0.1:54062 - R:localhost/127.0.0.1:44090] for GET '/session/67c054285278ccd4a59a3c8625af4372/element/89f727b7-e6cb-41ef-a03b-e81350ff0d23/text'
[DEBUG] 

Request DefaultFullHttpRequest(decodeResult: success, version: HTTP/1.1, content: EmptyByteBufBE)
GET /session/67c054285278ccd4a59a3c8625af4372/element/89f727b7-e6cb-41ef-a03b-e81350ff0d23/text HTTP/1.1
User-Agent: selenium/4.6.0 (java windows)
Cache-Control: no-cache
Content-Type: application/json; charset=utf-8
host: localhost:44090
accept: */*

Response DefaultHttpResponse(decodeResult: success, version: HTTP/1.1)
HTTP/1.1 200 OK
Content-Type: application/json; charset=utf-8
cache-control: no-cache
content-length: 23

[DEBUG] Adding key: http://localhost:44090 for channel [id: 0xd1d86906, L:/127.0.0.1:54062 - R:localhost/127.0.0.1:44090]
[DEBUG] Using pooled Channel '[id: 0xd1d86906, L:/127.0.0.1:54062 - R:localhost/127.0.0.1:44090]' for 'POST' to 'http://localhost:44090/session/67c054285278ccd4a59a3c8625af4372/element'
[DEBUG] Using open Channel [id: 0xd1d86906, L:/127.0.0.1:54062 - R:localhost/127.0.0.1:44090] for POST '/session/67c054285278ccd4a59a3c8625af4372/element'
[DEBUG] 

Request DefaultHttpRequest(decodeResult: success, version: HTTP/1.1)
POST /session/67c054285278ccd4a59a3c8625af4372/element HTTP/1.1
User-Agent: selenium/4.6.0 (java windows)
Content-Length: 128
Content-Type: application/json; charset=utf-8
host: localhost:44090
accept: */*

Response DefaultHttpResponse(decodeResult: success, version: HTTP/1.1)
HTTP/1.1 200 OK
Content-Type: application/json; charset=utf-8
cache-control: no-cache
content-length: 88

[DEBUG] Adding key: http://localhost:44090 for channel [id: 0xd1d86906, L:/127.0.0.1:54062 - R:localhost/127.0.0.1:44090]
[DEBUG] Using pooled Channel '[id: 0xd1d86906, L:/127.0.0.1:54062 - R:localhost/127.0.0.1:44090]' for 'GET' to 'http://localhost:44090/session/67c054285278ccd4a59a3c8625af4372/element/53851077-23f0-4780-b7ca-8ca40243997c/text'
[DEBUG] Using open Channel [id: 0xd1d86906, L:/127.0.0.1:54062 - R:localhost/127.0.0.1:44090] for GET '/session/67c054285278ccd4a59a3c8625af4372/element/53851077-23f0-4780-b7ca-8ca40243997c/text'
[DEBUG] 

Request DefaultFullHttpRequest(decodeResult: success, version: HTTP/1.1, content: EmptyByteBufBE)
GET /session/67c054285278ccd4a59a3c8625af4372/element/53851077-23f0-4780-b7ca-8ca40243997c/text HTTP/1.1
User-Agent: selenium/4.6.0 (java windows)
Cache-Control: no-cache
Content-Type: application/json; charset=utf-8
host: localhost:44090
accept: */*

Response DefaultHttpResponse(decodeResult: success, version: HTTP/1.1)
HTTP/1.1 200 OK
Content-Type: application/json; charset=utf-8
cache-control: no-cache
content-length: 18

[DEBUG] Adding key: http://localhost:44090 for channel [id: 0xd1d86906, L:/127.0.0.1:54062 - R:localhost/127.0.0.1:44090]
[DEBUG] Using pooled Channel '[id: 0xd1d86906, L:/127.0.0.1:54062 - R:localhost/127.0.0.1:44090]' for 'POST' to 'http://localhost:44090/session/67c054285278ccd4a59a3c8625af4372/element'
[DEBUG] Using open Channel [id: 0xd1d86906, L:/127.0.0.1:54062 - R:localhost/127.0.0.1:44090] for POST '/session/67c054285278ccd4a59a3c8625af4372/element'
[DEBUG] 

Request DefaultHttpRequest(decodeResult: success, version: HTTP/1.1)
POST /session/67c054285278ccd4a59a3c8625af4372/element HTTP/1.1
User-Agent: selenium/4.6.0 (java windows)
Content-Length: 128
Content-Type: application/json; charset=utf-8
host: localhost:44090
accept: */*

Response DefaultHttpResponse(decodeResult: success, version: HTTP/1.1)
HTTP/1.1 200 OK
Content-Type: application/json; charset=utf-8
cache-control: no-cache
content-length: 88

[DEBUG] Adding key: http://localhost:44090 for channel [id: 0xd1d86906, L:/127.0.0.1:54062 - R:localhost/127.0.0.1:44090]
[DEBUG] Using pooled Channel '[id: 0xd1d86906, L:/127.0.0.1:54062 - R:localhost/127.0.0.1:44090]' for 'GET' to 'http://localhost:44090/session/67c054285278ccd4a59a3c8625af4372/element/d22a0deb-5130-4c4c-a299-09b2bd137ec4/text'
[DEBUG] Using open Channel [id: 0xd1d86906, L:/127.0.0.1:54062 - R:localhost/127.0.0.1:44090] for GET '/session/67c054285278ccd4a59a3c8625af4372/element/d22a0deb-5130-4c4c-a299-09b2bd137ec4/text'
[DEBUG] 

Request DefaultFullHttpRequest(decodeResult: success, version: HTTP/1.1, content: EmptyByteBufBE)
GET /session/67c054285278ccd4a59a3c8625af4372/element/d22a0deb-5130-4c4c-a299-09b2bd137ec4/text HTTP/1.1
User-Agent: selenium/4.6.0 (java windows)
Cache-Control: no-cache
Content-Type: application/json; charset=utf-8
host: localhost:44090
accept: */*

Response DefaultHttpResponse(decodeResult: success, version: HTTP/1.1)
HTTP/1.1 200 OK
Content-Type: application/json; charset=utf-8
cache-control: no-cache
content-length: 40

[DEBUG] Adding key: http://localhost:44090 for channel [id: 0xd1d86906, L:/127.0.0.1:54062 - R:localhost/127.0.0.1:44090]
[DEBUG] Using pooled Channel '[id: 0xd1d86906, L:/127.0.0.1:54062 - R:localhost/127.0.0.1:44090]' for 'POST' to 'http://localhost:44090/session/67c054285278ccd4a59a3c8625af4372/element'
[DEBUG] Using open Channel [id: 0xd1d86906, L:/127.0.0.1:54062 - R:localhost/127.0.0.1:44090] for POST '/session/67c054285278ccd4a59a3c8625af4372/element'
[DEBUG] 

Request DefaultHttpRequest(decodeResult: success, version: HTTP/1.1)
POST /session/67c054285278ccd4a59a3c8625af4372/element HTTP/1.1
User-Agent: selenium/4.6.0 (java windows)
Content-Length: 128
Content-Type: application/json; charset=utf-8
host: localhost:44090
accept: */*

Response DefaultHttpResponse(decodeResult: success, version: HTTP/1.1)
HTTP/1.1 200 OK
Content-Type: application/json; charset=utf-8
cache-control: no-cache
content-length: 88

[DEBUG] Adding key: http://localhost:44090 for channel [id: 0xd1d86906, L:/127.0.0.1:54062 - R:localhost/127.0.0.1:44090]
[DEBUG] Using pooled Channel '[id: 0xd1d86906, L:/127.0.0.1:54062 - R:localhost/127.0.0.1:44090]' for 'GET' to 'http://localhost:44090/session/67c054285278ccd4a59a3c8625af4372/element/1919ad03-8ba8-4ba1-9621-b2c8ec869abd/text'
[DEBUG] Using open Channel [id: 0xd1d86906, L:/127.0.0.1:54062 - R:localhost/127.0.0.1:44090] for GET '/session/67c054285278ccd4a59a3c8625af4372/element/1919ad03-8ba8-4ba1-9621-b2c8ec869abd/text'
[DEBUG] 

Request DefaultFullHttpRequest(decodeResult: success, version: HTTP/1.1, content: EmptyByteBufBE)
GET /session/67c054285278ccd4a59a3c8625af4372/element/1919ad03-8ba8-4ba1-9621-b2c8ec869abd/text HTTP/1.1
User-Agent: selenium/4.6.0 (java windows)
Cache-Control: no-cache
Content-Type: application/json; charset=utf-8
host: localhost:44090
accept: */*

Response DefaultHttpResponse(decodeResult: success, version: HTTP/1.1)
HTTP/1.1 200 OK
Content-Type: application/json; charset=utf-8
cache-control: no-cache
content-length: 28

[DEBUG] Adding key: http://localhost:44090 for channel [id: 0xd1d86906, L:/127.0.0.1:54062 - R:localhost/127.0.0.1:44090]
[DEBUG] Using pooled Channel '[id: 0xd1d86906, L:/127.0.0.1:54062 - R:localhost/127.0.0.1:44090]' for 'POST' to 'http://localhost:44090/session/67c054285278ccd4a59a3c8625af4372/element'
[DEBUG] Using open Channel [id: 0xd1d86906, L:/127.0.0.1:54062 - R:localhost/127.0.0.1:44090] for POST '/session/67c054285278ccd4a59a3c8625af4372/element'
[DEBUG] 

Request DefaultHttpRequest(decodeResult: success, version: HTTP/1.1)
POST /session/67c054285278ccd4a59a3c8625af4372/element HTTP/1.1
User-Agent: selenium/4.6.0 (java windows)
Content-Length: 128
Content-Type: application/json; charset=utf-8
host: localhost:44090
accept: */*

Response DefaultHttpResponse(decodeResult: success, version: HTTP/1.1)
HTTP/1.1 200 OK
Content-Type: application/json; charset=utf-8
cache-control: no-cache
content-length: 88

[DEBUG] Adding key: http://localhost:44090 for channel [id: 0xd1d86906, L:/127.0.0.1:54062 - R:localhost/127.0.0.1:44090]
[DEBUG] Using pooled Channel '[id: 0xd1d86906, L:/127.0.0.1:54062 - R:localhost/127.0.0.1:44090]' for 'GET' to 'http://localhost:44090/session/67c054285278ccd4a59a3c8625af4372/element/979fd2ec-a903-4efa-beb6-f78b3947cd71/text'
[DEBUG] Using open Channel [id: 0xd1d86906, L:/127.0.0.1:54062 - R:localhost/127.0.0.1:44090] for GET '/session/67c054285278ccd4a59a3c8625af4372/element/979fd2ec-a903-4efa-beb6-f78b3947cd71/text'
[DEBUG] 

Request DefaultFullHttpRequest(decodeResult: success, version: HTTP/1.1, content: EmptyByteBufBE)
GET /session/67c054285278ccd4a59a3c8625af4372/element/979fd2ec-a903-4efa-beb6-f78b3947cd71/text HTTP/1.1
User-Agent: selenium/4.6.0 (java windows)
Cache-Control: no-cache
Content-Type: application/json; charset=utf-8
host: localhost:44090
accept: */*

Response DefaultHttpResponse(decodeResult: success, version: HTTP/1.1)
HTTP/1.1 200 OK
Content-Type: application/json; charset=utf-8
cache-control: no-cache
content-length: 23

[DEBUG] Adding key: http://localhost:44090 for channel [id: 0xd1d86906, L:/127.0.0.1:54062 - R:localhost/127.0.0.1:44090]
[DEBUG] Using pooled Channel '[id: 0xd1d86906, L:/127.0.0.1:54062 - R:localhost/127.0.0.1:44090]' for 'POST' to 'http://localhost:44090/session/67c054285278ccd4a59a3c8625af4372/element'
[DEBUG] Using open Channel [id: 0xd1d86906, L:/127.0.0.1:54062 - R:localhost/127.0.0.1:44090] for POST '/session/67c054285278ccd4a59a3c8625af4372/element'
[DEBUG] 

Request DefaultHttpRequest(decodeResult: success, version: HTTP/1.1)
POST /session/67c054285278ccd4a59a3c8625af4372/element HTTP/1.1
User-Agent: selenium/4.6.0 (java windows)
Content-Length: 128
Content-Type: application/json; charset=utf-8
host: localhost:44090
accept: */*

Response DefaultHttpResponse(decodeResult: success, version: HTTP/1.1)
HTTP/1.1 200 OK
Content-Type: application/json; charset=utf-8
cache-control: no-cache
content-length: 88

[DEBUG] Adding key: http://localhost:44090 for channel [id: 0xd1d86906, L:/127.0.0.1:54062 - R:localhost/127.0.0.1:44090]
[DEBUG] Using pooled Channel '[id: 0xd1d86906, L:/127.0.0.1:54062 - R:localhost/127.0.0.1:44090]' for 'GET' to 'http://localhost:44090/session/67c054285278ccd4a59a3c8625af4372/element/7bbab6e2-44ee-4c4a-a921-9a265a28381c/text'
[DEBUG] Using open Channel [id: 0xd1d86906, L:/127.0.0.1:54062 - R:localhost/127.0.0.1:44090] for GET '/session/67c054285278ccd4a59a3c8625af4372/element/7bbab6e2-44ee-4c4a-a921-9a265a28381c/text'
[DEBUG] 

Request DefaultFullHttpRequest(decodeResult: success, version: HTTP/1.1, content: EmptyByteBufBE)
GET /session/67c054285278ccd4a59a3c8625af4372/element/7bbab6e2-44ee-4c4a-a921-9a265a28381c/text HTTP/1.1
User-Agent: selenium/4.6.0 (java windows)
Cache-Control: no-cache
Content-Type: application/json; charset=utf-8
host: localhost:44090
accept: */*

Response DefaultHttpResponse(decodeResult: success, version: HTTP/1.1)
HTTP/1.1 200 OK
Content-Type: application/json; charset=utf-8
cache-control: no-cache
content-length: 19

[DEBUG] Adding key: http://localhost:44090 for channel [id: 0xd1d86906, L:/127.0.0.1:54062 - R:localhost/127.0.0.1:44090]
[DEBUG] Using pooled Channel '[id: 0xd1d86906, L:/127.0.0.1:54062 - R:localhost/127.0.0.1:44090]' for 'POST' to 'http://localhost:44090/session/67c054285278ccd4a59a3c8625af4372/element'
[DEBUG] Using open Channel [id: 0xd1d86906, L:/127.0.0.1:54062 - R:localhost/127.0.0.1:44090] for POST '/session/67c054285278ccd4a59a3c8625af4372/element'
[DEBUG] 

Request DefaultHttpRequest(decodeResult: success, version: HTTP/1.1)
POST /session/67c054285278ccd4a59a3c8625af4372/element HTTP/1.1
User-Agent: selenium/4.6.0 (java windows)
Content-Length: 128
Content-Type: application/json; charset=utf-8
host: localhost:44090
accept: */*

Response DefaultHttpResponse(decodeResult: success, version: HTTP/1.1)
HTTP/1.1 200 OK
Content-Type: application/json; charset=utf-8
cache-control: no-cache
content-length: 88

[DEBUG] Adding key: http://localhost:44090 for channel [id: 0xd1d86906, L:/127.0.0.1:54062 - R:localhost/127.0.0.1:44090]
[DEBUG] Using pooled Channel '[id: 0xd1d86906, L:/127.0.0.1:54062 - R:localhost/127.0.0.1:44090]' for 'GET' to 'http://localhost:44090/session/67c054285278ccd4a59a3c8625af4372/element/1cb87b14-77cb-41cd-856a-626515956b10/text'
[DEBUG] Using open Channel [id: 0xd1d86906, L:/127.0.0.1:54062 - R:localhost/127.0.0.1:44090] for GET '/session/67c054285278ccd4a59a3c8625af4372/element/1cb87b14-77cb-41cd-856a-626515956b10/text'
[DEBUG] 

[...]
cache-control: no-cache
content-length: 90

[DEBUG] Adding key: http://localhost:44090 for channel [id: 0xd1d86906, L:/127.0.0.1:54062 - R:localhost/127.0.0.1:44090]
[DEBUG] Using pooled Channel '[id: 0xd1d86906, L:/127.0.0.1:54062 - R:localhost/127.0.0.1:44090]' for 'GET' to 'http://localhost:44090/session/67c054285278ccd4a59a3c8625af4372/element/b90a67cd-317a-4900-9ab2-b7171571ed7a/text'
[DEBUG] Using open Channel [id: 0xd1d86906, L:/127.0.0.1:54062 - R:localhost/127.0.0.1:44090] for GET '/session/67c054285278ccd4a59a3c8625af4372/element/b90a67cd-317a-4900-9ab2-b7171571ed7a/text'
[DEBUG] 

Request DefaultFullHttpRequest(decodeResult: success, version: HTTP/1.1, content: EmptyByteBufBE)
GET /session/67c054285278ccd4a59a3c8625af4372/element/b90a67cd-317a-4900-9ab2-b7171571ed7a/text HTTP/1.1
User-Agent: selenium/4.6.0 (java windows)
Cache-Control: no-cache
Content-Type: application/json; charset=utf-8
host: localhost:44090
accept: */*

Response DefaultHttpResponse(decodeResult: success, version: HTTP/1.1)
HTTP/1.1 200 OK
Content-Type: application/json; charset=utf-8
cache-control: no-cache
content-length: 28

[DEBUG] Adding key: http://localhost:44090 for channel [id: 0xd1d86906, L:/127.0.0.1:54062 - R:localhost/127.0.0.1:44090]
[DEBUG] Using pooled Channel '[id: 0xd1d86906, L:/127.0.0.1:54062 - R:localhost/127.0.0.1:44090]' for 'POST' to 'http://localhost:44090/session/67c054285278ccd4a59a3c8625af4372/element'
[DEBUG] Using open Channel [id: 0xd1d86906, L:/127.0.0.1:54062 - R:localhost/127.0.0.1:44090] for POST '/session/67c054285278ccd4a59a3c8625af4372/element'
[DEBUG] 

Request DefaultHttpRequest(decodeResult: success, version: HTTP/1.1)
POST /session/67c054285278ccd4a59a3c8625af4372/element HTTP/1.1
User-Agent: selenium/4.6.0 (java windows)
Content-Length: 129
Content-Type: application/json; charset=utf-8
host: localhost:44090
accept: */*

Response DefaultHttpResponse(decodeResult: success, version: HTTP/1.1)
HTTP/1.1 200 OK
Content-Type: application/json; charset=utf-8
cache-control: no-cache
content-length: 88

[DEBUG] Adding key: http://localhost:44090 for channel [id: 0xd1d86906, L:/127.0.0.1:54062 - R:localhost/127.0.0.1:44090]
[DEBUG] Using pooled Channel '[id: 0xd1d86906, L:/127.0.0.1:54062 - R:localhost/127.0.0.1:44090]' for 'GET' to 'http://localhost:44090/session/67c054285278ccd4a59a3c8625af4372/element/a703e766-6539-424b-b89a-12a3bbd9ae77/text'
[DEBUG] Using open Channel [id: 0xd1d86906, L:/127.0.0.1:54062 - R:localhost/127.0.0.1:44090] for GET '/session/67c054285278ccd4a59a3c8625af4372/element/a703e766-6539-424b-b89a-12a3bbd9ae77/text'
[DEBUG] 

Request DefaultFullHttpRequest(decodeResult: success, version: HTTP/1.1, content: EmptyByteBufBE)
GET /session/67c054285278ccd4a59a3c8625af4372/element/a703e766-6539-424b-b89a-12a3bbd9ae77/text HTTP/1.1
User-Agent: selenium/4.6.0 (java windows)
Cache-Control: no-cache
Content-Type: application/json; charset=utf-8
host: localhost:44090
accept: */*

Response DefaultHttpResponse(decodeResult: success, version: HTTP/1.1)
HTTP/1.1 200 OK
Content-Type: application/json; charset=utf-8
cache-control: no-cache
content-length: 28

[DEBUG] Adding key: http://localhost:44090 for channel [id: 0xd1d86906, L:/127.0.0.1:54062 - R:localhost/127.0.0.1:44090]
[DEBUG] Using pooled Channel '[id: 0xd1d86906, L:/127.0.0.1:54062 - R:localhost/127.0.0.1:44090]' for 'POST' to 'http://localhost:44090/session/67c054285278ccd4a59a3c8625af4372/elements'
[DEBUG] Using open Channel [id: 0xd1d86906, L:/127.0.0.1:54062 - R:localhost/127.0.0.1:44090] for POST '/session/67c054285278ccd4a59a3c8625af4372/elements'
[DEBUG] 

Request DefaultHttpRequest(decodeResult: success, version: HTTP/1.1)
POST /session/67c054285278ccd4a59a3c8625af4372/elements HTTP/1.1
User-Agent: selenium/4.6.0 (java windows)
Content-Length: 129
Content-Type: application/json; charset=utf-8
host: localhost:44090
accept: */*

Response DefaultHttpResponse(decodeResult: success, version: HTTP/1.1)
HTTP/1.1 200 OK
Content-Type: application/json; charset=utf-8
cache-control: no-cache
content-length: 90

[DEBUG] Adding key: http://localhost:44090 for channel [id: 0xd1d86906, L:/127.0.0.1:54062 - R:localhost/127.0.0.1:44090]
[DEBUG] Using pooled Channel '[id: 0xd1d86906, L:/127.0.0.1:54062 - R:localhost/127.0.0.1:44090]' for 'GET' to 'http://localhost:44090/session/67c054285278ccd4a59a3c8625af4372/element/5fb16a93-0b9a-46cb-88ad-9193a1f17272/text'
[DEBUG] Using open Channel [id: 0xd1d86906, L:/127.0.0.1:54062 - R:localhost/127.0.0.1:44090] for GET '/session/67c054285278ccd4a59a3c8625af4372/element/5fb16a93-0b9a-46cb-88ad-9193a1f17272/text'
[DEBUG] 

Request DefaultFullHttpRequest(decodeResult: success, version: HTTP/1.1, content: EmptyByteBufBE)
GET /session/67c054285278ccd4a59a3c8625af4372/element/5fb16a93-0b9a-46cb-88ad-9193a1f17272/text HTTP/1.1
User-Agent: selenium/4.6.0 (java windows)
Cache-Control: no-cache
Content-Type: application/json; charset=utf-8
host: localhost:44090
accept: */*

Response DefaultHttpResponse(decodeResult: success, version: HTTP/1.1)
HTTP/1.1 200 OK
Content-Type: application/json; charset=utf-8
cache-control: no-cache
content-length: 23

[DEBUG] Adding key: http://localhost:44090 for channel [id: 0xd1d86906, L:/127.0.0.1:54062 - R:localhost/127.0.0.1:44090]
[DEBUG] Using pooled Channel '[id: 0xd1d86906, L:/127.0.0.1:54062 - R:localhost/127.0.0.1:44090]' for 'POST' to 'http://localhost:44090/session/67c054285278ccd4a59a3c8625af4372/elements'
[DEBUG] Using open Channel [id: 0xd1d86906, L:/127.0.0.1:54062 - R:localhost/127.0.0.1:44090] for POST '/session/67c054285278ccd4a59a3c8625af4372/elements'
[DEBUG] 

Request DefaultHttpRequest(decodeResult: success, version: HTTP/1.1)
POST /session/67c054285278ccd4a59a3c8625af4372/elements HTTP/1.1
User-Agent: selenium/4.6.0 (java windows)
Content-Length: 129
Content-Type: application/json; charset=utf-8
host: localhost:44090
accept: */*

Response DefaultHttpResponse(decodeResult: success, version: HTTP/1.1)
HTTP/1.1 200 OK
Content-Type: application/json; charset=utf-8
cache-control: no-cache
content-length: 90

[DEBUG] Adding key: http://localhost:44090 for channel [id: 0xd1d86906, L:/127.0.0.1:54062 - R:localhost/127.0.0.1:44090]
[DEBUG] Using pooled Channel '[id: 0xd1d86906, L:/127.0.0.1:54062 - R:localhost/127.0.0.1:44090]' for 'GET' to 'http://localhost:44090/session/67c054285278ccd4a59a3c8625af4372/element/00411714-012c-46eb-ad79-1f74707b4bac/text'
[DEBUG] Using open Channel [id: 0xd1d86906, L:/127.0.0.1:54062 - R:localhost/127.0.0.1:44090] for GET '/session/67c054285278ccd4a59a3c8625af4372/element/00411714-012c-46eb-ad79-1f74707b4bac/text'
[DEBUG] 

Request DefaultFullHttpRequest(decodeResult: success, version: HTTP/1.1, content: EmptyByteBufBE)
GET /session/67c054285278ccd4a59a3c8625af4372/element/00411714-012c-46eb-ad79-1f74707b4bac/text HTTP/1.1
User-Agent: selenium/4.6.0 (java windows)
Cache-Control: no-cache
Content-Type: application/json; charset=utf-8
host: localhost:44090
accept: */*

Response DefaultHttpResponse(decodeResult: success, version: HTTP/1.1)
HTTP/1.1 200 OK
Content-Type: application/json; charset=utf-8
cache-control: no-cache
content-length: 18

[DEBUG] Adding key: http://localhost:44090 for channel [id: 0xd1d86906, L:/127.0.0.1:54062 - R:localhost/127.0.0.1:44090]
[DEBUG] Using pooled Channel '[id: 0xd1d86906, L:/127.0.0.1:54062 - R:localhost/127.0.0.1:44090]' for 'POST' to 'http://localhost:44090/session/67c054285278ccd4a59a3c8625af4372/elements'
[DEBUG] Using open Channel [id: 0xd1d86906, L:/127.0.0.1:54062 - R:localhost/127.0.0.1:44090] for POST '/session/67c054285278ccd4a59a3c8625af4372/elements'
[DEBUG] 

Request DefaultHttpRequest(decodeResult: success, version: HTTP/1.1)
POST /session/67c054285278ccd4a59a3c8625af4372/elements HTTP/1.1
User-Agent: selenium/4.6.0 (java windows)
Content-Length: 129
Content-Type: application/json; charset=utf-8
host: localhost:44090
accept: */*

Response DefaultHttpResponse(decodeResult: success, version: HTTP/1.1)
HTTP/1.1 200 OK
Content-Type: application/json; charset=utf-8
cache-control: no-cache
content-length: 90

[DEBUG] Adding key: http://localhost:44090 for channel [id: 0xd1d86906, L:/127.0.0.1:54062 - R:localhost/127.0.0.1:44090]
[DEBUG] Using pooled Channel '[id: 0xd1d86906, L:/127.0.0.1:54062 - R:localhost/127.0.0.1:44090]' for 'GET' to 'http://localhost:44090/session/67c054285278ccd4a59a3c8625af4372/element/6005cfdc-b22c-4848-99d4-82e5d311030d/text'
[DEBUG] Using open Channel [id: 0xd1d86906, L:/127.0.0.1:54062 - R:localhost/127.0.0.1:44090] for GET '/session/67c054285278ccd4a59a3c8625af4372/element/6005cfdc-b22c-4848-99d4-82e5d311030d/text'
[DEBUG] 

Request DefaultFullHttpRequest(decodeResult: success, version: HTTP/1.1, content: EmptyByteBufBE)
GET /session/67c054285278ccd4a59a3c8625af4372/element/6005cfdc-b22c-4848-99d4-82e5d311030d/text HTTP/1.1
User-Agent: selenium/4.6.0 (java windows)
Cache-Control: no-cache
Content-Type: application/json; charset=utf-8
host: localhost:44090
accept: */*

Response DefaultHttpResponse(decodeResult: success, version: HTTP/1.1)
HTTP/1.1 200 OK
Content-Type: application/json; charset=utf-8
cache-control: no-cache
content-length: 45

[DEBUG] Adding key: http://localhost:44090 for channel [id: 0xd1d86906, L:/127.0.0.1:54062 - R:localhost/127.0.0.1:44090]
[DEBUG] Using pooled Channel '[id: 0xd1d86906, L:/127.0.0.1:54062 - R:localhost/127.0.0.1:44090]' for 'POST' to 'http://localhost:44090/session/67c054285278ccd4a59a3c8625af4372/elements'
[DEBUG] Using open Channel [id: 0xd1d86906, L:/127.0.0.1:54062 - R:localhost/127.0.0.1:44090] for POST '/session/67c054285278ccd4a59a3c8625af4372/elements'
[DEBUG] 

Request DefaultHttpRequest(decodeResult: success, version: HTTP/1.1)
POST /session/67c054285278ccd4a59a3c8625af4372/elements HTTP/1.1
User-Agent: selenium/4.6.0 (java windows)
Content-Length: 129
Content-Type: application/json; charset=utf-8
host: localhost:44090
accept: */*

Response DefaultHttpResponse(decodeResult: success, version: HTTP/1.1)
HTTP/1.1 200 OK
Content-Type: application/json; charset=utf-8
cache-control: no-cache
content-length: 90

[DEBUG] Adding key: http://localhost:44090 for channel [id: 0xd1d86906, L:/127.0.0.1:54062 - R:localhost/127.0.0.1:44090]
[DEBUG] Using pooled Channel '[id: 0xd1d86906, L:/127.0.0.1:54062 - R:localhost/127.0.0.1:44090]' for 'GET' to 'http://localhost:44090/session/67c054285278ccd4a59a3c8625af4372/element/a703e766-6539-424b-b89a-12a3bbd9ae77/text'
[DEBUG] Using open Channel [id: 0xd1d86906, L:/127.0.0.1:54062 - R:localhost/127.0.0.1:44090] for GET '/session/67c054285278ccd4a59a3c8625af4372/element/a703e766-6539-424b-b89a-12a3bbd9ae77/text'
[DEBUG] 

Request DefaultFullHttpRequest(decodeResult: success, version: HTTP/1.1, content: EmptyByteBufBE)
GET /session/67c054285278ccd4a59a3c8625af4372/element/a703e766-6539-424b-b89a-12a3bbd9ae77/text HTTP/1.1
User-Agent: selenium/4.6.0 (java windows)
Cache-Control: no-cache
Content-Type: application/json; charset=utf-8
host: localhost:44090
accept: */*

Response DefaultHttpResponse(decodeResult: success, version: HTTP/1.1)
HTTP/1.1 200 OK
Content-Type: application/json; charset=utf-8
cache-control: no-cache
content-length: 28

[DEBUG] Adding key: http://localhost:44090 for channel [id: 0xd1d86906, L:/127.0.0.1:54062 - R:localhost/127.0.0.1:44090]
[DEBUG] Using pooled Channel '[id: 0xd1d86906, L:/127.0.0.1:54062 - R:localhost/127.0.0.1:44090]' for 'POST' to 'http://localhost:44090/session/67c054285278ccd4a59a3c8625af4372/element'
[DEBUG] Using open Channel [id: 0xd1d86906, L:/127.0.0.1:54062 - R:localhost/127.0.0.1:44090] for POST '/session/67c054285278ccd4a59a3c8625af4372/element'
[DEBUG] 

Request DefaultHttpRequest(decodeResult: success, version: HTTP/1.1)
POST /session/67c054285278ccd4a59a3c8625af4372/element HTTP/1.1
User-Agent: selenium/4.6.0 (java windows)
Content-Length: 129
Content-Type: application/json; charset=utf-8
host: localhost:44090
accept: */*

Response DefaultHttpResponse(decodeResult: success, version: HTTP/1.1)
HTTP/1.1 200 OK
Content-Type: application/json; charset=utf-8
cache-control: no-cache
content-length: 88

[DEBUG] Adding key: http://localhost:44090 for channel [id: 0xd1d86906, L:/127.0.0.1:54062 - R:localhost/127.0.0.1:44090]
[DEBUG] Using pooled Channel '[id: 0xd1d86906, L:/127.0.0.1:54062 - R:localhost/127.0.0.1:44090]' for 'GET' to 'http://localhost:44090/session/67c054285278ccd4a59a3c8625af4372/element/09b888de-9851-46c7-b5fe-2869efa20893/text'
[DEBUG] Using open Channel [id: 0xd1d86906, L:/127.0.0.1:54062 - R:localhost/127.0.0.1:44090] for GET '/session/67c054285278ccd4a59a3c8625af4372/element/09b888de-9851-46c7-b5fe-2869efa20893/text'
[DEBUG] 

Request DefaultFullHttpRequest(decodeResult: success, version: HTTP/1.1, content: EmptyByteBufBE)
GET /session/67c054285278ccd4a59a3c8625af4372/element/09b888de-9851-46c7-b5fe-2869efa20893/text HTTP/1.1
User-Agent: selenium/4.6.0 (java windows)
Cache-Control: no-cache
Content-Type: application/json; charset=utf-8
host: localhost:44090
accept: */*

Response DefaultHttpResponse(decodeResult: success, version: HTTP/1.1)
HTTP/1.1 200 OK
Content-Type: application/json; charset=utf-8
cache-control: no-cache
content-length: 26

[DEBUG] Adding key: http://localhost:44090 for channel [id: 0xd1d86906, L:/127.0.0.1:54062 - R:localhost/127.0.0.1:44090]
  And user can generate a report based on the holiday type                                 # com.lms.stepdefinition.LMSHolidayListSteps.user_can_generate_a_report_based_on_the_holiday_type()
[DEBUG] Using pooled Channel '[id: 0xd1d86906, L:/127.0.0.1:54062 - R:localhost/127.0.0.1:44090]' for 'GET' to 'http://localhost:44090/session/67c054285278ccd4a59a3c8625af4372/screenshot'
[DEBUG] Using open Channel [id: 0xd1d86906, L:/127.0.0.1:54062 - R:localhost/127.0.0.1:44090] for GET '/session/67c054285278ccd4a59a3c8625af4372/screenshot'
[DEBUG] Entry count for : http://localhost:54065 : 1
[DEBUG] 

Request DefaultFullHttpRequest(decodeResult: success, version: HTTP/1.1, content: EmptyByteBufBE)
GET /session/67c054285278ccd4a59a3c8625af4372/screenshot HTTP/1.1
User-Agent: selenium/4.6.0 (java windows)
Cache-Control: no-cache
Content-Type: application/json; charset=utf-8
host: localhost:44090
accept: */*

Response DefaultHttpResponse(decodeResult: success, version: HTTP/1.1)
HTTP/1.1 200 OK
Content-Type: application/json; charset=utf-8
cache-control: no-cache
content-length: 254688

[DEBUG] Adding key: http://localhost:44090 for channel [id: 0xd1d86906, L:/127.0.0.1:54062 - R:localhost/127.0.0.1:44090]

    Embedding User_is_able_to_validate_the_count_of_Public_Holidays_on_LMS_and_generate_report [image/png 191005 bytes]

[DEBUG] Using pooled Channel '[id: 0xd1d86906, L:/127.0.0.1:54062 - R:localhost/127.0.0.1:44090]' for 'DELETE' to 'http://localhost:44090/session/67c054285278ccd4a59a3c8625af4372'
[DEBUG] Using open Channel [id: 0xd1d86906, L:/127.0.0.1:54062 - R:localhost/127.0.0.1:44090] for DELETE '/session/67c054285278ccd4a59a3c8625af4372'
[DEBUG] Channel Closed: [id: 0x6e8dac32, L:/127.0.0.1:54080 ! R:localhost/127.0.0.1:54065] with attribute NettyResponseFuture{currentRetry=0,
	isDone=1,
	isCancelled=0,
	asyncHandler=org.asynchttpclient.ws.WebSocketUpgradeHandler@3e521f9d,
	nettyRequest=org.asynchttpclient.netty.request.NettyRequest@5c448028,
	future=java.util.concurrent.CompletableFuture@32b3d13a[Completed normally],
	uri=ws://localhost:54065/devtools/browser/c726fdb7-33dd-4012-bcea-81abe633cf37,
	keepAlive=true,
	redirectCount=0,
	timeoutsHolder=null,
	inAuth=0,
	touch=1676926253205}
[DEBUG] Closing Channel [id: 0x6e8dac32, L:/127.0.0.1:54080 ! R:localhost/127.0.0.1:54065] 
[DEBUG] Unexpected I/O exception on channel [id: 0x45863199, L:/127.0.0.1:54079 - R:localhost/127.0.0.1:54065]
java.net.SocketException: Connection reset
	at java.base/sun.nio.ch.SocketChannelImpl.throwConnectionReset(SocketChannelImpl.java:394) ~[na:na]
	at java.base/sun.nio.ch.SocketChannelImpl.read(SocketChannelImpl.java:426) ~[na:na]
	at io.netty.buffer.PooledByteBuf.setBytes(PooledByteBuf.java:259) ~[netty-buffer-4.1.84.Final.jar:4.1.84.Final]
	at io.netty.buffer.AbstractByteBuf.writeBytes(AbstractByteBuf.java:1132) ~[netty-buffer-4.1.84.Final.jar:4.1.84.Final]
	at io.netty.channel.socket.nio.NioSocketChannel.doReadBytes(NioSocketChannel.java:357) ~[netty-transport-4.1.84.Final.jar:4.1.84.Final]
	at io.netty.channel.nio.AbstractNioByteChannel$NioByteUnsafe.read(AbstractNioByteChannel.java:151) ~[netty-transport-4.1.84.Final.jar:4.1.84.Final]
	at io.netty.channel.nio.NioEventLoop.processSelectedKey(NioEventLoop.java:788) ~[netty-transport-4.1.84.Final.jar:4.1.84.Final]
	at io.netty.channel.nio.NioEventLoop.processSelectedKeysOptimized(NioEventLoop.java:724) ~[netty-transport-4.1.84.Final.jar:4.1.84.Final]
	at io.netty.channel.nio.NioEventLoop.processSelectedKeys(NioEventLoop.java:650) ~[netty-transport-4.1.84.Final.jar:4.1.84.Final]
	at io.netty.channel.nio.NioEventLoop.run(NioEventLoop.java:562) ~[netty-transport-4.1.84.Final.jar:4.1.84.Final]
	at io.netty.util.concurrent.SingleThreadEventExecutor$4.run(SingleThreadEventExecutor.java:997) ~[netty-common-4.1.84.Final.jar:4.1.84.Final]
	at io.netty.util.internal.ThreadExecutorMap$2.run(ThreadExecutorMap.java:74) ~[netty-common-4.1.84.Final.jar:4.1.84.Final]
	at io.netty.util.concurrent.FastThreadLocalRunnable.run(FastThreadLocalRunnable.java:30) ~[netty-common-4.1.84.Final.jar:4.1.84.Final]
	at java.base/java.lang.Thread.run(Thread.java:833) ~[na:na]
[DEBUG] Closing Channel [id: 0x45863199, L:/127.0.0.1:54079 - R:localhost/127.0.0.1:54065] 
[DEBUG] Channel Closed: [id: 0x45863199, L:/127.0.0.1:54079 ! R:localhost/127.0.0.1:54065] with attribute DISCARD
[DEBUG] 

Request DefaultFullHttpRequest(decodeResult: success, version: HTTP/1.1, content: EmptyByteBufBE)
DELETE /session/67c054285278ccd4a59a3c8625af4372 HTTP/1.1
User-Agent: selenium/4.6.0 (java windows)
Content-Type: application/json; charset=utf-8
host: localhost:44090
accept: */*

Response DefaultHttpResponse(decodeResult: success, version: HTTP/1.1)
HTTP/1.1 200 OK
Content-Type: application/json; charset=utf-8
cache-control: no-cache
content-length: 14

[DEBUG] Adding key: http://localhost:44090 for channel [id: 0xd1d86906, L:/127.0.0.1:54062 - R:localhost/127.0.0.1:44090]
[DEBUG] Channel Closed: [id: 0xd1d86906, L:/127.0.0.1:54062 ! R:localhost/127.0.0.1:44090] with attribute DISCARD
[DEBUG] Entry count for : http://localhost:54065 : 1
[DEBUG] Entry count for : http://localhost:44090 : 1
[DEBUG] Adding Candidate expired Channel [id: 0x45863199, L:/127.0.0.1:54079 ! R:localhost/127.0.0.1:54065] isIdleTimeoutExpired=false isRemotelyClosed=true isTtlExpired=false
[DEBUG] Closing Idle Channel [id: 0x45863199, L:/127.0.0.1:54079 ! R:localhost/127.0.0.1:54065]
[DEBUG] Adding Candidate expired Channel [id: 0xd1d86906, L:/127.0.0.1:54062 ! R:localhost/127.0.0.1:44090] isIdleTimeoutExpired=false isRemotelyClosed=true isTtlExpired=false
[DEBUG] Closing Idle Channel [id: 0xd1d86906, L:/127.0.0.1:54062 ! R:localhost/127.0.0.1:44090]
[DEBUG] Closed 2 connections out of 2 in 0 ms
]]></system-out>
    <system-err><![CDATA[Starting Microsoft Edge WebDriver 110.0.1587.50 (05bf83b2e806ffb3a92b68f835d6bee390b3797e) on port 44090
To submit feedback, report a bug, or suggest new features, please visit https://github.com/MicrosoftEdge/EdgeWebDriver

Only local connections are allowed.
Please see https://aka.ms/WebDriverSecurity for suggestions on keeping Microsoft Edge WebDriver safe.

Microsoft Edge WebDriver was started successfully.
[1676926252.337][WARNING]: virtual void DevToolsClientImpl::AddListener(DevToolsEventListener *) subscribing a listener to the already connected DevToolsClient. Connection notification will not arrive.
Feb 21, 2023 2:20:53 AM org.openqa.selenium.devtools.CdpVersionFinder findNearestMatch
WARNING: Unable to find an exact match for CDP version 110, so returning the closest version found: 107
]]></system-err>
  </testcase>
</testsuite>