<?xml version="1.0" encoding="UTF-8"?>
<testsuite xmlns:xsi="http://www.w3.org/2001/XMLSchema-instance" xsi:noNamespaceSchemaLocation="https://maven.apache.org/surefire/maven-failsafe-plugin/xsd/failsafe-test-report-3.0.xsd" version="3.0" name="LMS) home page" time="30.138" tests="1" errors="0" skipped="0" failures="0">
  <properties>
[...]
</properties>
  <testcase name="Leave Management System(LMS) home page is displayed(Navigate to the Leave Management System" classname="LMS) home page" time="30.138">
    <system-out><![CDATA[
@LMSHomePage
Scenario: Leave Management System(LMS) home page is displayed # src/test/resources/Features/TC001_LMSHomePage.feature:14
browser value is: edge
[DEBUG] Resolution edge=110 in cache (valid until 12:37:50 21/02/2023 IST)
[DEBUG] Resolution edge110=110.0.1587.50 in cache (valid until 16:23:10 21/02/2023 IST)
[INFO] Using msedgedriver 110.0.1587.50 (resolved driver for Edge 110)
[DEBUG] Driver msedgedriver 110.0.1587.50 found in cache
[INFO] Exporting webdriver.edge.driver as C:\Users\Aparna.Venugopal\.cache\selenium\msedgedriver\win64\110.0.1587.50\msedgedriver.exe
[DEBUG] Using SLF4J as the default logging framework
[DEBUG] -Dio.netty.leakDetection.level: simple
[DEBUG] -Dio.netty.leakDetection.targetRecords: 4
[DEBUG] Loaded default ResourceLeakDetector: io.netty.util.ResourceLeakDetector@3bfb1541
[DEBUG] -Dio.netty.noUnsafe: false
[DEBUG] Java version: 17
[DEBUG] sun.misc.Unsafe.theUnsafe: available
[DEBUG] sun.misc.Unsafe.copyMemory: available
[DEBUG] sun.misc.Unsafe.storeFence: available
[DEBUG] java.nio.Buffer.address: available
[DEBUG] direct buffer constructor: unavailable: Reflective setAccessible(true) disabled
[DEBUG] java.nio.Bits.unaligned: available, true
[DEBUG] jdk.internal.misc.Unsafe.allocateUninitializedArray(int): unavailable: class io.netty.util.internal.PlatformDependent0$7 cannot access class jdk.internal.misc.Unsafe (in module java.base) because module java.base does not export jdk.internal.misc to unnamed module @32709393
[DEBUG] java.nio.DirectByteBuffer.<init>(long, int): unavailable
[DEBUG] sun.misc.Unsafe: available
[DEBUG] maxDirectMemory: 4255121408 bytes (maybe)
[DEBUG] -Dio.netty.tmpdir: C:\Users\APARNA~1.VEN\AppData\Local\Temp (java.io.tmpdir)
[DEBUG] -Dio.netty.bitMode: 64 (sun.arch.data.model)
[DEBUG] Platform: Windows
[DEBUG] -Dio.netty.maxDirectMemory: -1 bytes
[DEBUG] -Dio.netty.uninitializedArrayAllocationThreshold: -1
[DEBUG] java.nio.ByteBuffer.cleaner(): available
[DEBUG] -Dio.netty.noPreferDirect: false
[DEBUG] org.jctools-core.MpscChunkedArrayQueue: available
[DEBUG] -Dio.netty.threadLocalMap.stringBuilder.initialSize: 1024
[DEBUG] -Dio.netty.threadLocalMap.stringBuilder.maxSize: 4096
[DEBUG] Default protocols (JDK): [TLSv1.3, TLSv1.2] 
[DEBUG] Default cipher suites (JDK): [TLS_ECDHE_ECDSA_WITH_AES_256_GCM_SHA384, TLS_ECDHE_ECDSA_WITH_AES_128_GCM_SHA256, TLS_ECDHE_RSA_WITH_AES_128_GCM_SHA256, TLS_ECDHE_RSA_WITH_AES_256_GCM_SHA384, TLS_ECDHE_RSA_WITH_AES_128_CBC_SHA, TLS_ECDHE_RSA_WITH_AES_256_CBC_SHA, TLS_RSA_WITH_AES_128_GCM_SHA256, TLS_RSA_WITH_AES_128_CBC_SHA, TLS_RSA_WITH_AES_256_CBC_SHA, TLS_AES_128_GCM_SHA256, TLS_AES_256_GCM_SHA384]
[DEBUG] -Dio.netty.eventLoopThreads: 16
[DEBUG] -Dio.netty.noKeySetOptimization: false
[DEBUG] -Dio.netty.selectorAutoRebuildThreshold: 512
[DEBUG] -Dio.netty.allocator.numHeapArenas: 16
[DEBUG] -Dio.netty.allocator.numDirectArenas: 16
[DEBUG] -Dio.netty.allocator.pageSize: 8192
[DEBUG] -Dio.netty.allocator.maxOrder: 9
[DEBUG] -Dio.netty.allocator.chunkSize: 4194304
[DEBUG] -Dio.netty.allocator.smallCacheSize: 256
[DEBUG] -Dio.netty.allocator.normalCacheSize: 64
[DEBUG] -Dio.netty.allocator.maxCachedBufferCapacity: 32768
[DEBUG] -Dio.netty.allocator.cacheTrimInterval: 8192
[DEBUG] -Dio.netty.allocator.cacheTrimIntervalMillis: 0
[DEBUG] -Dio.netty.allocator.useCacheForAllThreads: false
[DEBUG] -Dio.netty.allocator.maxCachedByteBuffersPerChunk: 1023
[DEBUG] -Dio.netty.allocator.type: pooled
[DEBUG] -Dio.netty.threadLocalDirectBufferSize: 0
[DEBUG] -Dio.netty.maxThreadLocalCharBufferSize: 16384
[DEBUG] Using new Channel '[id: 0xfb59d971, L:/127.0.0.1:59530 - R:localhost/127.0.0.1:25759]' for 'POST' to '/session'
[DEBUG] Entry count for : http://localhost:59518 : 1
[DEBUG] Entry count for : http://localhost:2690 : 1
[DEBUG] Entry count for : http://localhost:59518 : 1
[DEBUG] Entry count for : http://localhost:2690 : 1
[DEBUG] Entry count for : http://localhost:59518 : 1
[DEBUG] Entry count for : http://localhost:2690 : 1
[DEBUG] Entry count for : http://localhost:59518 : 1
[DEBUG] 

Request DefaultHttpRequest(decodeResult: success, version: HTTP/1.1)
POST /session HTTP/1.1
User-Agent: selenium/4.6.0 (java windows)
Content-Length: 371
Content-Type: application/json; charset=utf-8
host: localhost:25759
accept: */*

Response DefaultHttpResponse(decodeResult: success, version: HTTP/1.1)
HTTP/1.1 200 OK
Content-Type: application/json; charset=utf-8
cache-control: no-cache
content-length: 763

[DEBUG] Adding key: http://localhost:25759 for channel [id: 0xfb59d971, L:/127.0.0.1:59530 - R:localhost/127.0.0.1:25759]
[DEBUG] Using new Channel '[id: 0x02e9b285, L:/127.0.0.1:59560 - R:localhost/127.0.0.1:59532]' for 'GET' to '/json/version'
[DEBUG] 

Request DefaultFullHttpRequest(decodeResult: success, version: HTTP/1.1, content: EmptyByteBufBE)
GET /json/version HTTP/1.1
User-Agent: selenium/4.6.0 (java windows)
host: localhost:59532
accept: */*

Response DefaultHttpResponse(decodeResult: success, version: HTTP/1.1)
HTTP/1.1 200 OK
Content-Security-Policy: frame-ancestors 'none'
Content-Type: application/json; charset=UTF-8
content-length: 436

[DEBUG] Adding key: http://localhost:59532 for channel [id: 0x02e9b285, L:/127.0.0.1:59560 - R:localhost/127.0.0.1:59532]
[DEBUG] Using new Channel '[id: 0x1fe36648, L:/127.0.0.1:59561 - R:localhost/127.0.0.1:59532]' for 'GET' to '/devtools/browser/71a78b4a-2958-4bce-b69c-31ef0b219a2d'
[DEBUG] 

Request DefaultFullHttpRequest(decodeResult: success, version: HTTP/1.1, content: EmptyByteBufBE)
GET /devtools/browser/71a78b4a-2958-4bce-b69c-31ef0b219a2d HTTP/1.1
upgrade: websocket
connection: upgrade
sec-websocket-key: AUvbfrzKXXPkWOFoQsCtdA==
sec-websocket-version: 13
origin: http://localhost:59532
host: localhost:59532
accept: */*
user-agent: AHC/2.1

Response DefaultHttpResponse(decodeResult: success, version: HTTP/1.1)
HTTP/1.1 101 WebSocket Protocol Handshake
Upgrade: WebSocket
Connection: Upgrade
Sec-WebSocket-Accept: sBeJM9PFAlZVXQ/VDxEtl5oTJDw=

[DEBUG] Using pooled Channel '[id: 0xfb59d971, L:/127.0.0.1:59530 - R:localhost/127.0.0.1:25759]' for 'POST' to 'http://localhost:25759/session/ba62becc5cc62d6d1a65c785a93d74d4/window/maximize'
[DEBUG] Using open Channel [id: 0xfb59d971, L:/127.0.0.1:59530 - R:localhost/127.0.0.1:25759] for POST '/session/ba62becc5cc62d6d1a65c785a93d74d4/window/maximize'
[DEBUG] 

Request DefaultHttpRequest(decodeResult: success, version: HTTP/1.1)
POST /session/ba62becc5cc62d6d1a65c785a93d74d4/window/maximize HTTP/1.1
User-Agent: selenium/4.6.0 (java windows)
Content-Length: 3
Content-Type: application/json; charset=utf-8
host: localhost:25759
accept: */*

Response DefaultHttpResponse(decodeResult: success, version: HTTP/1.1)
HTTP/1.1 200 OK
Content-Type: application/json; charset=utf-8
cache-control: no-cache
content-length: 51

[DEBUG] Adding key: http://localhost:25759 for channel [id: 0xfb59d971, L:/127.0.0.1:59530 - R:localhost/127.0.0.1:25759]
[DEBUG] Using pooled Channel '[id: 0xfb59d971, L:/127.0.0.1:59530 - R:localhost/127.0.0.1:25759]' for 'POST' to 'http://localhost:25759/session/ba62becc5cc62d6d1a65c785a93d74d4/url'
[DEBUG] Using open Channel [id: 0xfb59d971, L:/127.0.0.1:59530 - R:localhost/127.0.0.1:25759] for POST '/session/ba62becc5cc62d6d1a65c785a93d74d4/url'
[DEBUG] Entry count for : http://localhost:59532 : 1
[DEBUG] Entry count for : http://localhost:59518 : 1
[DEBUG] Entry count for : http://localhost:59532 : 1
[DEBUG] Entry count for : http://localhost:59518 : 1
[DEBUG] Entry count for : http://localhost:59532 : 1
[DEBUG] Entry count for : http://localhost:59518 : 1
[DEBUG] Entry count for : http://localhost:59532 : 1
[DEBUG] Entry count for : http://localhost:59518 : 1
[DEBUG] Entry count for : http://localhost:59532 : 1
[DEBUG] Entry count for : http://localhost:59518 : 1
[DEBUG] Entry count for : http://localhost:59532 : 1
[DEBUG] Entry count for : http://localhost:59518 : 1
[DEBUG] Entry count for : http://localhost:59532 : 1
[DEBUG] Entry count for : http://localhost:59518 : 1
[DEBUG] Entry count for : http://localhost:59532 : 1
[DEBUG] Entry count for : http://localhost:59518 : 1
[DEBUG] Entry count for : http://localhost:59532 : 1
[DEBUG] Entry count for : http://localhost:59518 : 1
[DEBUG] Entry count for : http://localhost:59532 : 1
[DEBUG] Entry count for : http://localhost:59518 : 1
[DEBUG] Entry count for : http://localhost:59532 : 1
[DEBUG] Entry count for : http://localhost:59518 : 1
[DEBUG] Entry count for : http://localhost:59532 : 1
[DEBUG] Entry count for : http://localhost:59518 : 1
[DEBUG] Entry count for : http://localhost:59532 : 1
[DEBUG] Entry count for : http://localhost:59518 : 1
[DEBUG] Entry count for : http://localhost:2690 : 1
[DEBUG] Entry count for : http://localhost:59532 : 1
[DEBUG] Entry count for : http://localhost:59518 : 1
[DEBUG] Entry count for : http://localhost:2690 : 1
[DEBUG] Entry count for : http://localhost:59532 : 1
[DEBUG] Entry count for : http://localhost:59518 : 1
[DEBUG] Entry count for : http://localhost:2690 : 1
[DEBUG] 

Request DefaultHttpRequest(decodeResult: success, version: HTTP/1.1)
POST /session/ba62becc5cc62d6d1a65c785a93d74d4/url HTTP/1.1
User-Agent: selenium/4.6.0 (java windows)
Content-Length: 49
Content-Type: application/json; charset=utf-8
host: localhost:25759
accept: */*

Response DefaultHttpResponse(decodeResult: success, version: HTTP/1.1)
HTTP/1.1 200 OK
Content-Type: application/json; charset=utf-8
cache-control: no-cache
content-length: 14

[DEBUG] Adding key: http://localhost:25759 for channel [id: 0xfb59d971, L:/127.0.0.1:59530 - R:localhost/127.0.0.1:25759]
  Given user enters valid "https://lms.ey.net/"               # com.lms.stepdefinition.LMSHomePageSteps.user_enters_valid(java.lang.String)
[DEBUG] Using pooled Channel '[id: 0xfb59d971, L:/127.0.0.1:59530 - R:localhost/127.0.0.1:25759]' for 'GET' to 'http://localhost:25759/session/ba62becc5cc62d6d1a65c785a93d74d4/title'
[DEBUG] Using open Channel [id: 0xfb59d971, L:/127.0.0.1:59530 - R:localhost/127.0.0.1:25759] for GET '/session/ba62becc5cc62d6d1a65c785a93d74d4/title'
[DEBUG] 

Request DefaultFullHttpRequest(decodeResult: success, version: HTTP/1.1, content: EmptyByteBufBE)
GET /session/ba62becc5cc62d6d1a65c785a93d74d4/title HTTP/1.1
User-Agent: selenium/4.6.0 (java windows)
Cache-Control: no-cache
Content-Type: application/json; charset=utf-8
host: localhost:25759
accept: */*

Response DefaultHttpResponse(decodeResult: success, version: HTTP/1.1)
HTTP/1.1 200 OK
Content-Type: application/json; charset=utf-8
cache-control: no-cache
content-length: 47

[DEBUG] Adding key: http://localhost:25759 for channel [id: 0xfb59d971, L:/127.0.0.1:59530 - R:localhost/127.0.0.1:25759]
  Then LMS homepage is displayed                              # com.lms.stepdefinition.LMSHomePageSteps.lms_homepage_is_displayed()
[DEBUG] Using pooled Channel '[id: 0xfb59d971, L:/127.0.0.1:59530 - R:localhost/127.0.0.1:25759]' for 'GET' to 'http://localhost:25759/session/ba62becc5cc62d6d1a65c785a93d74d4/screenshot'
[DEBUG] Using open Channel [id: 0xfb59d971, L:/127.0.0.1:59530 - R:localhost/127.0.0.1:25759] for GET '/session/ba62becc5cc62d6d1a65c785a93d74d4/screenshot'
[DEBUG] 

Request DefaultFullHttpRequest(decodeResult: success, version: HTTP/1.1, content: EmptyByteBufBE)
GET /session/ba62becc5cc62d6d1a65c785a93d74d4/screenshot HTTP/1.1
User-Agent: selenium/4.6.0 (java windows)
Cache-Control: no-cache
Content-Type: application/json; charset=utf-8
host: localhost:25759
accept: */*

Response DefaultHttpResponse(decodeResult: success, version: HTTP/1.1)
HTTP/1.1 200 OK
Content-Type: application/json; charset=utf-8
cache-control: no-cache
content-length: 440604

[DEBUG] Adding key: http://localhost:25759 for channel [id: 0xfb59d971, L:/127.0.0.1:59530 - R:localhost/127.0.0.1:25759]

    Embedding Leave_Management_System(LMS)_home_page_is_displayed [image/png 330442 bytes]

[DEBUG] Using pooled Channel '[id: 0xfb59d971, L:/127.0.0.1:59530 - R:localhost/127.0.0.1:25759]' for 'DELETE' to 'http://localhost:25759/session/ba62becc5cc62d6d1a65c785a93d74d4'
[DEBUG] Using open Channel [id: 0xfb59d971, L:/127.0.0.1:59530 - R:localhost/127.0.0.1:25759] for DELETE '/session/ba62becc5cc62d6d1a65c785a93d74d4'
[DEBUG] Channel Closed: [id: 0x1fe36648, L:/127.0.0.1:59561 ! R:localhost/127.0.0.1:59532] with attribute NettyResponseFuture{currentRetry=0,
	isDone=1,
	isCancelled=0,
	asyncHandler=org.asynchttpclient.ws.WebSocketUpgradeHandler@48b7353a,
	nettyRequest=org.asynchttpclient.netty.request.NettyRequest@31fbd413,
	future=java.util.concurrent.CompletableFuture@649e7da0[Completed normally],
	uri=ws://localhost:59532/devtools/browser/71a78b4a-2958-4bce-b69c-31ef0b219a2d,
	keepAlive=true,
	redirectCount=0,
	timeoutsHolder=null,
	inAuth=0,
	touch=1676960400692}
[DEBUG] Closing Channel [id: 0x1fe36648, L:/127.0.0.1:59561 ! R:localhost/127.0.0.1:59532] 
[DEBUG] Entry count for : http://localhost:59532 : 1
[DEBUG] Entry count for : http://localhost:59518 : 1
[DEBUG] Entry count for : http://localhost:2690 : 1
[DEBUG] Unexpected I/O exception on channel [id: 0x02e9b285, L:/127.0.0.1:59560 - R:localhost/127.0.0.1:59532]
java.net.SocketException: Connection reset
	at java.base/sun.nio.ch.SocketChannelImpl.throwConnectionReset(SocketChannelImpl.java:394) ~[na:na]
	at java.base/sun.nio.ch.SocketChannelImpl.read(SocketChannelImpl.java:426) ~[na:na]
	at io.netty.buffer.PooledByteBuf.setBytes(PooledByteBuf.java:259) ~[netty-buffer-4.1.84.Final.jar:4.1.84.Final]
	at io.netty.buffer.AbstractByteBuf.writeBytes(AbstractByteBuf.java:1132) ~[netty-buffer-4.1.84.Final.jar:4.1.84.Final]
	at io.netty.channel.socket.nio.NioSocketChannel.doReadBytes(NioSocketChannel.java:357) ~[netty-transport-4.1.84.Final.jar:4.1.84.Final]
	at io.netty.channel.nio.AbstractNioByteChannel$NioByteUnsafe.read(AbstractNioByteChannel.java:151) ~[netty-transport-4.1.84.Final.jar:4.1.84.Final]
	at io.netty.channel.nio.NioEventLoop.processSelectedKey(NioEventLoop.java:788) ~[netty-transport-4.1.84.Final.jar:4.1.84.Final]
	at io.netty.channel.nio.NioEventLoop.processSelectedKeysOptimized(NioEventLoop.java:724) ~[netty-transport-4.1.84.Final.jar:4.1.84.Final]
	at io.netty.channel.nio.NioEventLoop.processSelectedKeys(NioEventLoop.java:650) ~[netty-transport-4.1.84.Final.jar:4.1.84.Final]
	at io.netty.channel.nio.NioEventLoop.run(NioEventLoop.java:562) ~[netty-transport-4.1.84.Final.jar:4.1.84.Final]
	at io.netty.util.concurrent.SingleThreadEventExecutor$4.run(SingleThreadEventExecutor.java:997) ~[netty-common-4.1.84.Final.jar:4.1.84.Final]
	at io.netty.util.internal.ThreadExecutorMap$2.run(ThreadExecutorMap.java:74) ~[netty-common-4.1.84.Final.jar:4.1.84.Final]
	at io.netty.util.concurrent.FastThreadLocalRunnable.run(FastThreadLocalRunnable.java:30) ~[netty-common-4.1.84.Final.jar:4.1.84.Final]
	at java.base/java.lang.Thread.run(Thread.java:833) ~[na:na]
[DEBUG] Closing Channel [id: 0x02e9b285, L:/127.0.0.1:59560 - R:localhost/127.0.0.1:59532] 
[DEBUG] Channel Closed: [id: 0x02e9b285, L:/127.0.0.1:59560 ! R:localhost/127.0.0.1:59532] with attribute DISCARD
[DEBUG] 

Request DefaultFullHttpRequest(decodeResult: success, version: HTTP/1.1, content: EmptyByteBufBE)
DELETE /session/ba62becc5cc62d6d1a65c785a93d74d4 HTTP/1.1
User-Agent: selenium/4.6.0 (java windows)
Content-Type: application/json; charset=utf-8
host: localhost:25759
accept: */*

Response DefaultHttpResponse(decodeResult: success, version: HTTP/1.1)
HTTP/1.1 200 OK
Content-Type: application/json; charset=utf-8
cache-control: no-cache
content-length: 14

[DEBUG] Adding key: http://localhost:25759 for channel [id: 0xfb59d971, L:/127.0.0.1:59530 - R:localhost/127.0.0.1:25759]
[DEBUG] Channel Closed: [id: 0xfb59d971, L:/127.0.0.1:59530 ! R:localhost/127.0.0.1:25759] with attribute DISCARD
]]></system-out>
    <system-err><![CDATA[Starting Microsoft Edge WebDriver 110.0.1587.50 (05bf83b2e806ffb3a92b68f835d6bee390b3797e) on port 25759
To submit feedback, report a bug, or suggest new features, please visit https://github.com/MicrosoftEdge/EdgeWebDriver

Only local connections are allowed.
Please see https://aka.ms/WebDriverSecurity for suggestions on keeping Microsoft Edge WebDriver safe.

Microsoft Edge WebDriver was started successfully.
[1676960397.452][WARNING]: virtual void DevToolsClientImpl::AddListener(DevToolsEventListener *) subscribing a listener to the already connected DevToolsClient. Connection notification will not arrive.
Feb 21, 2023 11:50:00 AM org.openqa.selenium.devtools.CdpVersionFinder findNearestMatch
WARNING: Unable to find an exact match for CDP version 110, so returning the closest version found: 107
]]></system-err>
  </testcase>
</testsuite>