<?xml version="1.0" encoding="UTF-8"?>
<testsuite xmlns:xsi="http://www.w3.org/2001/XMLSchema-instance" xsi:noNamespaceSchemaLocation="https://maven.apache.org/surefire/maven-failsafe-plugin/xsd/failsafe-test-report-3.0.xsd" version="3.0" name="Navigate to Holiday List on LMS, validate the count of Public Holidays and generate report" time="42.75" tests="1" errors="0" skipped="0" failures="0">
  <properties>
[...]
</properties>
  <testcase name="User is able to validate the count of Public Holidays on LMS and generate report" classname="Navigate to Holiday List on LMS, validate the count of Public Holidays and generate report" time="42.75">
    <system-out><![CDATA[
@LMSHolidayList
Scenario: User is able to validate the count of Public Holidays on LMS and generate report # src/test/resources/Features/TC002_LMSHolidayList.feature:13
browser value is: edge
[DEBUG] Resolution edge=110 in cache (valid until 12:37:50 21/02/2023 IST)
[DEBUG] Resolution edge110=110.0.1587.50 in cache (valid until 16:23:10 21/02/2023 IST)
[INFO] Using msedgedriver 110.0.1587.50 (resolved driver for Edge 110)
[DEBUG] Driver msedgedriver 110.0.1587.50 found in cache
[INFO] Exporting webdriver.edge.driver as C:\Users\Aparna.Venugopal\.cache\selenium\msedgedriver\win64\110.0.1587.50\msedgedriver.exe
[DEBUG] -Dio.netty.processId: 16328 (auto-detected)
[DEBUG] -Djava.net.preferIPv4Stack: false
[DEBUG] -Djava.net.preferIPv6Addresses: false
[DEBUG] Loopback interface: lo (Software Loopback Interface 1, 127.0.0.1)
[DEBUG] Failed to get SOMAXCONN from sysctl and file \proc\sys\net\core\somaxconn. Default: 200
[DEBUG] -Dio.netty.machineId: d4:d2:52:ff:fe:ea:cb:80 (auto-detected)
[DEBUG] -Dio.netty.buffer.checkAccessible: true
[DEBUG] -Dio.netty.buffer.checkBounds: true
[DEBUG] Loaded default ResourceLeakDetector: io.netty.util.ResourceLeakDetector@56e390a
[DEBUG] Using new Channel '[id: 0xe5765420, L:/127.0.0.1:59515 - R:localhost/127.0.0.1:2690]' for 'POST' to '/session'
[DEBUG] -Dio.netty.recycler.maxCapacityPerThread: 4096
[DEBUG] -Dio.netty.recycler.ratio: 8
[DEBUG] -Dio.netty.recycler.chunkSize: 32
[DEBUG] -Dio.netty.recycler.blocking: false
[DEBUG] brotli4j not in the classpath; Brotli support will be unavailable.
[DEBUG] 

Request DefaultHttpRequest(decodeResult: success, version: HTTP/1.1)
POST /session HTTP/1.1
User-Agent: selenium/4.6.0 (java windows)
Content-Length: 371
Content-Type: application/json; charset=utf-8
host: localhost:2690
accept: */*

Response DefaultHttpResponse(decodeResult: success, version: HTTP/1.1)
HTTP/1.1 200 OK
Content-Type: application/json; charset=utf-8
cache-control: no-cache
content-length: 762

[DEBUG] Adding key: http://localhost:2690 for channel [id: 0xe5765420, L:/127.0.0.1:59515 - R:localhost/127.0.0.1:2690]
[DEBUG] Using new Channel '[id: 0x98f71934, L:/127.0.0.1:59533 - R:localhost/127.0.0.1:59518]' for 'GET' to '/json/version'
[DEBUG] 

Request DefaultFullHttpRequest(decodeResult: success, version: HTTP/1.1, content: EmptyByteBufBE)
GET /json/version HTTP/1.1
User-Agent: selenium/4.6.0 (java windows)
host: localhost:59518
accept: */*

Response DefaultHttpResponse(decodeResult: success, version: HTTP/1.1)
HTTP/1.1 200 OK
Content-Security-Policy: frame-ancestors 'none'
Content-Type: application/json; charset=UTF-8
content-length: 436

[DEBUG] Adding key: http://localhost:59518 for channel [id: 0x98f71934, L:/127.0.0.1:59533 - R:localhost/127.0.0.1:59518]
[DEBUG] -Dio.netty.initialSeedUniquifier: 0x01c4ff5eb6d438f1
[DEBUG] Using new Channel '[id: 0x0c34dc0e, L:/127.0.0.1:59535 - R:localhost/127.0.0.1:59518]' for 'GET' to '/devtools/browser/a37ac6dc-e0f0-4d64-a271-87e34771ebe7'
[DEBUG] 

Request DefaultFullHttpRequest(decodeResult: success, version: HTTP/1.1, content: EmptyByteBufBE)
GET /devtools/browser/a37ac6dc-e0f0-4d64-a271-87e34771ebe7 HTTP/1.1
upgrade: websocket
connection: upgrade
sec-websocket-key: DJnYz9DgdtkaVqlbq2m1bg==
sec-websocket-version: 13
origin: http://localhost:59518
host: localhost:59518
accept: */*
user-agent: AHC/2.1

Response DefaultHttpResponse(decodeResult: success, version: HTTP/1.1)
HTTP/1.1 101 WebSocket Protocol Handshake
Upgrade: WebSocket
Connection: Upgrade
Sec-WebSocket-Accept: Ws+fqRzfXCugJ8ssQVhDNjcqjx0=

[DEBUG] Using pooled Channel '[id: 0xe5765420, L:/127.0.0.1:59515 - R:localhost/127.0.0.1:2690]' for 'POST' to 'http://localhost:2690/session/1d17cba2db6a7aededa6c8addbfcc1f0/window/maximize'
[DEBUG] Using open Channel [id: 0xe5765420, L:/127.0.0.1:59515 - R:localhost/127.0.0.1:2690] for POST '/session/1d17cba2db6a7aededa6c8addbfcc1f0/window/maximize'
[DEBUG] 

Request DefaultHttpRequest(decodeResult: success, version: HTTP/1.1)
POST /session/1d17cba2db6a7aededa6c8addbfcc1f0/window/maximize HTTP/1.1
User-Agent: selenium/4.6.0 (java windows)
Content-Length: 3
Content-Type: application/json; charset=utf-8
host: localhost:2690
accept: */*

Response DefaultHttpResponse(decodeResult: success, version: HTTP/1.1)
HTTP/1.1 200 OK
Content-Type: application/json; charset=utf-8
cache-control: no-cache
content-length: 51

[DEBUG] Adding key: http://localhost:2690 for channel [id: 0xe5765420, L:/127.0.0.1:59515 - R:localhost/127.0.0.1:2690]
[DEBUG] Using pooled Channel '[id: 0xe5765420, L:/127.0.0.1:59515 - R:localhost/127.0.0.1:2690]' for 'POST' to 'http://localhost:2690/session/1d17cba2db6a7aededa6c8addbfcc1f0/url'
[DEBUG] Using open Channel [id: 0xe5765420, L:/127.0.0.1:59515 - R:localhost/127.0.0.1:2690] for POST '/session/1d17cba2db6a7aededa6c8addbfcc1f0/url'
[DEBUG] 

Request DefaultHttpRequest(decodeResult: success, version: HTTP/1.1)
POST /session/1d17cba2db6a7aededa6c8addbfcc1f0/url HTTP/1.1
User-Agent: selenium/4.6.0 (java windows)
Content-Length: 49
Content-Type: application/json; charset=utf-8
host: localhost:2690
accept: */*

Response DefaultHttpResponse(decodeResult: success, version: HTTP/1.1)
HTTP/1.1 200 OK
Content-Type: application/json; charset=utf-8
cache-control: no-cache
content-length: 14

[DEBUG] Adding key: http://localhost:2690 for channel [id: 0xe5765420, L:/127.0.0.1:59515 - R:localhost/127.0.0.1:2690]
  Given user is already on the LMS homepage                                                # com.lms.stepdefinition.LMSHolidayListSteps.user_is_already_on_the_lms_homepage(io.cucumber.datatable.DataTable)
    | url                 |
    | https://lms.ey.net/ |
[DEBUG] Using pooled Channel '[id: 0xe5765420, L:/127.0.0.1:59515 - R:localhost/127.0.0.1:2690]' for 'POST' to 'http://localhost:2690/session/1d17cba2db6a7aededa6c8addbfcc1f0/element'
[DEBUG] Using open Channel [id: 0xe5765420, L:/127.0.0.1:59515 - R:localhost/127.0.0.1:2690] for POST '/session/1d17cba2db6a7aededa6c8addbfcc1f0/element'
[DEBUG] 

Request DefaultHttpRequest(decodeResult: success, version: HTTP/1.1)
POST /session/1d17cba2db6a7aededa6c8addbfcc1f0/element HTTP/1.1
User-Agent: selenium/4.6.0 (java windows)
Content-Length: 87
Content-Type: application/json; charset=utf-8
host: localhost:2690
accept: */*

Response DefaultHttpResponse(decodeResult: success, version: HTTP/1.1)
HTTP/1.1 200 OK
Content-Type: application/json; charset=utf-8
cache-control: no-cache
content-length: 88

[DEBUG] Adding key: http://localhost:2690 for channel [id: 0xe5765420, L:/127.0.0.1:59515 - R:localhost/127.0.0.1:2690]
[DEBUG] Using pooled Channel '[id: 0xe5765420, L:/127.0.0.1:59515 - R:localhost/127.0.0.1:2690]' for 'POST' to 'http://localhost:2690/session/1d17cba2db6a7aededa6c8addbfcc1f0/element/d844b0b1-2671-4fe4-899c-5d18dbb4a63a/click'
[DEBUG] Using open Channel [id: 0xe5765420, L:/127.0.0.1:59515 - R:localhost/127.0.0.1:2690] for POST '/session/1d17cba2db6a7aededa6c8addbfcc1f0/element/d844b0b1-2671-4fe4-899c-5d18dbb4a63a/click'
[DEBUG] 

Request DefaultHttpRequest(decodeResult: success, version: HTTP/1.1)
POST /session/1d17cba2db6a7aededa6c8addbfcc1f0/element/d844b0b1-2671-4fe4-899c-5d18dbb4a63a/click HTTP/1.1
User-Agent: selenium/4.6.0 (java windows)
Content-Length: 50
Content-Type: application/json; charset=utf-8
host: localhost:2690
accept: */*

Response DefaultHttpResponse(decodeResult: success, version: HTTP/1.1)
HTTP/1.1 200 OK
Content-Type: application/json; charset=utf-8
cache-control: no-cache
content-length: 14

[DEBUG] Adding key: http://localhost:2690 for channel [id: 0xe5765420, L:/127.0.0.1:59515 - R:localhost/127.0.0.1:2690]
  Given user clicks on Holidays link on the page                                           # com.lms.stepdefinition.LMSHolidayListSteps.user_clicks_on_holidays_link_on_the_page()
[DEBUG] Using pooled Channel '[id: 0xe5765420, L:/127.0.0.1:59515 - R:localhost/127.0.0.1:2690]' for 'POST' to 'http://localhost:2690/session/1d17cba2db6a7aededa6c8addbfcc1f0/element'
[DEBUG] Using open Channel [id: 0xe5765420, L:/127.0.0.1:59515 - R:localhost/127.0.0.1:2690] for POST '/session/1d17cba2db6a7aededa6c8addbfcc1f0/element'
[DEBUG] 

Request DefaultHttpRequest(decodeResult: success, version: HTTP/1.1)
POST /session/1d17cba2db6a7aededa6c8addbfcc1f0/element HTTP/1.1
User-Agent: selenium/4.6.0 (java windows)
Content-Length: 102
Content-Type: application/json; charset=utf-8
host: localhost:2690
accept: */*

Response DefaultHttpResponse(decodeResult: success, version: HTTP/1.1)
HTTP/1.1 200 OK
Content-Type: application/json; charset=utf-8
cache-control: no-cache
content-length: 88

[DEBUG] Adding key: http://localhost:2690 for channel [id: 0xe5765420, L:/127.0.0.1:59515 - R:localhost/127.0.0.1:2690]
[DEBUG] Using pooled Channel '[id: 0xe5765420, L:/127.0.0.1:59515 - R:localhost/127.0.0.1:2690]' for 'GET' to 'http://localhost:2690/session/1d17cba2db6a7aededa6c8addbfcc1f0/element/bbf3e872-fd82-45a0-950b-d192b0f999e8/text'
[DEBUG] Using open Channel [id: 0xe5765420, L:/127.0.0.1:59515 - R:localhost/127.0.0.1:2690] for GET '/session/1d17cba2db6a7aededa6c8addbfcc1f0/element/bbf3e872-fd82-45a0-950b-d192b0f999e8/text'
[DEBUG] 

Request DefaultFullHttpRequest(decodeResult: success, version: HTTP/1.1, content: EmptyByteBufBE)
GET /session/1d17cba2db6a7aededa6c8addbfcc1f0/element/bbf3e872-fd82-45a0-950b-d192b0f999e8/text HTTP/1.1
User-Agent: selenium/4.6.0 (java windows)
Cache-Control: no-cache
Content-Type: application/json; charset=utf-8
host: localhost:2690
accept: */*

Response DefaultHttpResponse(decodeResult: success, version: HTTP/1.1)
HTTP/1.1 200 OK
Content-Type: application/json; charset=utf-8
cache-control: no-cache
content-length: 31

[DEBUG] Adding key: http://localhost:2690 for channel [id: 0xe5765420, L:/127.0.0.1:59515 - R:localhost/127.0.0.1:2690]
  Then office holiday list window is displayed                                             # com.lms.stepdefinition.LMSHolidayListSteps.office_holiday_list_window_is_displayed()
[DEBUG] Using pooled Channel '[id: 0xe5765420, L:/127.0.0.1:59515 - R:localhost/127.0.0.1:2690]' for 'POST' to 'http://localhost:2690/session/1d17cba2db6a7aededa6c8addbfcc1f0/elements'
[DEBUG] Using open Channel [id: 0xe5765420, L:/127.0.0.1:59515 - R:localhost/127.0.0.1:2690] for POST '/session/1d17cba2db6a7aededa6c8addbfcc1f0/elements'
[DEBUG] 

Request DefaultHttpRequest(decodeResult: success, version: HTTP/1.1)
POST /session/1d17cba2db6a7aededa6c8addbfcc1f0/elements HTTP/1.1
User-Agent: selenium/4.6.0 (java windows)
Content-Length: 114
Content-Type: application/json; charset=utf-8
host: localhost:2690
accept: */*

Response DefaultHttpResponse(decodeResult: success, version: HTTP/1.1)
HTTP/1.1 200 OK
Content-Type: application/json; charset=utf-8
cache-control: no-cache
content-length: 3092

[DEBUG] Adding key: http://localhost:2690 for channel [id: 0xe5765420, L:/127.0.0.1:59515 - R:localhost/127.0.0.1:2690]
[DEBUG] Using pooled Channel '[id: 0xe5765420, L:/127.0.0.1:59515 - R:localhost/127.0.0.1:2690]' for 'POST' to 'http://localhost:2690/session/1d17cba2db6a7aededa6c8addbfcc1f0/elements'
[DEBUG] Using open Channel [id: 0xe5765420, L:/127.0.0.1:59515 - R:localhost/127.0.0.1:2690] for POST '/session/1d17cba2db6a7aededa6c8addbfcc1f0/elements'
[DEBUG] 

Request DefaultHttpRequest(decodeResult: success, version: HTTP/1.1)
POST /session/1d17cba2db6a7aededa6c8addbfcc1f0/elements HTTP/1.1
User-Agent: selenium/4.6.0 (java windows)
Content-Length: 125
Content-Type: application/json; charset=utf-8
host: localhost:2690
accept: */*

Response DefaultHttpResponse(decodeResult: success, version: HTTP/1.1)
HTTP/1.1 200 OK
Content-Type: application/json; charset=utf-8
cache-control: no-cache
content-length: 327

[DEBUG] Adding key: http://localhost:2690 for channel [id: 0xe5765420, L:/127.0.0.1:59515 - R:localhost/127.0.0.1:2690]
[DEBUG] Using pooled Channel '[id: 0xe5765420, L:/127.0.0.1:59515 - R:localhost/127.0.0.1:2690]' for 'POST' to 'http://localhost:2690/session/1d17cba2db6a7aededa6c8addbfcc1f0/element'
[DEBUG] Using open Channel [id: 0xe5765420, L:/127.0.0.1:59515 - R:localhost/127.0.0.1:2690] for POST '/session/1d17cba2db6a7aededa6c8addbfcc1f0/element'
[DEBUG] 

Request DefaultHttpRequest(decodeResult: success, version: HTTP/1.1)
POST /session/1d17cba2db6a7aededa6c8addbfcc1f0/element HTTP/1.1
User-Agent: selenium/4.6.0 (java windows)
Content-Length: 128
Content-Type: application/json; charset=utf-8
host: localhost:2690
accept: */*

Response DefaultHttpResponse(decodeResult: success, version: HTTP/1.1)
HTTP/1.1 200 OK
Content-Type: application/json; charset=utf-8
cache-control: no-cache
content-length: 88

[DEBUG] Adding key: http://localhost:2690 for channel [id: 0xe5765420, L:/127.0.0.1:59515 - R:localhost/127.0.0.1:2690]
[DEBUG] Using pooled Channel '[id: 0xe5765420, L:/127.0.0.1:59515 - R:localhost/127.0.0.1:2690]' for 'GET' to 'http://localhost:2690/session/1d17cba2db6a7aededa6c8addbfcc1f0/element/b0775355-c9dc-4a4d-9000-d11f4a7ca89c/text'
[DEBUG] Using open Channel [id: 0xe5765420, L:/127.0.0.1:59515 - R:localhost/127.0.0.1:2690] for GET '/session/1d17cba2db6a7aededa6c8addbfcc1f0/element/b0775355-c9dc-4a4d-9000-d11f4a7ca89c/text'
[DEBUG] 

Request DefaultFullHttpRequest(decodeResult: success, version: HTTP/1.1, content: EmptyByteBufBE)
GET /session/1d17cba2db6a7aededa6c8addbfcc1f0/element/b0775355-c9dc-4a4d-9000-d11f4a7ca89c/text HTTP/1.1
User-Agent: selenium/4.6.0 (java windows)
Cache-Control: no-cache
Content-Type: application/json; charset=utf-8
host: localhost:2690
accept: */*

Response DefaultHttpResponse(decodeResult: success, version: HTTP/1.1)
HTTP/1.1 200 OK
Content-Type: application/json; charset=utf-8
cache-control: no-cache
content-length: 23

[DEBUG] Adding key: http://localhost:2690 for channel [id: 0xe5765420, L:/127.0.0.1:59515 - R:localhost/127.0.0.1:2690]
[DEBUG] Using pooled Channel '[id: 0xe5765420, L:/127.0.0.1:59515 - R:localhost/127.0.0.1:2690]' for 'POST' to 'http://localhost:2690/session/1d17cba2db6a7aededa6c8addbfcc1f0/element'
[DEBUG] Using open Channel [id: 0xe5765420, L:/127.0.0.1:59515 - R:localhost/127.0.0.1:2690] for POST '/session/1d17cba2db6a7aededa6c8addbfcc1f0/element'
[DEBUG] 

Request DefaultHttpRequest(decodeResult: success, version: HTTP/1.1)
POST /session/1d17cba2db6a7aededa6c8addbfcc1f0/element HTTP/1.1
User-Agent: selenium/4.6.0 (java windows)
Content-Length: 128
Content-Type: application/json; charset=utf-8
host: localhost:2690
accept: */*

Response DefaultHttpResponse(decodeResult: success, version: HTTP/1.1)
HTTP/1.1 200 OK
Content-Type: application/json; charset=utf-8
cache-control: no-cache
content-length: 88

[DEBUG] Adding key: http://localhost:2690 for channel [id: 0xe5765420, L:/127.0.0.1:59515 - R:localhost/127.0.0.1:2690]
[DEBUG] Using pooled Channel '[id: 0xe5765420, L:/127.0.0.1:59515 - R:localhost/127.0.0.1:2690]' for 'GET' to 'http://localhost:2690/session/1d17cba2db6a7aededa6c8addbfcc1f0/element/53dc9029-e6ad-4396-a09e-def86ab74aa6/text'
[DEBUG] Using open Channel [id: 0xe5765420, L:/127.0.0.1:59515 - R:localhost/127.0.0.1:2690] for GET '/session/1d17cba2db6a7aededa6c8addbfcc1f0/element/53dc9029-e6ad-4396-a09e-def86ab74aa6/text'
[DEBUG] 

Request DefaultFullHttpRequest(decodeResult: success, version: HTTP/1.1, content: EmptyByteBufBE)
GET /session/1d17cba2db6a7aededa6c8addbfcc1f0/element/53dc9029-e6ad-4396-a09e-def86ab74aa6/text HTTP/1.1
User-Agent: selenium/4.6.0 (java windows)
Cache-Control: no-cache
Content-Type: application/json; charset=utf-8
host: localhost:2690
accept: */*

Response DefaultHttpResponse(decodeResult: success, version: HTTP/1.1)
HTTP/1.1 200 OK
Content-Type: application/json; charset=utf-8
cache-control: no-cache
content-length: 18

[DEBUG] Adding key: http://localhost:2690 for channel [id: 0xe5765420, L:/127.0.0.1:59515 - R:localhost/127.0.0.1:2690]
[DEBUG] Using pooled Channel '[id: 0xe5765420, L:/127.0.0.1:59515 - R:localhost/127.0.0.1:2690]' for 'POST' to 'http://localhost:2690/session/1d17cba2db6a7aededa6c8addbfcc1f0/element'
[DEBUG] Using open Channel [id: 0xe5765420, L:/127.0.0.1:59515 - R:localhost/127.0.0.1:2690] for POST '/session/1d17cba2db6a7aededa6c8addbfcc1f0/element'
[DEBUG] 

Request DefaultHttpRequest(decodeResult: success, version: HTTP/1.1)
POST /session/1d17cba2db6a7aededa6c8addbfcc1f0/element HTTP/1.1
User-Agent: selenium/4.6.0 (java windows)
Content-Length: 128
Content-Type: application/json; charset=utf-8
host: localhost:2690
accept: */*

Response DefaultHttpResponse(decodeResult: success, version: HTTP/1.1)
HTTP/1.1 200 OK
Content-Type: application/json; charset=utf-8
cache-control: no-cache
content-length: 88

[DEBUG] Adding key: http://localhost:2690 for channel [id: 0xe5765420, L:/127.0.0.1:59515 - R:localhost/127.0.0.1:2690]
[DEBUG] Using pooled Channel '[id: 0xe5765420, L:/127.0.0.1:59515 - R:localhost/127.0.0.1:2690]' for 'GET' to 'http://localhost:2690/session/1d17cba2db6a7aededa6c8addbfcc1f0/element/b3567439-7611-4820-8b4e-463faa450dde/text'
[DEBUG] Using open Channel [id: 0xe5765420, L:/127.0.0.1:59515 - R:localhost/127.0.0.1:2690] for GET '/session/1d17cba2db6a7aededa6c8addbfcc1f0/element/b3567439-7611-4820-8b4e-463faa450dde/text'
[DEBUG] 

Request DefaultFullHttpRequest(decodeResult: success, version: HTTP/1.1, content: EmptyByteBufBE)
GET /session/1d17cba2db6a7aededa6c8addbfcc1f0/element/b3567439-7611-4820-8b4e-463faa450dde/text HTTP/1.1
User-Agent: selenium/4.6.0 (java windows)
Cache-Control: no-cache
Content-Type: application/json; charset=utf-8
host: localhost:2690
accept: */*

Response DefaultHttpResponse(decodeResult: success, version: HTTP/1.1)
HTTP/1.1 200 OK
Content-Type: application/json; charset=utf-8
cache-control: no-cache
content-length: 29

[DEBUG] Adding key: http://localhost:2690 for channel [id: 0xe5765420, L:/127.0.0.1:59515 - R:localhost/127.0.0.1:2690]
[DEBUG] Using pooled Channel '[id: 0xe5765420, L:/127.0.0.1:59515 - R:localhost/127.0.0.1:2690]' for 'POST' to 'http://localhost:2690/session/1d17cba2db6a7aededa6c8addbfcc1f0/element'
[DEBUG] Using open Channel [id: 0xe5765420, L:/127.0.0.1:59515 - R:localhost/127.0.0.1:2690] for POST '/session/1d17cba2db6a7aededa6c8addbfcc1f0/element'
[DEBUG] 

Request DefaultHttpRequest(decodeResult: success, version: HTTP/1.1)
POST /session/1d17cba2db6a7aededa6c8addbfcc1f0/element HTTP/1.1
User-Agent: selenium/4.6.0 (java windows)
Content-Length: 128
Content-Type: application/json; charset=utf-8
host: localhost:2690
accept: */*

Response DefaultHttpResponse(decodeResult: success, version: HTTP/1.1)
HTTP/1.1 200 OK
Content-Type: application/json; charset=utf-8
cache-control: no-cache
content-length: 88

[DEBUG] Adding key: http://localhost:2690 for channel [id: 0xe5765420, L:/127.0.0.1:59515 - R:localhost/127.0.0.1:2690]
[DEBUG] Using pooled Channel '[id: 0xe5765420, L:/127.0.0.1:59515 - R:localhost/127.0.0.1:2690]' for 'GET' to 'http://localhost:2690/session/1d17cba2db6a7aededa6c8addbfcc1f0/element/30849911-69b2-466a-84c1-b3e581230e8a/text'
[DEBUG] Using open Channel [id: 0xe5765420, L:/127.0.0.1:59515 - R:localhost/127.0.0.1:2690] for GET '/session/1d17cba2db6a7aededa6c8addbfcc1f0/element/30849911-69b2-466a-84c1-b3e581230e8a/text'
[DEBUG] 

Request DefaultFullHttpRequest(decodeResult: success, version: HTTP/1.1, content: EmptyByteBufBE)
GET /session/1d17cba2db6a7aededa6c8addbfcc1f0/element/30849911-69b2-466a-84c1-b3e581230e8a/text HTTP/1.1
User-Agent: selenium/4.6.0 (java windows)
Cache-Control: no-cache
Content-Type: application/json; charset=utf-8
host: localhost:2690
accept: */*

Response DefaultHttpResponse(decodeResult: success, version: HTTP/1.1)
HTTP/1.1 200 OK
Content-Type: application/json; charset=utf-8
cache-control: no-cache
content-length: 28

[DEBUG] Adding key: http://localhost:2690 for channel [id: 0xe5765420, L:/127.0.0.1:59515 - R:localhost/127.0.0.1:2690]
[DEBUG] Using pooled Channel '[id: 0xe5765420, L:/127.0.0.1:59515 - R:localhost/127.0.0.1:2690]' for 'POST' to 'http://localhost:2690/session/1d17cba2db6a7aededa6c8addbfcc1f0/element'
[DEBUG] Using open Channel [id: 0xe5765420, L:/127.0.0.1:59515 - R:localhost/127.0.0.1:2690] for POST '/session/1d17cba2db6a7aededa6c8addbfcc1f0/element'
[DEBUG] 

Request DefaultHttpRequest(decodeResult: success, version: HTTP/1.1)
POST /session/1d17cba2db6a7aededa6c8addbfcc1f0/element HTTP/1.1
User-Agent: selenium/4.6.0 (java windows)
Content-Length: 128
Content-Type: application/json; charset=utf-8
host: localhost:2690
accept: */*

Response DefaultHttpResponse(decodeResult: success, version: HTTP/1.1)
HTTP/1.1 200 OK
Content-Type: application/json; charset=utf-8
cache-control: no-cache
content-length: 88

[DEBUG] Adding key: http://localhost:2690 for channel [id: 0xe5765420, L:/127.0.0.1:59515 - R:localhost/127.0.0.1:2690]
[DEBUG] Using pooled Channel '[id: 0xe5765420, L:/127.0.0.1:59515 - R:localhost/127.0.0.1:2690]' for 'GET' to 'http://localhost:2690/session/1d17cba2db6a7aededa6c8addbfcc1f0/element/975b0441-efa1-4755-9df5-dd300e5f8c75/text'
[DEBUG] Using open Channel [id: 0xe5765420, L:/127.0.0.1:59515 - R:localhost/127.0.0.1:2690] for GET '/session/1d17cba2db6a7aededa6c8addbfcc1f0/element/975b0441-efa1-4755-9df5-dd300e5f8c75/text'
[DEBUG] 

Request DefaultFullHttpRequest(decodeResult: success, version: HTTP/1.1, content: EmptyByteBufBE)
GET /session/1d17cba2db6a7aededa6c8addbfcc1f0/element/975b0441-efa1-4755-9df5-dd300e5f8c75/text HTTP/1.1
User-Agent: selenium/4.6.0 (java windows)
Cache-Control: no-cache
Content-Type: application/json; charset=utf-8
host: localhost:2690
accept: */*

Response DefaultHttpResponse(decodeResult: success, version: HTTP/1.1)
HTTP/1.1 200 OK
Content-Type: application/json; charset=utf-8
cache-control: no-cache
content-length: 23

[DEBUG] Adding key: http://localhost:2690 for channel [id: 0xe5765420, L:/127.0.0.1:59515 - R:localhost/127.0.0.1:2690]
[DEBUG] Using pooled Channel '[id: 0xe5765420, L:/127.0.0.1:59515 - R:localhost/127.0.0.1:2690]' for 'POST' to 'http://localhost:2690/session/1d17cba2db6a7aededa6c8addbfcc1f0/element'
[DEBUG] Using open Channel [id: 0xe5765420, L:/127.0.0.1:59515 - R:localhost/127.0.0.1:2690] for POST '/session/1d17cba2db6a7aededa6c8addbfcc1f0/element'
[DEBUG] 

Request DefaultHttpRequest(decodeResult: success, version: HTTP/1.1)
POST /session/1d17cba2db6a7aededa6c8addbfcc1f0/element HTTP/1.1
User-Agent: selenium/4.6.0 (java windows)
Content-Length: 128
Content-Type: application/json; charset=utf-8
host: localhost:2690
accept: */*

Response DefaultHttpResponse(decodeResult: success, version: HTTP/1.1)
HTTP/1.1 200 OK
Content-Type: application/json; charset=utf-8
cache-control: no-cache
content-length: 88

[DEBUG] Adding key: http://localhost:2690 for channel [id: 0xe5765420, L:/127.0.0.1:59515 - R:localhost/127.0.0.1:2690]
[DEBUG] Using pooled Channel '[id: 0xe5765420, L:/127.0.0.1:59515 - R:localhost/127.0.0.1:2690]' for 'GET' to 'http://localhost:2690/session/1d17cba2db6a7aededa6c8addbfcc1f0/element/3d9ec8e1-4b65-4265-8e60-ac9f51611a53/text'
[DEBUG] Using open Channel [id: 0xe5765420, L:/127.0.0.1:59515 - R:localhost/127.0.0.1:2690] for GET '/session/1d17cba2db6a7aededa6c8addbfcc1f0/element/3d9ec8e1-4b65-4265-8e60-ac9f51611a53/text'
[DEBUG] 

Request DefaultFullHttpRequest(decodeResult: success, version: HTTP/1.1, content: EmptyByteBufBE)
GET /session/1d17cba2db6a7aededa6c8addbfcc1f0/element/3d9ec8e1-4b65-4265-8e60-ac9f51611a53/text HTTP/1.1
User-Agent: selenium/4.6.0 (java windows)
Cache-Control: no-cache
Content-Type: application/json; charset=utf-8
host: localhost:2690
accept: */*

Response DefaultHttpResponse(decodeResult: success, version: HTTP/1.1)
HTTP/1.1 200 OK
Content-Type: application/json; charset=utf-8
cache-control: no-cache
content-length: 20

[DEBUG] Adding key: http://localhost:2690 for channel [id: 0xe5765420, L:/127.0.0.1:59515 - R:localhost/127.0.0.1:2690]
[DEBUG] Using pooled Channel '[id: 0xe5765420, L:/127.0.0.1:59515 - R:localhost/127.0.0.1:2690]' for 'POST' to 'http://localhost:2690/session/1d17cba2db6a7aededa6c8addbfcc1f0/element'
[DEBUG] Using open Channel [id: 0xe5765420, L:/127.0.0.1:59515 - R:localhost/127.0.0.1:2690] for POST '/session/1d17cba2db6a7aededa6c8addbfcc1f0/element'
[DEBUG] 

Request DefaultHttpRequest(decodeResult: success, version: HTTP/1.1)
POST /session/1d17cba2db6a7aededa6c8addbfcc1f0/element HTTP/1.1
User-Agent: selenium/4.6.0 (java windows)
Content-Length: 128
Content-Type: application/json; charset=utf-8
host: localhost:2690
accept: */*

Response DefaultHttpResponse(decodeResult: success, version: HTTP/1.1)
HTTP/1.1 200 OK
Content-Type: application/json; charset=utf-8
cache-control: no-cache
content-length: 88

[DEBUG] Adding key: http://localhost:2690 for channel [id: 0xe5765420, L:/127.0.0.1:59515 - R:localhost/127.0.0.1:2690]
[DEBUG] Using pooled Channel '[id: 0xe5765420, L:/127.0.0.1:59515 - R:localhost/127.0.0.1:2690]' for 'GET' to 'http://localhost:2690/session/1d17cba2db6a7aededa6c8addbfcc1f0/element/e7e7ee67-4c80-4894-943b-7bdfa9e58887/text'
[DEBUG] Using open Channel [id: 0xe5765420, L:/127.0.0.1:59515 - R:localhost/127.0.0.1:2690] for GET '/session/1d17cba2db6a7aededa6c8addbfcc1f0/element/e7e7ee67-4c80-4894-943b-7bdfa9e58887/text'
[DEBUG] 

Request DefaultFullHttpRequest(decodeResult: success, version: HTTP/1.1, content: EmptyByteBufBE)
GET /session/1d17cba2db6a7aededa6c8addbfcc1f0/element/e7e7ee67-4c80-4894-943b-7bdfa9e58887/text HTTP/1.1
User-Agent: selenium/4.6.0 (java windows)
Cache-Control: no-cache
Content-Type: application/json; charset=utf-8
host: localhost:2690
accept: */*

Response DefaultHttpResponse(decodeResult: success, version: HTTP/1.1)
HTTP/1.1 200 OK
Content-Type: application/json; charset=utf-8
cache-control: no-cache
content-length: 24

[DEBUG] Adding key: http://localhost:2690 for channel [id: 0xe5765420, L:/127.0.0.1:59515 - R:localhost/127.0.0.1:2690]
[DEBUG] Using pooled Channel '[id: 0xe5765420, L:/127.0.0.1:59515 - R:localhost/127.0.0.1:2690]' for 'POST' to 'http://localhost:2690/session/1d17cba2db6a7aededa6c8addbfcc1f0/element'
[DEBUG] Using open Channel [id: 0xe5765420, L:/127.0.0.1:59515 - R:localhost/127.0.0.1:2690] for POST '/session/1d17cba2db6a7aededa6c8addbfcc1f0/element'
[DEBUG] 

Request DefaultHttpRequest(decodeResult: success, version: HTTP/1.1)
POST /session/1d17cba2db6a7aededa6c8addbfcc1f0/element HTTP/1.1
User-Agent: selenium/4.6.0 (java windows)
Content-Length: 128
Content-Type: application/json; charset=utf-8
host: localhost:2690
accept: */*

Response DefaultHttpResponse(decodeResult: success, version: HTTP/1.1)
HTTP/1.1 200 OK
Content-Type: application/json; charset=utf-8
cache-control: no-cache
content-length: 88

[DEBUG] Adding key: http://localhost:2690 for channel [id: 0xe5765420, L:/127.0.0.1:59515 - R:localhost/127.0.0.1:2690]
[DEBUG] Using pooled Channel '[id: 0xe5765420, L:/127.0.0.1:59515 - R:localhost/127.0.0.1:2690]' for 'GET' to 'http://localhost:2690/session/1d17cba2db6a7aededa6c8addbfcc1f0/element/c79a9c8e-8c29-45e5-b802-c6081461fa05/text'
[DEBUG] Using open Channel [id: 0xe5765420, L:/127.0.0.1:59515 - R:localhost/127.0.0.1:2690] for GET '/session/1d17cba2db6a7aededa6c8addbfcc1f0/element/c79a9c8e-8c29-45e5-b802-c6081461fa05/text'
[DEBUG] 

Request DefaultFullHttpRequest(decodeResult: success, version: HTTP/1.1, content: EmptyByteBufBE)
GET /session/1d17cba2db6a7aededa6c8addbfcc1f0/element/c79a9c8e-8c29-45e5-b802-c6081461fa05/text HTTP/1.1
User-Agent: selenium/4.6.0 (java windows)
Cache-Control: no-cache
Content-Type: application/json; charset=utf-8
host: localhost:2690
accept: */*

Response DefaultHttpResponse(decodeResult: success, version: HTTP/1.1)
HTTP/1.1 200 OK
Content-Type: application/json; charset=utf-8
cache-control: no-cache
content-length: 26

[DEBUG] Adding key: http://localhost:2690 for channel [id: 0xe5765420, L:/127.0.0.1:59515 - R:localhost/127.0.0.1:2690]
[DEBUG] Using pooled Channel '[id: 0xe5765420, L:/127.0.0.1:59515 - R:localhost/127.0.0.1:2690]' for 'POST' to 'http://localhost:2690/session/1d17cba2db6a7aededa6c8addbfcc1f0/element'
[DEBUG] Using open Channel [id: 0xe5765420, L:/127.0.0.1:59515 - R:localhost/127.0.0.1:2690] for POST '/session/1d17cba2db6a7aededa6c8addbfcc1f0/element'
[DEBUG] 

Request DefaultHttpRequest(decodeResult: success, version: HTTP/1.1)
POST /session/1d17cba2db6a7aededa6c8addbfcc1f0/element HTTP/1.1
User-Agent: selenium/4.6.0 (java windows)
Content-Length: 128
Content-Type: application/json; charset=utf-8
host: localhost:2690
accept: */*

Response DefaultHttpResponse(decodeResult: success, version: HTTP/1.1)
HTTP/1.1 200 OK
Content-Type: application/json; charset=utf-8
cache-control: no-cache
content-length: 88

[DEBUG] Adding key: http://localhost:2690 for channel [id: 0xe5765420, L:/127.0.0.1:59515 - R:localhost/127.0.0.1:2690]
[DEBUG] Using pooled Channel '[id: 0xe5765420, L:/127.0.0.1:59515 - R:localhost/127.0.0.1:2690]' for 'GET' to 'http://localhost:2690/session/1d17cba2db6a7aededa6c8addbfcc1f0/element/1e1c5608-0226-4ec8-9bfa-bc613ef65b8e/text'
[DEBUG] Using open Channel [id: 0xe5765420, L:/127.0.0.1:59515 - R:localhost/127.0.0.1:2690] for GET '/session/1d17cba2db6a7aededa6c8addbfcc1f0/element/1e1c5608-0226-4ec8-9bfa-bc613ef65b8e/text'
[DEBUG] 

Request DefaultFullHttpRequest(decodeResult: success, version: HTTP/1.1, content: EmptyByteBufBE)
GET /session/1d17cba2db6a7aededa6c8addbfcc1f0/element/1e1c5608-0226-4ec8-9bfa-bc613ef65b8e/text HTTP/1.1
User-Agent: selenium/4.6.0 (java windows)
Cache-Control: no-cache
Content-Type: application/json; charset=utf-8
host: localhost:2690
accept: */*

Response DefaultHttpResponse(decodeResult: success, version: HTTP/1.1)
HTTP/1.1 200 OK
Content-Type: application/json; charset=utf-8
cache-control: no-cache
content-length: 23

[DEBUG] Adding key: http://localhost:2690 for channel [id: 0xe5765420, L:/127.0.0.1:59515 - R:localhost/127.0.0.1:2690]
[DEBUG] Using pooled Channel '[id: 0xe5765420, L:/127.0.0.1:59515 - R:localhost/127.0.0.1:2690]' for 'POST' to 'http://localhost:2690/session/1d17cba2db6a7aededa6c8addbfcc1f0/element'
[DEBUG] Using open Channel [id: 0xe5765420, L:/127.0.0.1:59515 - R:localhost/127.0.0.1:2690] for POST '/session/1d17cba2db6a7aededa6c8addbfcc1f0/element'
[DEBUG] 

Request DefaultHttpRequest(decodeResult: success, version: HTTP/1.1)
POST /session/1d17cba2db6a7aededa6c8addbfcc1f0/element HTTP/1.1
User-Agent: selenium/4.6.0 (java windows)
Content-Length: 128
Content-Type: application/json; charset=utf-8
host: localhost:2690
accept: */*

Response DefaultHttpResponse(decodeResult: success, version: HTTP/1.1)
HTTP/1.1 200 OK
Content-Type: application/json; charset=utf-8
cache-control: no-cache
content-length: 88

[DEBUG] Adding key: http://localhost:2690 for channel [id: 0xe5765420, L:/127.0.0.1:59515 - R:localhost/127.0.0.1:2690]
[DEBUG] Using pooled Channel '[id: 0xe5765420, L:/127.0.0.1:59515 - R:localhost/127.0.0.1:2690]' for 'GET' to 'http://localhost:2690/session/1d17cba2db6a7aededa6c8addbfcc1f0/element/ee697809-95a0-4005-9ed3-a46b04a9bd74/text'
[DEBUG] Using open Channel [id: 0xe5765420, L:/127.0.0.1:59515 - R:localhost/127.0.0.1:2690] for GET '/session/1d17cba2db6a7aededa6c8addbfcc1f0/element/ee697809-95a0-4005-9ed3-a46b04a9bd74/text'
[DEBUG] 

Request DefaultFullHttpRequest(decodeResult: success, version: HTTP/1.1, content: EmptyByteBufBE)
GET /session/1d17cba2db6a7aededa6c8addbfcc1f0/element/ee697809-95a0-4005-9ed3-a46b04a9bd74/text HTTP/1.1
User-Agent: selenium/4.6.0 (java windows)
Cache-Control: no-cache
Content-Type: application/json; charset=utf-8
host: localhost:2690
accept: */*

Response DefaultHttpResponse(decodeResult: success, version: HTTP/1.1)
HTTP/1.1 200 OK
Content-Type: application/json; charset=utf-8
cache-control: no-cache
content-length: 20

[DEBUG] Adding key: http://localhost:2690 for channel [id: 0xe5765420, L:/127.0.0.1:59515 - R:localhost/127.0.0.1:2690]
[DEBUG] Using pooled Channel '[id: 0xe5765420, L:/127.0.0.1:59515 - R:localhost/127.0.0.1:2690]' for 'POST' to 'http://localhost:2690/session/1d17cba2db6a7aededa6c8addbfcc1f0/element'
[DEBUG] Using open Channel [id: 0xe5765420, L:/127.0.0.1:59515 - R:localhost/127.0.0.1:2690] for POST '/session/1d17cba2db6a7aededa6c8addbfcc1f0/element'
[DEBUG] 

Request DefaultHttpRequest(decodeResult: success, version: HTTP/1.1)
POST /session/1d17cba2db6a7aededa6c8addbfcc1f0/element HTTP/1.1
User-Agent: selenium/4.6.0 (java windows)
Content-Length: 128
Content-Type: application/json; charset=utf-8
host: localhost:2690
accept: */*

Response DefaultHttpResponse(decodeResult: success, version: HTTP/1.1)
HTTP/1.1 200 OK
Content-Type: application/json; charset=utf-8
cache-control: no-cache
content-length: 88

[DEBUG] Adding key: http://localhost:2690 for channel [id: 0xe5765420, L:/127.0.0.1:59515 - R:localhost/127.0.0.1:2690]
[DEBUG] Using pooled Channel '[id: 0xe5765420, L:/127.0.0.1:59515 - R:localhost/127.0.0.1:2690]' for 'GET' to 'http://localhost:2690/session/1d17cba2db6a7aededa6c8addbfcc1f0/element/f6a8338a-cd86-4e29-bfe0-8c2a8a7fa342/text'
[DEBUG] Using open Channel [id: 0xe5765420, L:/127.0.0.1:59515 - R:localhost/127.0.0.1:2690] for GET '/session/1d17cba2db6a7aededa6c8addbfcc1f0/element/f6a8338a-cd86-4e29-bfe0-8c2a8a7fa342/text'
[DEBUG] 

Request DefaultFullHttpRequest(decodeResult: success, version: HTTP/1.1, content: EmptyByteBufBE)
GET /session/1d17cba2db6a7aededa6c8addbfcc1f0/element/f6a8338a-cd86-4e29-bfe0-8c2a8a7fa342/text HTTP/1.1
User-Agent: selenium/4.6.0 (java windows)
Cache-Control: no-cache
Content-Type: application/json; charset=utf-8
host: localhost:2690
accept: */*

Response DefaultHttpResponse(decodeResult: success, version: HTTP/1.1)
HTTP/1.1 200 OK
Content-Type: application/json; charset=utf-8
cache-control: no-cache
content-length: 22

[DEBUG] Adding key: http://localhost:2690 for channel [id: 0xe5765420, L:/127.0.0.1:59515 - R:localhost/127.0.0.1:2690]
[DEBUG] Using pooled Channel '[id: 0xe5765420, L:/127.0.0.1:59515 - R:localhost/127.0.0.1:2690]' for 'POST' to 'http://localhost:2690/session/1d17cba2db6a7aededa6c8addbfcc1f0/element'
[DEBUG] Using open Channel [id: 0xe5765420, L:/127.0.0.1:59515 - R:localhost/127.0.0.1:2690] for POST '/session/1d17cba2db6a7aededa6c8addbfcc1f0/element'
[DEBUG] 

Request DefaultHttpRequest(decodeResult: success, version: HTTP/1.1)
POST /session/1d17cba2db6a7aededa6c8addbfcc1f0/element HTTP/1.1
User-Agent: selenium/4.6.0 (java windows)
Content-Length: 128
Content-Type: application/json; charset=utf-8
host: localhost:2690
accept: */*

Response DefaultHttpResponse(decodeResult: success, version: HTTP/1.1)
HTTP/1.1 200 OK
Content-Type: application/json; charset=utf-8
cache-control: no-cache
content-length: 88

[DEBUG] Adding key: http://localhost:2690 for channel [id: 0xe5765420, L:/127.0.0.1:59515 - R:localhost/127.0.0.1:2690]
[DEBUG] Using pooled Channel '[id: 0xe5765420, L:/127.0.0.1:59515 - R:localhost/127.0.0.1:2690]' for 'GET' to 'http://localhost:2690/session/1d17cba2db6a7aededa6c8addbfcc1f0/element/0f1f0afb-f340-4f60-a3a1-b22ec7db930e/text'
[DEBUG] Using open Channel [id: 0xe5765420, L:/127.0.0.1:59515 - R:localhost/127.0.0.1:2690] for GET '/session/1d17cba2db6a7aededa6c8addbfcc1f0/element/0f1f0afb-f340-4f60-a3a1-b22ec7db930e/text'
[DEBUG] 

Request DefaultFullHttpRequest(decodeResult: success, version: HTTP/1.1, content: EmptyByteBufBE)
GET /session/1d17cba2db6a7aededa6c8addbfcc1f0/element/0f1f0afb-f340-4f60-a3a1-b22ec7db930e/text HTTP/1.1
User-Agent: selenium/4.6.0 (java windows)
Cache-Control: no-cache
Content-Type: application/json; charset=utf-8
host: localhost:2690
accept: */*

Response DefaultHttpResponse(decodeResult: success, version: HTTP/1.1)
HTTP/1.1 200 OK
Content-Type: application/json; charset=utf-8
cache-control: no-cache
content-length: 28

[DEBUG] Adding key: http://localhost:2690 for channel [id: 0xe5765420, L:/127.0.0.1:59515 - R:localhost/127.0.0.1:2690]
[DEBUG] Using pooled Channel '[id: 0xe5765420, L:/127.0.0.1:59515 - R:localhost/127.0.0.1:2690]' for 'POST' to 'http://localhost:2690/session/1d17cba2db6a7aededa6c8addbfcc1f0/element'
[DEBUG] Using open Channel [id: 0xe5765420, L:/127.0.0.1:59515 - R:localhost/127.0.0.1:2690] for POST '/session/1d17cba2db6a7aededa6c8addbfcc1f0/element'
[DEBUG] 

Request DefaultHttpRequest(decodeResult: success, version: HTTP/1.1)
POST /session/1d17cba2db6a7aededa6c8addbfcc1f0/element HTTP/1.1
User-Agent: selenium/4.6.0 (java windows)
Content-Length: 128
Content-Type: application/json; charset=utf-8
host: localhost:2690
accept: */*

Response DefaultHttpResponse(decodeResult: success, version: HTTP/1.1)
HTTP/1.1 200 OK
Content-Type: application/json; charset=utf-8
cache-control: no-cache
content-length: 88

[DEBUG] Adding key: http://localhost:2690 for channel [id: 0xe5765420, L:/127.0.0.1:59515 - R:localhost/127.0.0.1:2690]
[DEBUG] Using pooled Channel '[id: 0xe5765420, L:/127.0.0.1:59515 - R:localhost/127.0.0.1:2690]' for 'GET' to 'http://localhost:2690/session/1d17cba2db6a7aededa6c8addbfcc1f0/element/886aded8-54f1-4f48-84a4-89105ac712fd/text'
[DEBUG] Using open Channel [id: 0xe5765420, L:/127.0.0.1:59515 - R:localhost/127.0.0.1:2690] for GET '/session/1d17cba2db6a7aededa6c8addbfcc1f0/element/886aded8-54f1-4f48-84a4-89105ac712fd/text'
[DEBUG] 

Request DefaultFullHttpRequest(decodeResult: success, version: HTTP/1.1, content: EmptyByteBufBE)
GET /session/1d17cba2db6a7aededa6c8addbfcc1f0/element/886aded8-54f1-4f48-84a4-89105ac712fd/text HTTP/1.1
User-Agent: selenium/4.6.0 (java windows)
Cache-Control: no-cache
Content-Type: application/json; charset=utf-8
host: localhost:2690
accept: */*

Response DefaultHttpResponse(decodeResult: success, version: HTTP/1.1)
HTTP/1.1 200 OK
Content-Type: application/json; charset=utf-8
cache-control: no-cache
content-length: 23

[DEBUG] Adding key: http://localhost:2690 for channel [id: 0xe5765420, L:/127.0.0.1:59515 - R:localhost/127.0.0.1:2690]
[DEBUG] Using pooled Channel '[id: 0xe5765420, L:/127.0.0.1:59515 - R:localhost/127.0.0.1:2690]' for 'POST' to 'http://localhost:2690/session/1d17cba2db6a7aededa6c8addbfcc1f0/element'
[DEBUG] Using open Channel [id: 0xe5765420, L:/127.0.0.1:59515 - R:localhost/127.0.0.1:2690] for POST '/session/1d17cba2db6a7aededa6c8addbfcc1f0/element'
[DEBUG] 

Request DefaultHttpRequest(decodeResult: success, version: HTTP/1.1)
POST /session/1d17cba2db6a7aededa6c8addbfcc1f0/element HTTP/1.1
User-Agent: selenium/4.6.0 (java windows)
Content-Length: 128
Content-Type: application/json; charset=utf-8
host: localhost:2690
accept: */*

Response DefaultHttpResponse(decodeResult: success, version: HTTP/1.1)
HTTP/1.1 200 OK
Content-Type: application/json; charset=utf-8
cache-control: no-cache
content-length: 88

[DEBUG] Adding key: http://localhost:2690 for channel [id: 0xe5765420, L:/127.0.0.1:59515 - R:localhost/127.0.0.1:2690]
[DEBUG] Using pooled Channel '[id: 0xe5765420, L:/127.0.0.1:59515 - R:localhost/127.0.0.1:2690]' for 'GET' to 'http://localhost:2690/session/1d17cba2db6a7aededa6c8addbfcc1f0/element/62558679-07ac-430b-92ef-7194bcca9711/text'
[DEBUG] Using open Channel [id: 0xe5765420, L:/127.0.0.1:59515 - R:localhost/127.0.0.1:2690] for GET '/session/1d17cba2db6a7aededa6c8addbfcc1f0/element/62558679-07ac-430b-92ef-7194bcca9711/text'
[DEBUG] 

Request DefaultFullHttpRequest(decodeResult: success, version: HTTP/1.1, content: EmptyByteBufBE)
GET /session/1d17cba2db6a7aededa6c8addbfcc1f0/element/62558679-07ac-430b-92ef-7194bcca9711/text HTTP/1.1
User-Agent: selenium/4.6.0 (java windows)
Cache-Control: no-cache
Content-Type: application/json; charset=utf-8
host: localhost:2690
accept: */*

Response DefaultHttpResponse(decodeResult: success, version: HTTP/1.1)
HTTP/1.1 200 OK
Content-Type: application/json; charset=utf-8
cache-control: no-cache
content-length: 19

[DEBUG] Adding key: http://localhost:2690 for channel [id: 0xe5765420, L:/127.0.0.1:59515 - R:localhost/127.0.0.1:2690]
[DEBUG] Using pooled Channel '[id: 0xe5765420, L:/127.0.0.1:59515 - R:localhost/127.0.0.1:2690]' for 'POST' to 'http://localhost:2690/session/1d17cba2db6a7aededa6c8addbfcc1f0/element'
[DEBUG] Using open Channel [id: 0xe5765420, L:/127.0.0.1:59515 - R:localhost/127.0.0.1:2690] for POST '/session/1d17cba2db6a7aededa6c8addbfcc1f0/element'
[DEBUG] 

Request DefaultHttpRequest(decodeResult: success, version: HTTP/1.1)
POST /session/1d17cba2db6a7aededa6c8addbfcc1f0/element HTTP/1.1
User-Agent: selenium/4.6.0 (java windows)
Content-Length: 128
Content-Type: application/json; charset=utf-8
host: localhost:2690
accept: */*

Response DefaultHttpResponse(decodeResult: success, version: HTTP/1.1)
HTTP/1.1 200 OK
Content-Type: application/json; charset=utf-8
cache-control: no-cache
content-length: 88

[DEBUG] Adding key: http://localhost:2690 for channel [id: 0xe5765420, L:/127.0.0.1:59515 - R:localhost/127.0.0.1:2690]
[DEBUG] Using pooled Channel '[id: 0xe5765420, L:/127.0.0.1:59515 - R:localhost/127.0.0.1:2690]' for 'GET' to 'http://localhost:2690/session/1d17cba2db6a7aededa6c8addbfcc1f0/element/755d4677-0352-4f81-84e8-1ec4bdcd2f80/text'
[DEBUG] Using open Channel [id: 0xe5765420, L:/127.0.0.1:59515 - R:localhost/127.0.0.1:2690] for GET '/session/1d17cba2db6a7aededa6c8addbfcc1f0/element/755d4677-0352-4f81-84e8-1ec4bdcd2f80/text'
[DEBUG] 

Request DefaultFullHttpRequest(decodeResult: success, version: HTTP/1.1, content: EmptyByteBufBE)
GET /session/1d17cba2db6a7aededa6c8addbfcc1f0/element/755d4677-0352-4f81-84e8-1ec4bdcd2f80/text HTTP/1.1
User-Agent: selenium/4.6.0 (java windows)
Cache-Control: no-cache
Content-Type: application/json; charset=utf-8
host: localhost:2690
accept: */*

Response DefaultHttpResponse(decodeResult: success, version: HTTP/1.1)
HTTP/1.1 200 OK
Content-Type: application/json; charset=utf-8
cache-control: no-cache
content-length: 30

[DEBUG] Adding key: http://localhost:2690 for channel [id: 0xe5765420, L:/127.0.0.1:59515 - R:localhost/127.0.0.1:2690]
[DEBUG] Using pooled Channel '[id: 0xe5765420, L:/127.0.0.1:59515 - R:localhost/127.0.0.1:2690]' for 'POST' to 'http://localhost:2690/session/1d17cba2db6a7aededa6c8addbfcc1f0/element'
[DEBUG] Using open Channel [id: 0xe5765420, L:/127.0.0.1:59515 - R:localhost/127.0.0.1:2690] for POST '/session/1d17cba2db6a7aededa6c8addbfcc1f0/element'
[DEBUG] 

Request DefaultHttpRequest(decodeResult: success, version: HTTP/1.1)
POST /session/1d17cba2db6a7aededa6c8addbfcc1f0/element HTTP/1.1
User-Agent: selenium/4.6.0 (java windows)
Content-Length: 128
Content-Type: application/json; charset=utf-8
host: localhost:2690
accept: */*

Response DefaultHttpResponse(decodeResult: success, version: HTTP/1.1)
HTTP/1.1 200 OK
Content-Type: application/json; charset=utf-8
cache-control: no-cache
content-length: 88

[DEBUG] Adding key: http://localhost:2690 for channel [id: 0xe5765420, L:/127.0.0.1:59515 - R:localhost/127.0.0.1:2690]
[DEBUG] Using pooled Channel '[id: 0xe5765420, L:/127.0.0.1:59515 - R:localhost/127.0.0.1:2690]' for 'GET' to 'http://localhost:2690/session/1d17cba2db6a7aededa6c8addbfcc1f0/element/6bb22460-38bf-4d38-8850-cd44bc71eb27/text'
[DEBUG] Using open Channel [id: 0xe5765420, L:/127.0.0.1:59515 - R:localhost/127.0.0.1:2690] for GET '/session/1d17cba2db6a7aededa6c8addbfcc1f0/element/6bb22460-38bf-4d38-8850-cd44bc71eb27/text'
[DEBUG] 

Request DefaultFullHttpRequest(decodeResult: success, version: HTTP/1.1, content: EmptyByteBufBE)
GET /session/1d17cba2db6a7aededa6c8addbfcc1f0/element/6bb22460-38bf-4d38-8850-cd44bc71eb27/text HTTP/1.1
User-Agent: selenium/4.6.0 (java windows)
Cache-Control: no-cache
Content-Type: application/json; charset=utf-8
host: localhost:2690
accept: */*

Response DefaultHttpResponse(decodeResult: success, version: HTTP/1.1)
HTTP/1.1 200 OK
Content-Type: application/json; charset=utf-8
cache-control: no-cache
content-length: 28

[DEBUG] Adding key: http://localhost:2690 for channel [id: 0xe5765420, L:/127.0.0.1:59515 - R:localhost/127.0.0.1:2690]
[DEBUG] Using pooled Channel '[id: 0xe5765420, L:/127.0.0.1:59515 - R:localhost/127.0.0.1:2690]' for 'POST' to 'http://localhost:2690/session/1d17cba2db6a7aededa6c8addbfcc1f0/element'
[DEBUG] Using open Channel [id: 0xe5765420, L:/127.0.0.1:59515 - R:localhost/127.0.0.1:2690] for POST '/session/1d17cba2db6a7aededa6c8addbfcc1f0/element'
[DEBUG] 

Request DefaultHttpRequest(decodeResult: success, version: HTTP/1.1)
POST /session/1d17cba2db6a7aededa6c8addbfcc1f0/element HTTP/1.1
User-Agent: selenium/4.6.0 (java windows)
Content-Length: 128
Content-Type: application/json; charset=utf-8
host: localhost:2690
accept: */*

Response DefaultHttpResponse(decodeResult: success, version: HTTP/1.1)
HTTP/1.1 200 OK
Content-Type: application/json; charset=utf-8
cache-control: no-cache
content-length: 88

[DEBUG] Adding key: http://localhost:2690 for channel [id: 0xe5765420, L:/127.0.0.1:59515 - R:localhost/127.0.0.1:2690]
[DEBUG] Using pooled Channel '[id: 0xe5765420, L:/127.0.0.1:59515 - R:localhost/127.0.0.1:2690]' for 'GET' to 'http://localhost:2690/session/1d17cba2db6a7aededa6c8addbfcc1f0/element/f27473f0-9ae9-46b9-8e5b-0b63fe6f989c/text'
[DEBUG] Using open Channel [id: 0xe5765420, L:/127.0.0.1:59515 - R:localhost/127.0.0.1:2690] for GET '/session/1d17cba2db6a7aededa6c8addbfcc1f0/element/f27473f0-9ae9-46b9-8e5b-0b63fe6f989c/text'
[DEBUG] 

Request DefaultFullHttpRequest(decodeResult: success, version: HTTP/1.1, content: EmptyByteBufBE)
GET /session/1d17cba2db6a7aededa6c8addbfcc1f0/element/f27473f0-9ae9-46b9-8e5b-0b63fe6f989c/text HTTP/1.1
User-Agent: selenium/4.6.0 (java windows)
Cache-Control: no-cache
Content-Type: application/json; charset=utf-8
host: localhost:2690
accept: */*

Response DefaultHttpResponse(decodeResult: success, version: HTTP/1.1)
HTTP/1.1 200 OK
Content-Type: application/json; charset=utf-8
cache-control: no-cache
content-length: 23

[DEBUG] Adding key: http://localhost:2690 for channel [id: 0xe5765420, L:/127.0.0.1:59515 - R:localhost/127.0.0.1:2690]
[DEBUG] Using pooled Channel '[id: 0xe5765420, L:/127.0.0.1:59515 - R:localhost/127.0.0.1:2690]' for 'POST' to 'http://localhost:2690/session/1d17cba2db6a7aededa6c8addbfcc1f0/element'
[DEBUG] Using open Channel [id: 0xe5765420, L:/127.0.0.1:59515 - R:localhost/127.0.0.1:2690] for POST '/session/1d17cba2db6a7aededa6c8addbfcc1f0/element'
[DEBUG] 

Request DefaultHttpRequest(decodeResult: success, version: HTTP/1.1)
POST /session/1d17cba2db6a7aededa6c8addbfcc1f0/element HTTP/1.1
User-Agent: selenium/4.6.0 (java windows)
Content-Length: 128
Content-Type: application/json; charset=utf-8
host: localhost:2690
accept: */*

Response DefaultHttpResponse(decodeResult: success, version: HTTP/1.1)
HTTP/1.1 200 OK
Content-Type: application/json; charset=utf-8
cache-control: no-cache
content-length: 88

[DEBUG] Adding key: http://localhost:2690 for channel [id: 0xe5765420, L:/127.0.0.1:59515 - R:localhost/127.0.0.1:2690]
[DEBUG] Using pooled Channel '[id: 0xe5765420, L:/127.0.0.1:59515 - R:localhost/127.0.0.1:2690]' for 'GET' to 'http://localhost:2690/session/1d17cba2db6a7aededa6c8addbfcc1f0/element/cf4ccd67-9d25-4787-8947-7b93ed8f3d58/text'
[DEBUG] Using open Channel [id: 0xe5765420, L:/127.0.0.1:59515 - R:localhost/127.0.0.1:2690] for GET '/session/1d17cba2db6a7aededa6c8addbfcc1f0/element/cf4ccd67-9d25-4787-8947-7b93ed8f3d58/text'
[DEBUG] 

Request DefaultFullHttpRequest(decodeResult: success, version: HTTP/1.1, content: EmptyByteBufBE)
GET /session/1d17cba2db6a7aededa6c8addbfcc1f0/element/cf4ccd67-9d25-4787-8947-7b93ed8f3d58/text HTTP/1.1
User-Agent: selenium/4.6.0 (java windows)
Cache-Control: no-cache
Content-Type: application/json; charset=utf-8
host: localhost:2690
accept: */*

Response DefaultHttpResponse(decodeResult: success, version: HTTP/1.1)
HTTP/1.1 200 OK
Content-Type: application/json; charset=utf-8
cache-control: no-cache
content-length: 21

[DEBUG] Adding key: http://localhost:2690 for channel [id: 0xe5765420, L:/127.0.0.1:59515 - R:localhost/127.0.0.1:2690]
[DEBUG] Using pooled Channel '[id: 0xe5765420, L:/127.0.0.1:59515 - R:localhost/127.0.0.1:2690]' for 'POST' to 'http://localhost:2690/session/1d17cba2db6a7aededa6c8addbfcc1f0/element'
[DEBUG] Using open Channel [id: 0xe5765420, L:/127.0.0.1:59515 - R:localhost/127.0.0.1:2690] for POST '/session/1d17cba2db6a7aededa6c8addbfcc1f0/element'
[DEBUG] 

Request DefaultHttpRequest(decodeResult: success, version: HTTP/1.1)
POST /session/1d17cba2db6a7aededa6c8addbfcc1f0/element HTTP/1.1
User-Agent: selenium/4.6.0 (java windows)
Content-Length: 128
Content-Type: application/json; charset=utf-8
host: localhost:2690
accept: */*

Response DefaultHttpResponse(decodeResult: success, version: HTTP/1.1)
HTTP/1.1 200 OK
Content-Type: application/json; charset=utf-8
cache-control: no-cache
content-length: 88

[DEBUG] Adding key: http://localhost:2690 for channel [id: 0xe5765420, L:/127.0.0.1:59515 - R:localhost/127.0.0.1:2690]
[DEBUG] Using pooled Channel '[id: 0xe5765420, L:/127.0.0.1:59515 - R:localhost/127.0.0.1:2690]' for 'GET' to 'http://localhost:2690/session/1d17cba2db6a7aededa6c8addbfcc1f0/element/8cdc885b-bcb7-4737-a0fa-ff7efd07da58/text'
[DEBUG] Using open Channel [id: 0xe5765420, L:/127.0.0.1:59515 - R:localhost/127.0.0.1:2690] for GET '/session/1d17cba2db6a7aededa6c8addbfcc1f0/element/8cdc885b-bcb7-4737-a0fa-ff7efd07da58/text'
[DEBUG] 

Request DefaultFullHttpRequest(decodeResult: success, version: HTTP/1.1, content: EmptyByteBufBE)
GET /session/1d17cba2db6a7aededa6c8addbfcc1f0/element/8cdc885b-bcb7-4737-a0fa-ff7efd07da58/text HTTP/1.1
User-Agent: selenium/4.6.0 (java windows)
Cache-Control: no-cache
Content-Type: application/json; charset=utf-8
host: localhost:2690
accept: */*

Response DefaultHttpResponse(decodeResult: success, version: HTTP/1.1)
HTTP/1.1 200 OK
Content-Type: application/json; charset=utf-8
cache-control: no-cache
content-length: 17

[DEBUG] Adding key: http://localhost:2690 for channel [id: 0xe5765420, L:/127.0.0.1:59515 - R:localhost/127.0.0.1:2690]
[DEBUG] Using pooled Channel '[id: 0xe5765420, L:/127.0.0.1:59515 - R:localhost/127.0.0.1:2690]' for 'POST' to 'http://localhost:2690/session/1d17cba2db6a7aededa6c8addbfcc1f0/element'
[DEBUG] Using open Channel [id: 0xe5765420, L:/127.0.0.1:59515 - R:localhost/127.0.0.1:2690] for POST '/session/1d17cba2db6a7aededa6c8addbfcc1f0/element'
[DEBUG] 

Request DefaultHttpRequest(decodeResult: success, version: HTTP/1.1)
POST /session/1d17cba2db6a7aededa6c8addbfcc1f0/element HTTP/1.1
User-Agent: selenium/4.6.0 (java windows)
Content-Length: 128
Content-Type: application/json; charset=utf-8
host: localhost:2690
accept: */*

Response DefaultHttpResponse(decodeResult: success, version: HTTP/1.1)
HTTP/1.1 200 OK
Content-Type: application/json; charset=utf-8
cache-control: no-cache
content-length: 88

[DEBUG] Adding key: http://localhost:2690 for channel [id: 0xe5765420, L:/127.0.0.1:59515 - R:localhost/127.0.0.1:2690]
[DEBUG] Using pooled Channel '[id: 0xe5765420, L:/127.0.0.1:59515 - R:localhost/127.0.0.1:2690]' for 'GET' to 'http://localhost:2690/session/1d17cba2db6a7aededa6c8addbfcc1f0/element/fc656d56-cc9d-4d16-b02c-36aa25c22dc9/text'
[DEBUG] Using open Channel [id: 0xe5765420, L:/127.0.0.1:59515 - R:localhost/127.0.0.1:2690] for GET '/session/1d17cba2db6a7aededa6c8addbfcc1f0/element/fc656d56-cc9d-4d16-b02c-36aa25c22dc9/text'
[DEBUG] 

Request DefaultFullHttpRequest(decodeResult: success, version: HTTP/1.1, content: EmptyByteBufBE)
GET /session/1d17cba2db6a7aededa6c8addbfcc1f0/element/fc656d56-cc9d-4d16-b02c-36aa25c22dc9/text HTTP/1.1
User-Agent: selenium/4.6.0 (java windows)
Cache-Control: no-cache
Content-Type: application/json; charset=utf-8
host: localhost:2690
accept: */*

Response DefaultHttpResponse(decodeResult: success, version: HTTP/1.1)
HTTP/1.1 200 OK
Content-Type: application/json; charset=utf-8
cache-control: no-cache
content-length: 28

[DEBUG] Adding key: http://localhost:2690 for channel [id: 0xe5765420, L:/127.0.0.1:59515 - R:localhost/127.0.0.1:2690]
[DEBUG] Using pooled Channel '[id: 0xe5765420, L:/127.0.0.1:59515 - R:localhost/127.0.0.1:2690]' for 'POST' to 'http://localhost:2690/session/1d17cba2db6a7aededa6c8addbfcc1f0/element'
[DEBUG] Using open Channel [id: 0xe5765420, L:/127.0.0.1:59515 - R:localhost/127.0.0.1:2690] for POST '/session/1d17cba2db6a7aededa6c8addbfcc1f0/element'
[DEBUG] 

Request DefaultHttpRequest(decodeResult: success, version: HTTP/1.1)
POST /session/1d17cba2db6a7aededa6c8addbfcc1f0/element HTTP/1.1
User-Agent: selenium/4.6.0 (java windows)
Content-Length: 128
Content-Type: application/json; charset=utf-8
host: localhost:2690
accept: */*

Response DefaultHttpResponse(decodeResult: success, version: HTTP/1.1)
HTTP/1.1 200 OK
Content-Type: application/json; charset=utf-8
cache-control: no-cache
content-length: 88

[DEBUG] Adding key: http://localhost:2690 for channel [id: 0xe5765420, L:/127.0.0.1:59515 - R:localhost/127.0.0.1:2690]
[DEBUG] Using pooled Channel '[id: 0xe5765420, L:/127.0.0.1:59515 - R:localhost/127.0.0.1:2690]' for 'GET' to 'http://localhost:2690/session/1d17cba2db6a7aededa6c8addbfcc1f0/element/0aca8d4b-faf7-44c5-bbca-26aa12debb2b/text'
[DEBUG] Using open Channel [id: 0xe5765420, L:/127.0.0.1:59515 - R:localhost/127.0.0.1:2690] for GET '/session/1d17cba2db6a7aededa6c8addbfcc1f0/element/0aca8d4b-faf7-44c5-bbca-26aa12debb2b/text'
[DEBUG] 

Request DefaultFullHttpRequest(decodeResult: success, version: HTTP/1.1, content: EmptyByteBufBE)
GET /session/1d17cba2db6a7aededa6c8addbfcc1f0/element/0aca8d4b-faf7-44c5-bbca-26aa12debb2b/text HTTP/1.1
User-Agent: selenium/4.6.0 (java windows)
Cache-Control: no-cache
Content-Type: application/json; charset=utf-8
host: localhost:2690
accept: */*

Response DefaultHttpResponse(decodeResult: success, version: HTTP/1.1)
HTTP/1.1 200 OK
Content-Type: application/json; charset=utf-8
cache-control: no-cache
content-length: 23

[DEBUG] Adding key: http://localhost:2690 for channel [id: 0xe5765420, L:/127.0.0.1:59515 - R:localhost/127.0.0.1:2690]
[DEBUG] Using pooled Channel '[id: 0xe5765420, L:/127.0.0.1:59515 - R:localhost/127.0.0.1:2690]' for 'POST' to 'http://localhost:2690/session/1d17cba2db6a7aededa6c8addbfcc1f0/element'
[DEBUG] Using open Channel [id: 0xe5765420, L:/127.0.0.1:59515 - R:localhost/127.0.0.1:2690] for POST '/session/1d17cba2db6a7aededa6c8addbfcc1f0/element'
[DEBUG] 

Request DefaultHttpRequest(decodeResult: success, version: HTTP/1.1)
POST /session/1d17cba2db6a7aededa6c8addbfcc1f0/element HTTP/1.1
User-Agent: selenium/4.6.0 (java windows)
Content-Length: 128
Content-Type: application/json; charset=utf-8
host: localhost:2690
accept: */*

Response DefaultHttpResponse(decodeResult: success, version: HTTP/1.1)
HTTP/1.1 200 OK
Content-Type: application/json; charset=utf-8
cache-control: no-cache
content-length: 88

[DEBUG] Adding key: http://localhost:2690 for channel [id: 0xe5765420, L:/127.0.0.1:59515 - R:localhost/127.0.0.1:2690]
[DEBUG] Using pooled Channel '[id: 0xe5765420, L:/127.0.0.1:59515 - R:localhost/127.0.0.1:2690]' for 'GET' to 'http://localhost:2690/session/1d17cba2db6a7aededa6c8addbfcc1f0/element/fbad737e-9839-4ba7-ad43-62c1d4efbf27/text'
[DEBUG] Using open Channel [id: 0xe5765420, L:/127.0.0.1:59515 - R:localhost/127.0.0.1:2690] for GET '/session/1d17cba2db6a7aededa6c8addbfcc1f0/element/fbad737e-9839-4ba7-ad43-62c1d4efbf27/text'
[DEBUG] 

Request DefaultFullHttpRequest(decodeResult: success, version: HTTP/1.1, content: EmptyByteBufBE)
GET /session/1d17cba2db6a7aededa6c8addbfcc1f0/element/fbad737e-9839-4ba7-ad43-62c1d4efbf27/text HTTP/1.1
User-Agent: selenium/4.6.0 (java windows)
Cache-Control: no-cache
Content-Type: application/json; charset=utf-8
host: localhost:2690
accept: */*

Response DefaultHttpResponse(decodeResult: success, version: HTTP/1.1)
HTTP/1.1 200 OK
Content-Type: application/json; charset=utf-8
cache-control: no-cache
content-length: 20

[DEBUG] Adding key: http://localhost:2690 for channel [id: 0xe5765420, L:/127.0.0.1:59515 - R:localhost/127.0.0.1:2690]
[DEBUG] Using pooled Channel '[id: 0xe5765420, L:/127.0.0.1:59515 - R:localhost/127.0.0.1:2690]' for 'POST' to 'http://localhost:2690/session/1d17cba2db6a7aededa6c8addbfcc1f0/element'
[DEBUG] Using open Channel [id: 0xe5765420, L:/127.0.0.1:59515 - R:localhost/127.0.0.1:2690] for POST '/session/1d17cba2db6a7aededa6c8addbfcc1f0/element'
[DEBUG] 

Request DefaultHttpRequest(decodeResult: success, version: HTTP/1.1)
POST /session/1d17cba2db6a7aededa6c8addbfcc1f0/element HTTP/1.1
User-Agent: selenium/4.6.0 (java windows)
Content-Length: 128
Content-Type: application/json; charset=utf-8
host: localhost:2690
accept: */*

Response DefaultHttpResponse(decodeResult: success, version: HTTP/1.1)
HTTP/1.1 200 OK
Content-Type: application/json; charset=utf-8
cache-control: no-cache
content-length: 88

[DEBUG] Adding key: http://localhost:2690 for channel [id: 0xe5765420, L:/127.0.0.1:59515 - R:localhost/127.0.0.1:2690]
[DEBUG] Using pooled Channel '[id: 0xe5765420, L:/127.0.0.1:59515 - R:localhost/127.0.0.1:2690]' for 'GET' to 'http://localhost:2690/session/1d17cba2db6a7aededa6c8addbfcc1f0/element/4dfff729-9b35-4cc3-8596-9ebbb9759f74/text'
[DEBUG] Using open Channel [id: 0xe5765420, L:/127.0.0.1:59515 - R:localhost/127.0.0.1:2690] for GET '/session/1d17cba2db6a7aededa6c8addbfcc1f0/element/4dfff729-9b35-4cc3-8596-9ebbb9759f74/text'
[DEBUG] 

Request DefaultFullHttpRequest(decodeResult: success, version: HTTP/1.1, content: EmptyByteBufBE)
GET /session/1d17cba2db6a7aededa6c8addbfcc1f0/element/4dfff729-9b35-4cc3-8596-9ebbb9759f74/text HTTP/1.1
User-Agent: selenium/4.6.0 (java windows)
Cache-Control: no-cache
Content-Type: application/json; charset=utf-8
host: localhost:2690
accept: */*

Response DefaultHttpResponse(decodeResult: success, version: HTTP/1.1)
HTTP/1.1 200 OK
Content-Type: application/json; charset=utf-8
cache-control: no-cache
content-length: 27

[DEBUG] Adding key: http://localhost:2690 for channel [id: 0xe5765420, L:/127.0.0.1:59515 - R:localhost/127.0.0.1:2690]
[DEBUG] Using pooled Channel '[id: 0xe5765420, L:/127.0.0.1:59515 - R:localhost/127.0.0.1:2690]' for 'POST' to 'http://localhost:2690/session/1d17cba2db6a7aededa6c8addbfcc1f0/element'
[DEBUG] Using open Channel [id: 0xe5765420, L:/127.0.0.1:59515 - R:localhost/127.0.0.1:2690] for POST '/session/1d17cba2db6a7aededa6c8addbfcc1f0/element'
[DEBUG] 

Request DefaultHttpRequest(decodeResult: success, version: HTTP/1.1)
POST /session/1d17cba2db6a7aededa6c8addbfcc1f0/element HTTP/1.1
User-Agent: selenium/4.6.0 (java windows)
Content-Length: 128
Content-Type: application/json; charset=utf-8
host: localhost:2690
accept: */*

Response DefaultHttpResponse(decodeResult: success, version: HTTP/1.1)
HTTP/1.1 200 OK
Content-Type: application/json; charset=utf-8
cache-control: no-cache
content-length: 88

[DEBUG] Adding key: http://localhost:2690 for channel [id: 0xe5765420, L:/127.0.0.1:59515 - R:localhost/127.0.0.1:2690]
[DEBUG] Using pooled Channel '[id: 0xe5765420, L:/127.0.0.1:59515 - R:localhost/127.0.0.1:2690]' for 'GET' to 'http://localhost:2690/session/1d17cba2db6a7aededa6c8addbfcc1f0/element/7940c95d-7d60-47df-850a-aa0718c27123/text'
[DEBUG] Using open Channel [id: 0xe5765420, L:/127.0.0.1:59515 - R:localhost/127.0.0.1:2690] for GET '/session/1d17cba2db6a7aededa6c8addbfcc1f0/element/7940c95d-7d60-47df-850a-aa0718c27123/text'
[DEBUG] 

Request DefaultFullHttpRequest(decodeResult: success, version: HTTP/1.1, content: EmptyByteBufBE)
GET /session/1d17cba2db6a7aededa6c8addbfcc1f0/element/7940c95d-7d60-47df-850a-aa0718c27123/text HTTP/1.1
User-Agent: selenium/4.6.0 (java windows)
Cache-Control: no-cache
Content-Type: application/json; charset=utf-8
host: localhost:2690
accept: */*

Response DefaultHttpResponse(decodeResult: success, version: HTTP/1.1)
HTTP/1.1 200 OK
Content-Type: application/json; charset=utf-8
cache-control: no-cache
content-length: 28

[DEBUG] Adding key: http://localhost:2690 for channel [id: 0xe5765420, L:/127.0.0.1:59515 - R:localhost/127.0.0.1:2690]
[DEBUG] Using pooled Channel '[id: 0xe5765420, L:/127.0.0.1:59515 - R:localhost/127.0.0.1:2690]' for 'POST' to 'http://localhost:2690/session/1d17cba2db6a7aededa6c8addbfcc1f0/element'
[DEBUG] Using open Channel [id: 0xe5765420, L:/127.0.0.1:59515 - R:localhost/127.0.0.1:2690] for POST '/session/1d17cba2db6a7aededa6c8addbfcc1f0/element'
[DEBUG] 

Request DefaultHttpRequest(decodeResult: success, version: HTTP/1.1)
POST /session/1d17cba2db6a7aededa6c8addbfcc1f0/element HTTP/1.1
User-Agent: selenium/4.6.0 (java windows)
Content-Length: 128
Content-Type: application/json; charset=utf-8
host: localhost:2690
accept: */*

Response DefaultHttpResponse(decodeResult: success, version: HTTP/1.1)
HTTP/1.1 200 OK
Content-Type: application/json; charset=utf-8
cache-control: no-cache
content-length: 88

[DEBUG] Adding key: http://localhost:2690 for channel [id: 0xe5765420, L:/127.0.0.1:59515 - R:localhost/127.0.0.1:2690]
[DEBUG] Using pooled Channel '[id: 0xe5765420, L:/127.0.0.1:59515 - R:localhost/127.0.0.1:2690]' for 'GET' to 'http://localhost:2690/session/1d17cba2db6a7aededa6c8addbfcc1f0/element/8bc18dde-193e-4f5f-b5b2-451ef1cab02e/text'
[DEBUG] Using open Channel [id: 0xe5765420, L:/127.0.0.1:59515 - R:localhost/127.0.0.1:2690] for GET '/session/1d17cba2db6a7aededa6c8addbfcc1f0/element/8bc18dde-193e-4f5f-b5b2-451ef1cab02e/text'
[DEBUG] 

Request DefaultFullHttpRequest(decodeResult: success, version: HTTP/1.1, content: EmptyByteBufBE)
GET /session/1d17cba2db6a7aededa6c8addbfcc1f0/element/8bc18dde-193e-4f5f-b5b2-451ef1cab02e/text HTTP/1.1
User-Agent: selenium/4.6.0 (java windows)
Cache-Control: no-cache
Content-Type: application/json; charset=utf-8
host: localhost:2690
accept: */*

Response DefaultHttpResponse(decodeResult: success, version: HTTP/1.1)
HTTP/1.1 200 OK
Content-Type: application/json; charset=utf-8
cache-control: no-cache
content-length: 23

[DEBUG] Adding key: http://localhost:2690 for channel [id: 0xe5765420, L:/127.0.0.1:59515 - R:localhost/127.0.0.1:2690]
[DEBUG] Using pooled Channel '[id: 0xe5765420, L:/127.0.0.1:59515 - R:localhost/127.0.0.1:2690]' for 'POST' to 'http://localhost:2690/session/1d17cba2db6a7aededa6c8addbfcc1f0/element'
[DEBUG] Using open Channel [id: 0xe5765420, L:/127.0.0.1:59515 - R:localhost/127.0.0.1:2690] for POST '/session/1d17cba2db6a7aededa6c8addbfcc1f0/element'
[DEBUG] 

Request DefaultHttpRequest(decodeResult: success, version: HTTP/1.1)
POST /session/1d17cba2db6a7aededa6c8addbfcc1f0/element HTTP/1.1
User-Agent: selenium/4.6.0 (java windows)
Content-Length: 128
Content-Type: application/json; charset=utf-8
host: localhost:2690
accept: */*

Response DefaultHttpResponse(decodeResult: success, version: HTTP/1.1)
HTTP/1.1 200 OK
Content-Type: application/json; charset=utf-8
cache-control: no-cache
content-length: 88

[DEBUG] Adding key: http://localhost:2690 for channel [id: 0xe5765420, L:/127.0.0.1:59515 - R:localhost/127.0.0.1:2690]
[DEBUG] Using pooled Channel '[id: 0xe5765420, L:/127.0.0.1:59515 - R:localhost/127.0.0.1:2690]' for 'GET' to 'http://localhost:2690/session/1d17cba2db6a7aededa6c8addbfcc1f0/element/6ade71d7-2527-4bf5-b888-4785be703365/text'
[DEBUG] Using open Channel [id: 0xe5765420, L:/127.0.0.1:59515 - R:localhost/127.0.0.1:2690] for GET '/session/1d17cba2db6a7aededa6c8addbfcc1f0/element/6ade71d7-2527-4bf5-b888-4785be703365/text'
[DEBUG] 

Request DefaultFullHttpRequest(decodeResult: success, version: HTTP/1.1, content: EmptyByteBufBE)
GET /session/1d17cba2db6a7aededa6c8addbfcc1f0/element/6ade71d7-2527-4bf5-b888-4785be703365/text HTTP/1.1
User-Agent: selenium/4.6.0 (java windows)
Cache-Control: no-cache
Content-Type: application/json; charset=utf-8
host: localhost:2690
accept: */*

Response DefaultHttpResponse(decodeResult: success, version: HTTP/1.1)
HTTP/1.1 200 OK
Content-Type: application/json; charset=utf-8
cache-control: no-cache
content-length: 18

[DEBUG] Adding key: http://localhost:2690 for channel [id: 0xe5765420, L:/127.0.0.1:59515 - R:localhost/127.0.0.1:2690]
[DEBUG] Using pooled Channel '[id: 0xe5765420, L:/127.0.0.1:59515 - R:localhost/127.0.0.1:2690]' for 'POST' to 'http://localhost:2690/session/1d17cba2db6a7aededa6c8addbfcc1f0/element'
[DEBUG] Using open Channel [id: 0xe5765420, L:/127.0.0.1:59515 - R:localhost/127.0.0.1:2690] for POST '/session/1d17cba2db6a7aededa6c8addbfcc1f0/element'
[DEBUG] 

Request DefaultHttpRequest(decodeResult: success, version: HTTP/1.1)
POST /session/1d17cba2db6a7aededa6c8addbfcc1f0/element HTTP/1.1
User-Agent: selenium/4.6.0 (java windows)
Content-Length: 128
Content-Type: application/json; charset=utf-8
host: localhost:2690
accept: */*

Response DefaultHttpResponse(decodeResult: success, version: HTTP/1.1)
HTTP/1.1 200 OK
Content-Type: application/json; charset=utf-8
cache-control: no-cache
content-length: 88

[DEBUG] Adding key: http://localhost:2690 for channel [id: 0xe5765420, L:/127.0.0.1:59515 - R:localhost/127.0.0.1:2690]
[DEBUG] Using pooled Channel '[id: 0xe5765420, L:/127.0.0.1:59515 - R:localhost/127.0.0.1:2690]' for 'GET' to 'http://localhost:2690/session/1d17cba2db6a7aededa6c8addbfcc1f0/element/9b1864e6-c749-4a20-8c58-4014342737da/text'
[DEBUG] Using open Channel [id: 0xe5765420, L:/127.0.0.1:59515 - R:localhost/127.0.0.1:2690] for GET '/session/1d17cba2db6a7aededa6c8addbfcc1f0/element/9b1864e6-c749-4a20-8c58-4014342737da/text'
[DEBUG] 

Request DefaultFullHttpRequest(decodeResult: success, version: HTTP/1.1, content: EmptyByteBufBE)
GET /session/1d17cba2db6a7aededa6c8addbfcc1f0/element/9b1864e6-c749-4a20-8c58-4014342737da/text HTTP/1.1
User-Agent: selenium/4.6.0 (java windows)
Cache-Control: no-cache
Content-Type: application/json; charset=utf-8
host: localhost:2690
accept: */*

Response DefaultHttpResponse(decodeResult: success, version: HTTP/1.1)
HTTP/1.1 200 OK
Content-Type: application/json; charset=utf-8
cache-control: no-cache
content-length: 40

[DEBUG] Adding key: http://localhost:2690 for channel [id: 0xe5765420, L:/127.0.0.1:59515 - R:localhost/127.0.0.1:2690]
[DEBUG] Using pooled Channel '[id: 0xe5765420, L:/127.0.0.1:59515 - R:localhost/127.0.0.1:2690]' for 'POST' to 'http://localhost:2690/session/1d17cba2db6a7aededa6c8addbfcc1f0/element'
[DEBUG] Using open Channel [id: 0xe5765420, L:/127.0.0.1:59515 - R:localhost/127.0.0.1:2690] for POST '/session/1d17cba2db6a7aededa6c8addbfcc1f0/element'
[DEBUG] 

Request DefaultHttpRequest(decodeResult: success, version: HTTP/1.1)
POST /session/1d17cba2db6a7aededa6c8addbfcc1f0/element HTTP/1.1
User-Agent: selenium/4.6.0 (java windows)
Content-Length: 128
Content-Type: application/json; charset=utf-8
host: localhost:2690
accept: */*

Response DefaultHttpResponse(decodeResult: success, version: HTTP/1.1)
HTTP/1.1 200 OK
Content-Type: application/json; charset=utf-8
cache-control: no-cache
content-length: 88

[DEBUG] Adding key: http://localhost:2690 for channel [id: 0xe5765420, L:/127.0.0.1:59515 - R:localhost/127.0.0.1:2690]
[DEBUG] Using pooled Channel '[id: 0xe5765420, L:/127.0.0.1:59515 - R:localhost/127.0.0.1:2690]' for 'GET' to 'http://localhost:2690/session/1d17cba2db6a7aededa6c8addbfcc1f0/element/dcebd84f-3cbe-43e0-8a1a-52230bfa3c5b/text'
[DEBUG] Using open Channel [id: 0xe5765420, L:/127.0.0.1:59515 - R:localhost/127.0.0.1:2690] for GET '/session/1d17cba2db6a7aededa6c8addbfcc1f0/element/dcebd84f-3cbe-43e0-8a1a-52230bfa3c5b/text'
[DEBUG] 

Request DefaultFullHttpRequest(decodeResult: success, version: HTTP/1.1, content: EmptyByteBufBE)
GET /session/1d17cba2db6a7aededa6c8addbfcc1f0/element/dcebd84f-3cbe-43e0-8a1a-52230bfa3c5b/text HTTP/1.1
User-Agent: selenium/4.6.0 (java windows)
Cache-Control: no-cache
Content-Type: application/json; charset=utf-8
host: localhost:2690
accept: */*

Response DefaultHttpResponse(decodeResult: success, version: HTTP/1.1)
HTTP/1.1 200 OK
Content-Type: application/json; charset=utf-8
cache-control: no-cache
content-length: 28

[DEBUG] Adding key: http://localhost:2690 for channel [id: 0xe5765420, L:/127.0.0.1:59515 - R:localhost/127.0.0.1:2690]
[DEBUG] Using pooled Channel '[id: 0xe5765420, L:/127.0.0.1:59515 - R:localhost/127.0.0.1:2690]' for 'POST' to 'http://localhost:2690/session/1d17cba2db6a7aededa6c8addbfcc1f0/element'
[DEBUG] Using open Channel [id: 0xe5765420, L:/127.0.0.1:59515 - R:localhost/127.0.0.1:2690] for POST '/session/1d17cba2db6a7aededa6c8addbfcc1f0/element'
[DEBUG] 

Request DefaultHttpRequest(decodeResult: success, version: HTTP/1.1)
POST /session/1d17cba2db6a7aededa6c8addbfcc1f0/element HTTP/1.1
User-Agent: selenium/4.6.0 (java windows)
Content-Length: 128
Content-Type: application/json; charset=utf-8
host: localhost:2690
accept: */*

Response DefaultHttpResponse(decodeResult: success, version: HTTP/1.1)
HTTP/1.1 200 OK
Content-Type: application/json; charset=utf-8
cache-control: no-cache
content-length: 88

[DEBUG] Adding key: http://localhost:2690 for channel [id: 0xe5765420, L:/127.0.0.1:59515 - R:localhost/127.0.0.1:2690]
[DEBUG] Using pooled Channel '[id: 0xe5765420, L:/127.0.0.1:59515 - R:localhost/127.0.0.1:2690]' for 'GET' to 'http://localhost:2690/session/1d17cba2db6a7aededa6c8addbfcc1f0/element/c9cc29fc-a25c-4118-afb4-df9dbbf94d3a/text'
[DEBUG] Using open Channel [id: 0xe5765420, L:/127.0.0.1:59515 - R:localhost/127.0.0.1:2690] for GET '/session/1d17cba2db6a7aededa6c8addbfcc1f0/element/c9cc29fc-a25c-4118-afb4-df9dbbf94d3a/text'
[DEBUG] 

Request DefaultFullHttpRequest(decodeResult: success, version: HTTP/1.1, content: EmptyByteBufBE)
GET /session/1d17cba2db6a7aededa6c8addbfcc1f0/element/c9cc29fc-a25c-4118-afb4-df9dbbf94d3a/text HTTP/1.1
User-Agent: selenium/4.6.0 (java windows)
Cache-Control: no-cache
Content-Type: application/json; charset=utf-8
host: localhost:2690
accept: */*

Response DefaultHttpResponse(decodeResult: success, version: HTTP/1.1)
HTTP/1.1 200 OK
Content-Type: application/json; charset=utf-8
cache-control: no-cache
content-length: 23

[DEBUG] Adding key: http://localhost:2690 for channel [id: 0xe5765420, L:/127.0.0.1:59515 - R:localhost/127.0.0.1:2690]
[DEBUG] Using pooled Channel '[id: 0xe5765420, L:/127.0.0.1:59515 - R:localhost/127.0.0.1:2690]' for 'POST' to 'http://localhost:2690/session/1d17cba2db6a7aededa6c8addbfcc1f0/element'
[DEBUG] Using open Channel [id: 0xe5765420, L:/127.0.0.1:59515 - R:localhost/127.0.0.1:2690] for POST '/session/1d17cba2db6a7aededa6c8addbfcc1f0/element'
[DEBUG] 

Request DefaultHttpRequest(decodeResult: success, version: HTTP/1.1)
POST /session/1d17cba2db6a7aededa6c8addbfcc1f0/element HTTP/1.1
User-Agent: selenium/4.6.0 (java windows)
Content-Length: 128
Content-Type: application/json; charset=utf-8
host: localhost:2690
accept: */*

Response DefaultHttpResponse(decodeResult: success, version: HTTP/1.1)
HTTP/1.1 200 OK
Content-Type: application/json; charset=utf-8
cache-control: no-cache
content-length: 88

[DEBUG] Adding key: http://localhost:2690 for channel [id: 0xe5765420, L:/127.0.0.1:59515 - R:localhost/127.0.0.1:2690]
[DEBUG] Using pooled Channel '[id: 0xe5765420, L:/127.0.0.1:59515 - R:localhost/127.0.0.1:2690]' for 'GET' to 'http://localhost:2690/session/1d17cba2db6a7aededa6c8addbfcc1f0/element/5f90bc0c-c051-4d0e-b0e1-fb4aec4b9a68/text'
[DEBUG] Using open Channel [id: 0xe5765420, L:/127.0.0.1:59515 - R:localhost/127.0.0.1:2690] for GET '/session/1d17cba2db6a7aededa6c8addbfcc1f0/element/5f90bc0c-c051-4d0e-b0e1-fb4aec4b9a68/text'
[DEBUG] 

Request DefaultFullHttpRequest(decodeResult: success, version: HTTP/1.1, content: EmptyByteBufBE)
GET /session/1d17cba2db6a7aededa6c8addbfcc1f0/element/5f90bc0c-c051-4d0e-b0e1-fb4aec4b9a68/text HTTP/1.1
User-Agent: selenium/4.6.0 (java windows)
Cache-Control: no-cache
Content-Type: application/json; charset=utf-8
host: localhost:2690
accept: */*

Response DefaultHttpResponse(decodeResult: success, version: HTTP/1.1)
HTTP/1.1 200 OK
Content-Type: application/json; charset=utf-8
cache-control: no-cache
content-length: 19

[DEBUG] Adding key: http://localhost:2690 for channel [id: 0xe5765420, L:/127.0.0.1:59515 - R:localhost/127.0.0.1:2690]
[DEBUG] Using pooled Channel '[id: 0xe5765420, L:/127.0.0.1:59515 - R:localhost/127.0.0.1:2690]' for 'POST' to 'http://localhost:2690/session/1d17cba2db6a7aededa6c8addbfcc1f0/element'
[DEBUG] Using open Channel [id: 0xe5765420, L:/127.0.0.1:59515 - R:localhost/127.0.0.1:2690] for POST '/session/1d17cba2db6a7aededa6c8addbfcc1f0/element'
[DEBUG] 

Request DefaultHttpRequest(decodeResult: success, version: HTTP/1.1)
POST /session/1d17cba2db6a7aededa6c8addbfcc1f0/element HTTP/1.1
User-Agent: selenium/4.6.0 (java windows)
Content-Length: 128
Content-Type: application/json; charset=utf-8
host: localhost:2690
accept: */*

Response DefaultHttpResponse(decodeResult: success, version: HTTP/1.1)
HTTP/1.1 200 OK
Content-Type: application/json; charset=utf-8
cache-control: no-cache
content-length: 88

[DEBUG] Adding key: http://localhost:2690 for channel [id: 0xe5765420, L:/127.0.0.1:59515 - R:localhost/127.0.0.1:2690]
[DEBUG] Using pooled Channel '[id: 0xe5765420, L:/127.0.0.1:59515 - R:localhost/127.0.0.1:2690]' for 'GET' to 'http://localhost:2690/session/1d17cba2db6a7aededa6c8addbfcc1f0/element/f328b17a-376d-4858-aaed-ac372143c453/text'
[DEBUG] Using open Channel [id: 0xe5765420, L:/127.0.0.1:59515 - R:localhost/127.0.0.1:2690] for GET '/session/1d17cba2db6a7aededa6c8addbfcc1f0/element/f328b17a-376d-4858-aaed-ac372143c453/text'
[DEBUG] 

Request DefaultFullHttpRequest(decodeResult: success, version: HTTP/1.1, content: EmptyByteBufBE)
GET /session/1d17cba2db6a7aededa6c8addbfcc1f0/element/f328b17a-376d-4858-aaed-ac372143c453/text HTTP/1.1
User-Agent: selenium/4.6.0 (java windows)
Cache-Control: no-cache
Content-Type: application/json; charset=utf-8
host: localhost:2690
accept: */*

Response DefaultHttpResponse(decodeResult: success, version: HTTP/1.1)
HTTP/1.1 200 OK
Content-Type: application/json; charset=utf-8
cache-control: no-cache
content-length: 54

[DEBUG] Adding key: http://localhost:2690 for channel [id: 0xe5765420, L:/127.0.0.1:59515 - R:localhost/127.0.0.1:2690]
[DEBUG] Using pooled Channel '[id: 0xe5765420, L:/127.0.0.1:59515 - R:localhost/127.0.0.1:2690]' for 'POST' to 'http://localhost:2690/session/1d17cba2db6a7aededa6c8addbfcc1f0/element'
[DEBUG] Using open Channel [id: 0xe5765420, L:/127.0.0.1:59515 - R:localhost/127.0.0.1:2690] for POST '/session/1d17cba2db6a7aededa6c8addbfcc1f0/element'
[DEBUG] 

Request DefaultHttpRequest(decodeResult: success, version: HTTP/1.1)
POST /session/1d17cba2db6a7aededa6c8addbfcc1f0/element HTTP/1.1
User-Agent: selenium/4.6.0 (java windows)
Content-Length: 128
Content-Type: application/json; charset=utf-8
host: localhost:2690
accept: */*

Response DefaultHttpResponse(decodeResult: success, version: HTTP/1.1)
HTTP/1.1 200 OK
Content-Type: application/json; charset=utf-8
cache-control: no-cache
content-length: 88

[DEBUG] Adding key: http://localhost:2690 for channel [id: 0xe5765420, L:/127.0.0.1:59515 - R:localhost/127.0.0.1:2690]
[DEBUG] Using pooled Channel '[id: 0xe5765420, L:/127.0.0.1:59515 - R:localhost/127.0.0.1:2690]' for 'GET' to 'http://localhost:2690/session/1d17cba2db6a7aededa6c8addbfcc1f0/element/57940942-faeb-479c-82b1-6508c2e7f6b0/text'
[DEBUG] Using open Channel [id: 0xe5765420, L:/127.0.0.1:59515 - R:localhost/127.0.0.1:2690] for GET '/session/1d17cba2db6a7aededa6c8addbfcc1f0/element/57940942-faeb-479c-82b1-6508c2e7f6b0/text'
[DEBUG] 

Request DefaultFullHttpRequest(decodeResult: success, version: HTTP/1.1, content: EmptyByteBufBE)
GET /session/1d17cba2db6a7aededa6c8addbfcc1f0/element/57940942-faeb-479c-82b1-6508c2e7f6b0/text HTTP/1.1
User-Agent: selenium/4.6.0 (java windows)
Cache-Control: no-cache
Content-Type: application/json; charset=utf-8
host: localhost:2690
accept: */*

Response DefaultHttpResponse(decodeResult: success, version: HTTP/1.1)
HTTP/1.1 200 OK
Content-Type: application/json; charset=utf-8
cache-control: no-cache
content-length: 28

[DEBUG] Adding key: http://localhost:2690 for channel [id: 0xe5765420, L:/127.0.0.1:59515 - R:localhost/127.0.0.1:2690]
[DEBUG] Using pooled Channel '[id: 0xe5765420, L:/127.0.0.1:59515 - R:localhost/127.0.0.1:2690]' for 'POST' to 'http://localhost:2690/session/1d17cba2db6a7aededa6c8addbfcc1f0/element'
[DEBUG] Using open Channel [id: 0xe5765420, L:/127.0.0.1:59515 - R:localhost/127.0.0.1:2690] for POST '/session/1d17cba2db6a7aededa6c8addbfcc1f0/element'
[DEBUG] 

Request DefaultHttpRequest(decodeResult: success, version: HTTP/1.1)
POST /session/1d17cba2db6a7aededa6c8addbfcc1f0/element HTTP/1.1
User-Agent: selenium/4.6.0 (java windows)
Content-Length: 128
Content-Type: application/json; charset=utf-8
host: localhost:2690
accept: */*

Response DefaultHttpResponse(decodeResult: success, version: HTTP/1.1)
HTTP/1.1 200 OK
Content-Type: application/json; charset=utf-8
cache-control: no-cache
content-length: 88

[DEBUG] Adding key: http://localhost:2690 for channel [id: 0xe5765420, L:/127.0.0.1:59515 - R:localhost/127.0.0.1:2690]
[DEBUG] Using pooled Channel '[id: 0xe5765420, L:/127.0.0.1:59515 - R:localhost/127.0.0.1:2690]' for 'GET' to 'http://localhost:2690/session/1d17cba2db6a7aededa6c8addbfcc1f0/element/b41a06d1-6a36-459e-aeab-45996224a23d/text'
[DEBUG] Using open Channel [id: 0xe5765420, L:/127.0.0.1:59515 - R:localhost/127.0.0.1:2690] for GET '/session/1d17cba2db6a7aededa6c8addbfcc1f0/element/b41a06d1-6a36-459e-aeab-45996224a23d/text'
[DEBUG] 

Request DefaultFullHttpRequest(decodeResult: success, version: HTTP/1.1, content: EmptyByteBufBE)
GET /session/1d17cba2db6a7aededa6c8addbfcc1f0/element/b41a06d1-6a36-459e-aeab-45996224a23d/text HTTP/1.1
User-Agent: selenium/4.6.0 (java windows)
Cache-Control: no-cache
Content-Type: application/json; charset=utf-8
host: localhost:2690
accept: */*

Response DefaultHttpResponse(decodeResult: success, version: HTTP/1.1)
HTTP/1.1 200 OK
Content-Type: application/json; charset=utf-8
cache-control: no-cache
content-length: 23

[DEBUG] Adding key: http://localhost:2690 for channel [id: 0xe5765420, L:/127.0.0.1:59515 - R:localhost/127.0.0.1:2690]
[DEBUG] Using pooled Channel '[id: 0xe5765420, L:/127.0.0.1:59515 - R:localhost/127.0.0.1:2690]' for 'POST' to 'http://localhost:2690/session/1d17cba2db6a7aededa6c8addbfcc1f0/element'
[DEBUG] Using open Channel [id: 0xe5765420, L:/127.0.0.1:59515 - R:localhost/127.0.0.1:2690] for POST '/session/1d17cba2db6a7aededa6c8addbfcc1f0/element'
[DEBUG] 

Request DefaultHttpRequest(decodeResult: success, version: HTTP/1.1)
POST /session/1d17cba2db6a7aededa6c8addbfcc1f0/element HTTP/1.1
User-Agent: selenium/4.6.0 (java windows)
Content-Length: 128
Content-Type: application/json; charset=utf-8
host: localhost:2690
accept: */*

Response DefaultHttpResponse(decodeResult: success, version: HTTP/1.1)
HTTP/1.1 200 OK
Content-Type: application/json; charset=utf-8
cache-control: no-cache
content-length: 88

[DEBUG] Adding key: http://localhost:2690 for channel [id: 0xe5765420, L:/127.0.0.1:59515 - R:localhost/127.0.0.1:2690]
[DEBUG] Using pooled Channel '[id: 0xe5765420, L:/127.0.0.1:59515 - R:localhost/127.0.0.1:2690]' for 'GET' to 'http://localhost:2690/session/1d17cba2db6a7aededa6c8addbfcc1f0/element/e218eec0-10b7-419b-a09a-2644b7023259/text'
[DEBUG] Using open Channel [id: 0xe5765420, L:/127.0.0.1:59515 - R:localhost/127.0.0.1:2690] for GET '/session/1d17cba2db6a7aededa6c8addbfcc1f0/element/e218eec0-10b7-419b-a09a-2644b7023259/text'
[DEBUG] 

Request DefaultFullHttpRequest(decodeResult: success, version: HTTP/1.1, content: EmptyByteBufBE)
GET /session/1d17cba2db6a7aededa6c8addbfcc1f0/element/e218eec0-10b7-419b-a09a-2644b7023259/text HTTP/1.1
User-Agent: selenium/4.6.0 (java windows)
Cache-Control: no-cache
[...]

[DEBUG] Adding key: http://localhost:2690 for channel [id: 0xe5765420, L:/127.0.0.1:59515 - R:localhost/127.0.0.1:2690]
[DEBUG] Using pooled Channel '[id: 0xe5765420, L:/127.0.0.1:59515 - R:localhost/127.0.0.1:2690]' for 'POST' to 'http://localhost:2690/session/1d17cba2db6a7aededa6c8addbfcc1f0/elements'
[DEBUG] Using open Channel [id: 0xe5765420, L:/127.0.0.1:59515 - R:localhost/127.0.0.1:2690] for POST '/session/1d17cba2db6a7aededa6c8addbfcc1f0/elements'
[DEBUG] 

Request DefaultHttpRequest(decodeResult: success, version: HTTP/1.1)
POST /session/1d17cba2db6a7aededa6c8addbfcc1f0/elements HTTP/1.1
User-Agent: selenium/4.6.0 (java windows)
Content-Length: 129
Content-Type: application/json; charset=utf-8
host: localhost:2690
accept: */*

Response DefaultHttpResponse(decodeResult: success, version: HTTP/1.1)
HTTP/1.1 200 OK
Content-Type: application/json; charset=utf-8
cache-control: no-cache
content-length: 90

[DEBUG] Adding key: http://localhost:2690 for channel [id: 0xe5765420, L:/127.0.0.1:59515 - R:localhost/127.0.0.1:2690]
[DEBUG] Using pooled Channel '[id: 0xe5765420, L:/127.0.0.1:59515 - R:localhost/127.0.0.1:2690]' for 'GET' to 'http://localhost:2690/session/1d17cba2db6a7aededa6c8addbfcc1f0/element/8fb27b6f-7df9-4854-bbf0-406d81247bda/text'
[DEBUG] Using open Channel [id: 0xe5765420, L:/127.0.0.1:59515 - R:localhost/127.0.0.1:2690] for GET '/session/1d17cba2db6a7aededa6c8addbfcc1f0/element/8fb27b6f-7df9-4854-bbf0-406d81247bda/text'
[DEBUG] 

Request DefaultFullHttpRequest(decodeResult: success, version: HTTP/1.1, content: EmptyByteBufBE)
GET /session/1d17cba2db6a7aededa6c8addbfcc1f0/element/8fb27b6f-7df9-4854-bbf0-406d81247bda/text HTTP/1.1
User-Agent: selenium/4.6.0 (java windows)
Cache-Control: no-cache
Content-Type: application/json; charset=utf-8
host: localhost:2690
accept: */*

Response DefaultHttpResponse(decodeResult: success, version: HTTP/1.1)
HTTP/1.1 200 OK
Content-Type: application/json; charset=utf-8
cache-control: no-cache
content-length: 28

[DEBUG] Adding key: http://localhost:2690 for channel [id: 0xe5765420, L:/127.0.0.1:59515 - R:localhost/127.0.0.1:2690]
[DEBUG] Using pooled Channel '[id: 0xe5765420, L:/127.0.0.1:59515 - R:localhost/127.0.0.1:2690]' for 'POST' to 'http://localhost:2690/session/1d17cba2db6a7aededa6c8addbfcc1f0/element'
[DEBUG] Using open Channel [id: 0xe5765420, L:/127.0.0.1:59515 - R:localhost/127.0.0.1:2690] for POST '/session/1d17cba2db6a7aededa6c8addbfcc1f0/element'
[DEBUG] 

Request DefaultHttpRequest(decodeResult: success, version: HTTP/1.1)
POST /session/1d17cba2db6a7aededa6c8addbfcc1f0/element HTTP/1.1
User-Agent: selenium/4.6.0 (java windows)
Content-Length: 129
Content-Type: application/json; charset=utf-8
host: localhost:2690
accept: */*

Response DefaultHttpResponse(decodeResult: success, version: HTTP/1.1)
HTTP/1.1 200 OK
Content-Type: application/json; charset=utf-8
cache-control: no-cache
content-length: 88

[DEBUG] Adding key: http://localhost:2690 for channel [id: 0xe5765420, L:/127.0.0.1:59515 - R:localhost/127.0.0.1:2690]
[DEBUG] Using pooled Channel '[id: 0xe5765420, L:/127.0.0.1:59515 - R:localhost/127.0.0.1:2690]' for 'GET' to 'http://localhost:2690/session/1d17cba2db6a7aededa6c8addbfcc1f0/element/cebf5e3f-42c3-462e-ba19-299b42914792/text'
[DEBUG] Using open Channel [id: 0xe5765420, L:/127.0.0.1:59515 - R:localhost/127.0.0.1:2690] for GET '/session/1d17cba2db6a7aededa6c8addbfcc1f0/element/cebf5e3f-42c3-462e-ba19-299b42914792/text'
[DEBUG] 

Request DefaultFullHttpRequest(decodeResult: success, version: HTTP/1.1, content: EmptyByteBufBE)
GET /session/1d17cba2db6a7aededa6c8addbfcc1f0/element/cebf5e3f-42c3-462e-ba19-299b42914792/text HTTP/1.1
User-Agent: selenium/4.6.0 (java windows)
Cache-Control: no-cache
Content-Type: application/json; charset=utf-8
host: localhost:2690
accept: */*

Response DefaultHttpResponse(decodeResult: success, version: HTTP/1.1)
HTTP/1.1 200 OK
Content-Type: application/json; charset=utf-8
cache-control: no-cache
content-length: 28

[DEBUG] Adding key: http://localhost:2690 for channel [id: 0xe5765420, L:/127.0.0.1:59515 - R:localhost/127.0.0.1:2690]
[DEBUG] Using pooled Channel '[id: 0xe5765420, L:/127.0.0.1:59515 - R:localhost/127.0.0.1:2690]' for 'POST' to 'http://localhost:2690/session/1d17cba2db6a7aededa6c8addbfcc1f0/elements'
[DEBUG] Using open Channel [id: 0xe5765420, L:/127.0.0.1:59515 - R:localhost/127.0.0.1:2690] for POST '/session/1d17cba2db6a7aededa6c8addbfcc1f0/elements'
[DEBUG] 

Request DefaultHttpRequest(decodeResult: success, version: HTTP/1.1)
POST /session/1d17cba2db6a7aededa6c8addbfcc1f0/elements HTTP/1.1
User-Agent: selenium/4.6.0 (java windows)
Content-Length: 129
Content-Type: application/json; charset=utf-8
host: localhost:2690
accept: */*

Response DefaultHttpResponse(decodeResult: success, version: HTTP/1.1)
HTTP/1.1 200 OK
Content-Type: application/json; charset=utf-8
cache-control: no-cache
content-length: 90

[DEBUG] Adding key: http://localhost:2690 for channel [id: 0xe5765420, L:/127.0.0.1:59515 - R:localhost/127.0.0.1:2690]
[DEBUG] Using pooled Channel '[id: 0xe5765420, L:/127.0.0.1:59515 - R:localhost/127.0.0.1:2690]' for 'GET' to 'http://localhost:2690/session/1d17cba2db6a7aededa6c8addbfcc1f0/element/b2b04a9a-87c6-422f-9d93-de6350e3efc4/text'
[DEBUG] Using open Channel [id: 0xe5765420, L:/127.0.0.1:59515 - R:localhost/127.0.0.1:2690] for GET '/session/1d17cba2db6a7aededa6c8addbfcc1f0/element/b2b04a9a-87c6-422f-9d93-de6350e3efc4/text'
[DEBUG] 

Request DefaultFullHttpRequest(decodeResult: success, version: HTTP/1.1, content: EmptyByteBufBE)
GET /session/1d17cba2db6a7aededa6c8addbfcc1f0/element/b2b04a9a-87c6-422f-9d93-de6350e3efc4/text HTTP/1.1
User-Agent: selenium/4.6.0 (java windows)
Cache-Control: no-cache
Content-Type: application/json; charset=utf-8
host: localhost:2690
accept: */*

Response DefaultHttpResponse(decodeResult: success, version: HTTP/1.1)
HTTP/1.1 200 OK
Content-Type: application/json; charset=utf-8
cache-control: no-cache
content-length: 23

[DEBUG] Adding key: http://localhost:2690 for channel [id: 0xe5765420, L:/127.0.0.1:59515 - R:localhost/127.0.0.1:2690]
[DEBUG] Using pooled Channel '[id: 0xe5765420, L:/127.0.0.1:59515 - R:localhost/127.0.0.1:2690]' for 'POST' to 'http://localhost:2690/session/1d17cba2db6a7aededa6c8addbfcc1f0/elements'
[DEBUG] Using open Channel [id: 0xe5765420, L:/127.0.0.1:59515 - R:localhost/127.0.0.1:2690] for POST '/session/1d17cba2db6a7aededa6c8addbfcc1f0/elements'
[DEBUG] 

Request DefaultHttpRequest(decodeResult: success, version: HTTP/1.1)
POST /session/1d17cba2db6a7aededa6c8addbfcc1f0/elements HTTP/1.1
User-Agent: selenium/4.6.0 (java windows)
Content-Length: 129
Content-Type: application/json; charset=utf-8
host: localhost:2690
accept: */*

Response DefaultHttpResponse(decodeResult: success, version: HTTP/1.1)
HTTP/1.1 200 OK
Content-Type: application/json; charset=utf-8
cache-control: no-cache
content-length: 90

[DEBUG] Adding key: http://localhost:2690 for channel [id: 0xe5765420, L:/127.0.0.1:59515 - R:localhost/127.0.0.1:2690]
[DEBUG] Using pooled Channel '[id: 0xe5765420, L:/127.0.0.1:59515 - R:localhost/127.0.0.1:2690]' for 'GET' to 'http://localhost:2690/session/1d17cba2db6a7aededa6c8addbfcc1f0/element/ca335106-fe40-4528-bc0b-bd0c172b06fe/text'
[DEBUG] Using open Channel [id: 0xe5765420, L:/127.0.0.1:59515 - R:localhost/127.0.0.1:2690] for GET '/session/1d17cba2db6a7aededa6c8addbfcc1f0/element/ca335106-fe40-4528-bc0b-bd0c172b06fe/text'
[DEBUG] 

Request DefaultFullHttpRequest(decodeResult: success, version: HTTP/1.1, content: EmptyByteBufBE)
GET /session/1d17cba2db6a7aededa6c8addbfcc1f0/element/ca335106-fe40-4528-bc0b-bd0c172b06fe/text HTTP/1.1
User-Agent: selenium/4.6.0 (java windows)
Cache-Control: no-cache
Content-Type: application/json; charset=utf-8
host: localhost:2690
accept: */*

Response DefaultHttpResponse(decodeResult: success, version: HTTP/1.1)
HTTP/1.1 200 OK
Content-Type: application/json; charset=utf-8
cache-control: no-cache
content-length: 18

[DEBUG] Adding key: http://localhost:2690 for channel [id: 0xe5765420, L:/127.0.0.1:59515 - R:localhost/127.0.0.1:2690]
[DEBUG] Using pooled Channel '[id: 0xe5765420, L:/127.0.0.1:59515 - R:localhost/127.0.0.1:2690]' for 'POST' to 'http://localhost:2690/session/1d17cba2db6a7aededa6c8addbfcc1f0/elements'
[DEBUG] Using open Channel [id: 0xe5765420, L:/127.0.0.1:59515 - R:localhost/127.0.0.1:2690] for POST '/session/1d17cba2db6a7aededa6c8addbfcc1f0/elements'
[DEBUG] 

Request DefaultHttpRequest(decodeResult: success, version: HTTP/1.1)
POST /session/1d17cba2db6a7aededa6c8addbfcc1f0/elements HTTP/1.1
User-Agent: selenium/4.6.0 (java windows)
Content-Length: 129
Content-Type: application/json; charset=utf-8
host: localhost:2690
accept: */*

Response DefaultHttpResponse(decodeResult: success, version: HTTP/1.1)
HTTP/1.1 200 OK
Content-Type: application/json; charset=utf-8
cache-control: no-cache
content-length: 90

[DEBUG] Adding key: http://localhost:2690 for channel [id: 0xe5765420, L:/127.0.0.1:59515 - R:localhost/127.0.0.1:2690]
[DEBUG] Using pooled Channel '[id: 0xe5765420, L:/127.0.0.1:59515 - R:localhost/127.0.0.1:2690]' for 'GET' to 'http://localhost:2690/session/1d17cba2db6a7aededa6c8addbfcc1f0/element/25d918b0-9894-4444-a684-cbdf8ba80723/text'
[DEBUG] Using open Channel [id: 0xe5765420, L:/127.0.0.1:59515 - R:localhost/127.0.0.1:2690] for GET '/session/1d17cba2db6a7aededa6c8addbfcc1f0/element/25d918b0-9894-4444-a684-cbdf8ba80723/text'
[DEBUG] 

Request DefaultFullHttpRequest(decodeResult: success, version: HTTP/1.1, content: EmptyByteBufBE)
GET /session/1d17cba2db6a7aededa6c8addbfcc1f0/element/25d918b0-9894-4444-a684-cbdf8ba80723/text HTTP/1.1
User-Agent: selenium/4.6.0 (java windows)
Cache-Control: no-cache
Content-Type: application/json; charset=utf-8
host: localhost:2690
accept: */*

Response DefaultHttpResponse(decodeResult: success, version: HTTP/1.1)
HTTP/1.1 200 OK
Content-Type: application/json; charset=utf-8
cache-control: no-cache
content-length: 45

[DEBUG] Adding key: http://localhost:2690 for channel [id: 0xe5765420, L:/127.0.0.1:59515 - R:localhost/127.0.0.1:2690]
[DEBUG] Using pooled Channel '[id: 0xe5765420, L:/127.0.0.1:59515 - R:localhost/127.0.0.1:2690]' for 'POST' to 'http://localhost:2690/session/1d17cba2db6a7aededa6c8addbfcc1f0/elements'
[DEBUG] Using open Channel [id: 0xe5765420, L:/127.0.0.1:59515 - R:localhost/127.0.0.1:2690] for POST '/session/1d17cba2db6a7aededa6c8addbfcc1f0/elements'
[DEBUG] 

Request DefaultHttpRequest(decodeResult: success, version: HTTP/1.1)
POST /session/1d17cba2db6a7aededa6c8addbfcc1f0/elements HTTP/1.1
User-Agent: selenium/4.6.0 (java windows)
Content-Length: 129
Content-Type: application/json; charset=utf-8
host: localhost:2690
accept: */*

Response DefaultHttpResponse(decodeResult: success, version: HTTP/1.1)
HTTP/1.1 200 OK
Content-Type: application/json; charset=utf-8
cache-control: no-cache
content-length: 90

[DEBUG] Adding key: http://localhost:2690 for channel [id: 0xe5765420, L:/127.0.0.1:59515 - R:localhost/127.0.0.1:2690]
[DEBUG] Using pooled Channel '[id: 0xe5765420, L:/127.0.0.1:59515 - R:localhost/127.0.0.1:2690]' for 'GET' to 'http://localhost:2690/session/1d17cba2db6a7aededa6c8addbfcc1f0/element/cebf5e3f-42c3-462e-ba19-299b42914792/text'
[DEBUG] Using open Channel [id: 0xe5765420, L:/127.0.0.1:59515 - R:localhost/127.0.0.1:2690] for GET '/session/1d17cba2db6a7aededa6c8addbfcc1f0/element/cebf5e3f-42c3-462e-ba19-299b42914792/text'
[DEBUG] 

Request DefaultFullHttpRequest(decodeResult: success, version: HTTP/1.1, content: EmptyByteBufBE)
GET /session/1d17cba2db6a7aededa6c8addbfcc1f0/element/cebf5e3f-42c3-462e-ba19-299b42914792/text HTTP/1.1
User-Agent: selenium/4.6.0 (java windows)
Cache-Control: no-cache
Content-Type: application/json; charset=utf-8
host: localhost:2690
accept: */*

Response DefaultHttpResponse(decodeResult: success, version: HTTP/1.1)
HTTP/1.1 200 OK
Content-Type: application/json; charset=utf-8
cache-control: no-cache
content-length: 28

[DEBUG] Adding key: http://localhost:2690 for channel [id: 0xe5765420, L:/127.0.0.1:59515 - R:localhost/127.0.0.1:2690]
[DEBUG] Using pooled Channel '[id: 0xe5765420, L:/127.0.0.1:59515 - R:localhost/127.0.0.1:2690]' for 'POST' to 'http://localhost:2690/session/1d17cba2db6a7aededa6c8addbfcc1f0/element'
[DEBUG] Using open Channel [id: 0xe5765420, L:/127.0.0.1:59515 - R:localhost/127.0.0.1:2690] for POST '/session/1d17cba2db6a7aededa6c8addbfcc1f0/element'
[DEBUG] 

Request DefaultHttpRequest(decodeResult: success, version: HTTP/1.1)
POST /session/1d17cba2db6a7aededa6c8addbfcc1f0/element HTTP/1.1
User-Agent: selenium/4.6.0 (java windows)
Content-Length: 129
Content-Type: application/json; charset=utf-8
host: localhost:2690
accept: */*

Response DefaultHttpResponse(decodeResult: success, version: HTTP/1.1)
HTTP/1.1 200 OK
Content-Type: application/json; charset=utf-8
cache-control: no-cache
content-length: 88

[DEBUG] Adding key: http://localhost:2690 for channel [id: 0xe5765420, L:/127.0.0.1:59515 - R:localhost/127.0.0.1:2690]
[DEBUG] Using pooled Channel '[id: 0xe5765420, L:/127.0.0.1:59515 - R:localhost/127.0.0.1:2690]' for 'GET' to 'http://localhost:2690/session/1d17cba2db6a7aededa6c8addbfcc1f0/element/f1f8b7cc-3f89-4a61-a386-041810fe9c25/text'
[DEBUG] Using open Channel [id: 0xe5765420, L:/127.0.0.1:59515 - R:localhost/127.0.0.1:2690] for GET '/session/1d17cba2db6a7aededa6c8addbfcc1f0/element/f1f8b7cc-3f89-4a61-a386-041810fe9c25/text'
[DEBUG] 

Request DefaultFullHttpRequest(decodeResult: success, version: HTTP/1.1, content: EmptyByteBufBE)
GET /session/1d17cba2db6a7aededa6c8addbfcc1f0/element/f1f8b7cc-3f89-4a61-a386-041810fe9c25/text HTTP/1.1
User-Agent: selenium/4.6.0 (java windows)
Cache-Control: no-cache
Content-Type: application/json; charset=utf-8
host: localhost:2690
accept: */*

Response DefaultHttpResponse(decodeResult: success, version: HTTP/1.1)
HTTP/1.1 200 OK
Content-Type: application/json; charset=utf-8
cache-control: no-cache
content-length: 26

[DEBUG] Adding key: http://localhost:2690 for channel [id: 0xe5765420, L:/127.0.0.1:59515 - R:localhost/127.0.0.1:2690]
  And user can generate a report based on the holiday type                                 # com.lms.stepdefinition.LMSHolidayListSteps.user_can_generate_a_report_based_on_the_holiday_type()
[DEBUG] Using pooled Channel '[id: 0xe5765420, L:/127.0.0.1:59515 - R:localhost/127.0.0.1:2690]' for 'GET' to 'http://localhost:2690/session/1d17cba2db6a7aededa6c8addbfcc1f0/screenshot'
[DEBUG] Using open Channel [id: 0xe5765420, L:/127.0.0.1:59515 - R:localhost/127.0.0.1:2690] for GET '/session/1d17cba2db6a7aededa6c8addbfcc1f0/screenshot'
[DEBUG] 

Request DefaultFullHttpRequest(decodeResult: success, version: HTTP/1.1, content: EmptyByteBufBE)
GET /session/1d17cba2db6a7aededa6c8addbfcc1f0/screenshot HTTP/1.1
User-Agent: selenium/4.6.0 (java windows)
Cache-Control: no-cache
Content-Type: application/json; charset=utf-8
host: localhost:2690
accept: */*

Response DefaultHttpResponse(decodeResult: success, version: HTTP/1.1)
HTTP/1.1 200 OK
Content-Type: application/json; charset=utf-8
cache-control: no-cache
content-length: 254432

[DEBUG] Adding key: http://localhost:2690 for channel [id: 0xe5765420, L:/127.0.0.1:59515 - R:localhost/127.0.0.1:2690]

    Embedding User_is_able_to_validate_the_count_of_Public_Holidays_on_LMS_and_generate_report [image/png 190813 bytes]

[DEBUG] Using pooled Channel '[id: 0xe5765420, L:/127.0.0.1:59515 - R:localhost/127.0.0.1:2690]' for 'DELETE' to 'http://localhost:2690/session/1d17cba2db6a7aededa6c8addbfcc1f0'
[DEBUG] Using open Channel [id: 0xe5765420, L:/127.0.0.1:59515 - R:localhost/127.0.0.1:2690] for DELETE '/session/1d17cba2db6a7aededa6c8addbfcc1f0'
[DEBUG] Channel Closed: [id: 0x0c34dc0e, L:/127.0.0.1:59535 ! R:localhost/127.0.0.1:59518] with attribute NettyResponseFuture{currentRetry=0,
	isDone=1,
	isCancelled=0,
	asyncHandler=org.asynchttpclient.ws.WebSocketUpgradeHandler@379c6266,
	nettyRequest=org.asynchttpclient.netty.request.NettyRequest@2b0f8e20,
	future=java.util.concurrent.CompletableFuture@6c7972d6[Completed normally],
	uri=ws://localhost:59518/devtools/browser/a37ac6dc-e0f0-4d64-a271-87e34771ebe7,
	keepAlive=true,
	redirectCount=0,
	timeoutsHolder=null,
	inAuth=0,
	touch=1676960397119}
[DEBUG] Closing Channel [id: 0x0c34dc0e, L:/127.0.0.1:59535 ! R:localhost/127.0.0.1:59518] 
[DEBUG] Unexpected I/O exception on channel [id: 0x98f71934, L:/127.0.0.1:59533 - R:localhost/127.0.0.1:59518]
java.net.SocketException: Connection reset
	at java.base/sun.nio.ch.SocketChannelImpl.throwConnectionReset(SocketChannelImpl.java:394) ~[na:na]
	at java.base/sun.nio.ch.SocketChannelImpl.read(SocketChannelImpl.java:426) ~[na:na]
	at io.netty.buffer.PooledByteBuf.setBytes(PooledByteBuf.java:259) ~[netty-buffer-4.1.84.Final.jar:4.1.84.Final]
	at io.netty.buffer.AbstractByteBuf.writeBytes(AbstractByteBuf.java:1132) ~[netty-buffer-4.1.84.Final.jar:4.1.84.Final]
	at io.netty.channel.socket.nio.NioSocketChannel.doReadBytes(NioSocketChannel.java:357) ~[netty-transport-4.1.84.Final.jar:4.1.84.Final]
	at io.netty.channel.nio.AbstractNioByteChannel$NioByteUnsafe.read(AbstractNioByteChannel.java:151) ~[netty-transport-4.1.84.Final.jar:4.1.84.Final]
	at io.netty.channel.nio.NioEventLoop.processSelectedKey(NioEventLoop.java:788) ~[netty-transport-4.1.84.Final.jar:4.1.84.Final]
	at io.netty.channel.nio.NioEventLoop.processSelectedKeysOptimized(NioEventLoop.java:724) ~[netty-transport-4.1.84.Final.jar:4.1.84.Final]
	at io.netty.channel.nio.NioEventLoop.processSelectedKeys(NioEventLoop.java:650) ~[netty-transport-4.1.84.Final.jar:4.1.84.Final]
	at io.netty.channel.nio.NioEventLoop.run(NioEventLoop.java:562) ~[netty-transport-4.1.84.Final.jar:4.1.84.Final]
	at io.netty.util.concurrent.SingleThreadEventExecutor$4.run(SingleThreadEventExecutor.java:997) ~[netty-common-4.1.84.Final.jar:4.1.84.Final]
	at io.netty.util.internal.ThreadExecutorMap$2.run(ThreadExecutorMap.java:74) ~[netty-common-4.1.84.Final.jar:4.1.84.Final]
	at io.netty.util.concurrent.FastThreadLocalRunnable.run(FastThreadLocalRunnable.java:30) ~[netty-common-4.1.84.Final.jar:4.1.84.Final]
	at java.base/java.lang.Thread.run(Thread.java:833) ~[na:na]
[DEBUG] Closing Channel [id: 0x98f71934, L:/127.0.0.1:59533 - R:localhost/127.0.0.1:59518] 
[DEBUG] Channel Closed: [id: 0x98f71934, L:/127.0.0.1:59533 ! R:localhost/127.0.0.1:59518] with attribute DISCARD
[DEBUG] 

Request DefaultFullHttpRequest(decodeResult: success, version: HTTP/1.1, content: EmptyByteBufBE)
DELETE /session/1d17cba2db6a7aededa6c8addbfcc1f0 HTTP/1.1
User-Agent: selenium/4.6.0 (java windows)
Content-Type: application/json; charset=utf-8
host: localhost:2690
accept: */*

Response DefaultHttpResponse(decodeResult: success, version: HTTP/1.1)
HTTP/1.1 200 OK
Content-Type: application/json; charset=utf-8
cache-control: no-cache
content-length: 14

[DEBUG] Adding key: http://localhost:2690 for channel [id: 0xe5765420, L:/127.0.0.1:59515 - R:localhost/127.0.0.1:2690]
[DEBUG] Channel Closed: [id: 0xe5765420, L:/127.0.0.1:59515 ! R:localhost/127.0.0.1:2690] with attribute DISCARD
]]></system-out>
    <system-err><![CDATA[Starting Microsoft Edge WebDriver 110.0.1587.50 (05bf83b2e806ffb3a92b68f835d6bee390b3797e) on port 2690
To submit feedback, report a bug, or suggest new features, please visit https://github.com/MicrosoftEdge/EdgeWebDriver

Only local connections are allowed.
Please see https://aka.ms/WebDriverSecurity for suggestions on keeping Microsoft Edge WebDriver safe.

Microsoft Edge WebDriver was started successfully.
[1676960395.398][WARNING]: virtual void DevToolsClientImpl::AddListener(DevToolsEventListener *) subscribing a listener to the already connected DevToolsClient. Connection notification will not arrive.
Feb 21, 2023 11:49:57 AM org.openqa.selenium.devtools.CdpVersionFinder findNearestMatch
WARNING: Unable to find an exact match for CDP version 110, so returning the closest version found: 107
]]></system-err>
  </testcase>
</testsuite>